# JRE version: OpenJDK Runtime Environment Temurin-17.0.7+7 (17.0.7+7) (build 17.0.7+7)
# Java VM: OpenJDK 64-Bit Server VM Temurin-17.0.7+7 (17.0.7+7, mixed mode, emulated-client, tiered, compressed oops, compressed class ptrs, g1 gc, windows-amd64)
GC Precious Log:
 CPUs: 8 total, 8 available
 Memory: 8103M
 Large Page Support: Disabled
 NUMA Support: Disabled
 Compressed Oops: Enabled (32-bit)
 Heap Region Size: 1M
 Heap Min Capacity: 8M
 Heap Initial Capacity: 128M
 Heap Max Capacity: 1G
 Pre-touch: Disabled
 Parallel Workers: 8
 Concurrent Workers: 2
 Concurrent Refinement Workers: 8
 Periodic GC: Disabled
Heap:
 garbage-first heap   total 102400K, used 43957K [0x00000000c0000000, 0x0000000100000000)
  region size 1024K, 3 young (3072K), 3 survivors (3072K)
 Metaspace       used 41849K, committed 42240K, reserved 1114112K
  class space    used 5239K, committed 5440K, reserved 1048576K
GC Heap History (20 events):
Event: 2.175 GC heap after
{Heap after GC invocations=6 (full 0):
 garbage-first heap   total 58368K, used 18759K [0x00000000c0000000, 0x0000000100000000)
  region size 1024K, 2 young (2048K), 2 survivors (2048K)
 Metaspace       used 29930K, committed 30208K, reserved 1114112K
  class space    used 3542K, committed 3648K, reserved 1048576K
}
Event: 2.525 GC heap before
{Heap before GC invocations=6 (full 0):
 garbage-first heap   total 58368K, used 38215K [0x00000000c0000000, 0x0000000100000000)
  region size 1024K, 22 young (22528K), 2 survivors (2048K)
 Metaspace       used 33132K, committed 33472K, reserved 1114112K
  class space    used 3996K, committed 4160K, reserved 1048576K
}
Event: 2.532 GC heap after
{Heap after GC invocations=7 (full 0):
 garbage-first heap   total 58368K, used 20962K [0x00000000c0000000, 0x0000000100000000)
  region size 1024K, 3 young (3072K), 3 survivors (3072K)
 Metaspace       used 33132K, committed 33472K, reserved 1114112K
  class space    used 3996K, committed 4160K, reserved 1048576K
}
Event: 2.790 GC heap before
{Heap before GC invocations=7 (full 0):
 garbage-first heap   total 58368K, used 38370K [0x00000000c0000000, 0x0000000100000000)
  region size 1024K, 21 young (21504K), 3 survivors (3072K)
 Metaspace       used 35949K, committed 36288K, reserved 1114112K
  class space    used 4368K, committed 4544K, reserved 1048576K
}
Event: 2.798 GC heap after
{Heap after GC invocations=8 (full 0):
 garbage-first heap   total 58368K, used 22204K [0x00000000c0000000, 0x0000000100000000)
  region size 1024K, 2 young (2048K), 2 survivors (2048K)
 Metaspace       used 35949K, committed 36288K, reserved 1114112K
  class space    used 4368K, committed 4544K, reserved 1048576K
}
Event: 3.156 GC heap before
{Heap before GC invocations=9 (full 0):
 garbage-first heap   total 58368K, used 41660K [0x00000000c0000000, 0x0000000100000000)
  region size 1024K, 21 young (21504K), 2 survivors (2048K)
 Metaspace       used 39356K, committed 39744K, reserved 1114112K
  class space    used 4895K, committed 5056K, reserved 1048576K
}
Event: 3.159 GC heap after
{Heap after GC invocations=10 (full 0):
 garbage-first heap   total 58368K, used 23586K [0x00000000c0000000, 0x0000000100000000)
  region size 1024K, 3 young (3072K), 3 survivors (3072K)
 Metaspace       used 39356K, committed 39744K, reserved 1114112K
  class space    used 4895K, committed 5056K, reserved 1048576K
}
Event: 3.289 GC heap before
{Heap before GC invocations=10 (full 0):
 garbage-first heap   total 58368K, used 43042K [0x00000000c0000000, 0x0000000100000000)
  region size 1024K, 22 young (22528K), 3 survivors (3072K)
 Metaspace       used 40533K, committed 40896K, reserved 1114112K
  class space    used 5091K, committed 5248K, reserved 1048576K
}
Event: 3.293 GC heap after
{Heap after GC invocations=11 (full 0):
 garbage-first heap   total 58368K, used 27138K [0x00000000c0000000, 0x0000000100000000)
  region size 1024K, 3 young (3072K), 3 survivors (3072K)
 Metaspace       used 40533K, committed 40896K, reserved 1114112K
  class space    used 5091K, committed 5248K, reserved 1048576K
}
Event: 3.331 GC heap before
{Heap before GC invocations=11 (full 0):
 garbage-first heap   total 58368K, used 43522K [0x00000000c0000000, 0x0000000100000000)
  region size 1024K, 19 young (19456K), 3 survivors (3072K)
 Metaspace       used 40573K, committed 40960K, reserved 1114112K
  class space    used 5099K, committed 5248K, reserved 1048576K
}
Event: 3.335 GC heap after
{Heap after GC invocations=12 (full 0):
 garbage-first heap   total 72704K, used 31387K [0x00000000c0000000, 0x0000000100000000)
  region size 1024K, 3 young (3072K), 3 survivors (3072K)
 Metaspace       used 40573K, committed 40960K, reserved 1114112K
  class space    used 5099K, committed 5248K, reserved 1048576K
}
Event: 3.421 GC heap before
{Heap before GC invocations=12 (full 0):
 garbage-first heap   total 72704K, used 50843K [0x00000000c0000000, 0x0000000100000000)
  region size 1024K, 23 young (23552K), 3 survivors (3072K)
 Metaspace       used 40718K, committed 41152K, reserved 1114112K
  class space    used 5129K, committed 5312K, reserved 1048576K
}
Event: 3.427 GC heap after
{Heap after GC invocations=13 (full 0):
 garbage-first heap   total 72704K, used 34633K [0x00000000c0000000, 0x0000000100000000)
  region size 1024K, 3 young (3072K), 3 survivors (3072K)
 Metaspace       used 40718K, committed 41152K, reserved 1114112K
  class space    used 5129K, committed 5312K, reserved 1048576K
}
Event: 3.487 GC heap before
{Heap before GC invocations=13 (full 0):
 garbage-first heap   total 72704K, used 52041K [0x00000000c0000000, 0x0000000100000000)
  region size 1024K, 21 young (21504K), 3 survivors (3072K)
 Metaspace       used 41122K, committed 41472K, reserved 1114112K
  class space    used 5172K, committed 5312K, reserved 1048576K
}
Event: 3.491 GC heap after
{Heap after GC invocations=14 (full 0):
 garbage-first heap   total 72704K, used 38346K [0x00000000c0000000, 0x0000000100000000)
  region size 1024K, 3 young (3072K), 3 survivors (3072K)
 Metaspace       used 41122K, committed 41472K, reserved 1114112K
  class space    used 5172K, committed 5312K, reserved 1048576K
}
Event: 3.554 GC heap before
{Heap before GC invocations=15 (full 0):
 garbage-first heap   total 76800K, used 52682K [0x00000000c0000000, 0x0000000100000000)
  region size 1024K, 18 young (18432K), 3 survivors (3072K)
 Metaspace       used 41566K, committed 41984K, reserved 1114112K
  class space    used 5214K, committed 5440K, reserved 1048576K
}
Event: 3.558 GC heap after
{Heap after GC invocations=16 (full 0):
 garbage-first heap   total 76800K, used 41174K [0x00000000c0000000, 0x0000000100000000)
  region size 1024K, 3 young (3072K), 3 survivors (3072K)
 Metaspace       used 41566K, committed 41984K, reserved 1114112K
  class space    used 5214K, committed 5440K, reserved 1048576K
}
Event: 3.560 GC heap before
{Heap before GC invocations=16 (full 0):
 garbage-first heap   total 76800K, used 42198K [0x00000000c0000000, 0x0000000100000000)
  region size 1024K, 4 young (4096K), 3 survivors (3072K)
 Metaspace       used 41585K, committed 42048K, reserved 1114112K
  class space    used 5216K, committed 5440K, reserved 1048576K
}
Event: 3.562 GC heap after
{Heap after GC invocations=17 (full 0):
 garbage-first heap   total 76800K, used 41821K [0x00000000c0000000, 0x0000000100000000)
  region size 1024K, 1 young (1024K), 1 survivors (1024K)
 Metaspace       used 41585K, committed 42048K, reserved 1114112K
  class space    used 5216K, committed 5440K, reserved 1048576K
}
Event: 3.605 GC heap before
{Heap before GC invocations=17 (full 0):
 garbage-first heap   total 76800K, used 57181K [0x00000000c0000000, 0x0000000100000000)
  region size 1024K, 17 young (17408K), 1 survivors (1024K)
 Metaspace       used 41849K, committed 42240K, reserved 1114112K
  class space    used 5239K, committed 5440K, reserved 1048576K
}

