# JRE version: OpenJDK Runtime Environment Temurin-17.0.7+7 (17.0.7+7) (build 17.0.7+7)
# Java VM: OpenJDK 64-Bit Server VM Temurin-17.0.7+7 (17.0.7+7, mixed mode, emulated-client, tiered, compressed oops, compressed class ptrs, g1 gc, windows-amd64)
GC Precious Log:
 CPUs: 8 total, 8 available
 Memory: 8103M
 Large Page Support: Disabled
 NUMA Support: Disabled
 Compressed Oops: Enabled (32-bit)
 Heap Region Size: 1M
 Heap Min Capacity: 8M
 Heap Initial Capacity: 128M
 Heap Max Capacity: 1G
 Pre-touch: Disabled
 Parallel Workers: 8
 Concurrent Workers: 2
 Concurrent Refinement Workers: 8
 Periodic GC: Disabled
Heap:
 garbage-first heap   total 193536K, used 97046K [0x00000000c0000000, 0x0000000100000000)
  region size 1024K, 3 young (3072K), 3 survivors (3072K)
 Metaspace       used 45342K, committed 45760K, reserved 1114112K
  class space    used 5525K, committed 5696K, reserved 1048576K
GC Heap History (20 events):
Event: 1.203 GC heap after
{Heap after GC invocations=6 (full 0):
 garbage-first heap   total 51200K, used 17035K [0x00000000c0000000, 0x0000000100000000)
  region size 1024K, 1 young (1024K), 1 survivors (1024K)
 Metaspace       used 26608K, committed 26880K, reserved 1114112K
  class space    used 3107K, committed 3200K, reserved 1048576K
}
Event: 1.369 GC heap before
{Heap before GC invocations=6 (full 0):
 garbage-first heap   total 51200K, used 33419K [0x00000000c0000000, 0x0000000100000000)
  region size 1024K, 18 young (18432K), 1 survivors (1024K)
 Metaspace       used 28941K, committed 29248K, reserved 1114112K
  class space    used 3398K, committed 3520K, reserved 1048576K
}
Event: 1.371 GC heap after
{Heap after GC invocations=7 (full 0):
 garbage-first heap   total 51200K, used 17702K [0x00000000c0000000, 0x0000000100000000)
  region size 1024K, 2 young (2048K), 2 survivors (2048K)
 Metaspace       used 28941K, committed 29248K, reserved 1114112K
  class space    used 3398K, committed 3520K, reserved 1048576K
}
Event: 1.624 GC heap before
{Heap before GC invocations=7 (full 0):
 garbage-first heap   total 51200K, used 34086K [0x00000000c0000000, 0x0000000100000000)
  region size 1024K, 19 young (19456K), 2 survivors (2048K)
 Metaspace       used 31535K, committed 31872K, reserved 1114112K
  class space    used 3758K, committed 3904K, reserved 1048576K
}
Event: 1.629 GC heap after
{Heap after GC invocations=8 (full 0):
 garbage-first heap   total 102400K, used 18810K [0x00000000c0000000, 0x0000000100000000)
  region size 1024K, 3 young (3072K), 3 survivors (3072K)
 Metaspace       used 31535K, committed 31872K, reserved 1114112K
  class space    used 3758K, committed 3904K, reserved 1048576K
}
Event: 1.913 GC heap before
{Heap before GC invocations=8 (full 0):
 garbage-first heap   total 102400K, used 45434K [0x00000000c0000000, 0x0000000100000000)
  region size 1024K, 30 young (30720K), 3 survivors (3072K)
 Metaspace       used 35642K, committed 35968K, reserved 1114112K
  class space    used 4316K, committed 4480K, reserved 1048576K
}
Event: 1.921 GC heap after
{Heap after GC invocations=9 (full 0):
 garbage-first heap   total 102400K, used 21606K [0x00000000c0000000, 0x0000000100000000)
  region size 1024K, 6 young (6144K), 6 survivors (6144K)
 Metaspace       used 35642K, committed 35968K, reserved 1114112K
  class space    used 4316K, committed 4480K, reserved 1048576K
}
Event: 2.319 GC heap before
{Heap before GC invocations=10 (full 0):
 garbage-first heap   total 78848K, used 62566K [0x00000000c0000000, 0x0000000100000000)
  region size 1024K, 46 young (47104K), 6 survivors (6144K)
 Metaspace       used 40540K, committed 40960K, reserved 1114112K
  class space    used 5088K, committed 5248K, reserved 1048576K
}
Event: 2.326 GC heap after
{Heap after GC invocations=11 (full 0):
 garbage-first heap   total 78848K, used 26265K [0x00000000c0000000, 0x0000000100000000)
  region size 1024K, 6 young (6144K), 6 survivors (6144K)
 Metaspace       used 40540K, committed 40960K, reserved 1114112K
  class space    used 5088K, committed 5248K, reserved 1048576K
}
Event: 2.328 GC heap before
{Heap before GC invocations=11 (full 0):
 garbage-first heap   total 78848K, used 27289K [0x00000000c0000000, 0x0000000100000000)
  region size 1024K, 7 young (7168K), 6 survivors (6144K)
 Metaspace       used 40540K, committed 40960K, reserved 1114112K
  class space    used 5088K, committed 5248K, reserved 1048576K
}
Event: 2.332 GC heap after
{Heap after GC invocations=12 (full 0):
 garbage-first heap   total 78848K, used 27112K [0x00000000c0000000, 0x0000000100000000)
  region size 1024K, 1 young (1024K), 1 survivors (1024K)
 Metaspace       used 40540K, committed 40960K, reserved 1114112K
  class space    used 5088K, committed 5248K, reserved 1048576K
}
Event: 2.388 GC heap before
{Heap before GC invocations=12 (full 0):
 garbage-first heap   total 78848K, used 56808K [0x00000000c0000000, 0x0000000100000000)
  region size 1024K, 31 young (31744K), 1 survivors (1024K)
 Metaspace       used 40684K, committed 41088K, reserved 1114112K
  class space    used 5115K, committed 5312K, reserved 1048576K
}
Event: 2.393 GC heap after
{Heap after GC invocations=13 (full 0):
 garbage-first heap   total 193536K, used 33924K [0x00000000c0000000, 0x0000000100000000)
  region size 1024K, 4 young (4096K), 4 survivors (4096K)
 Metaspace       used 40684K, committed 41088K, reserved 1114112K
  class space    used 5115K, committed 5312K, reserved 1048576K
}
Event: 2.565 GC heap before
{Heap before GC invocations=13 (full 0):
 garbage-first heap   total 193536K, used 130180K [0x00000000c0000000, 0x0000000100000000)
  region size 1024K, 99 young (101376K), 4 survivors (4096K)
 Metaspace       used 42551K, committed 43008K, reserved 1114112K
  class space    used 5326K, committed 5568K, reserved 1048576K
}
Event: 2.580 GC heap after
{Heap after GC invocations=14 (full 0):
 garbage-first heap   total 193536K, used 54364K [0x00000000c0000000, 0x0000000100000000)
  region size 1024K, 13 young (13312K), 13 survivors (13312K)
 Metaspace       used 42551K, committed 43008K, reserved 1114112K
  class space    used 5326K, committed 5568K, reserved 1048576K
}
Event: 2.734 GC heap before
{Heap before GC invocations=14 (full 0):
 garbage-first heap   total 193536K, used 129116K [0x00000000c0000000, 0x0000000100000000)
  region size 1024K, 85 young (87040K), 13 survivors (13312K)
 Metaspace       used 44362K, committed 44800K, reserved 1114112K
  class space    used 5474K, committed 5632K, reserved 1048576K
}
Event: 2.752 GC heap after
{Heap after GC invocations=15 (full 0):
 garbage-first heap   total 193536K, used 74177K [0x00000000c0000000, 0x0000000100000000)
  region size 1024K, 11 young (11264K), 11 survivors (11264K)
 Metaspace       used 44362K, committed 44800K, reserved 1114112K
  class space    used 5474K, committed 5632K, reserved 1048576K
}
Event: 2.807 GC heap before
{Heap before GC invocations=15 (full 0):
 garbage-first heap   total 193536K, used 136641K [0x00000000c0000000, 0x0000000100000000)
  region size 1024K, 71 young (72704K), 11 survivors (11264K)
 Metaspace       used 45251K, committed 45696K, reserved 1114112K
  class space    used 5510K, committed 5696K, reserved 1048576K
}
Event: 2.831 GC heap after
{Heap after GC invocations=16 (full 0):
 garbage-first heap   total 193536K, used 93587K [0x00000000c0000000, 0x0000000100000000)
  region size 1024K, 9 young (9216K), 9 survivors (9216K)
 Metaspace       used 45251K, committed 45696K, reserved 1114112K
  class space    used 5510K, committed 5696K, reserved 1048576K
}
Event: 2.852 GC heap before
{Heap before GC invocations=16 (full 0):
 garbage-first heap   total 193536K, used 141715K [0x00000000c0000000, 0x0000000100000000)
  region size 1024K, 57 young (58368K), 9 survivors (9216K)
 Metaspace       used 45342K, committed 45760K, reserved 1114112K
  class space    used 5525K, committed 5696K, reserved 1048576K
}

