# JRE version: OpenJDK Runtime Environment Temurin-17.0.7+7 (17.0.7+7) (build 17.0.7+7)
# Java VM: OpenJDK 64-Bit Server VM Temurin-17.0.7+7 (17.0.7+7, mixed mode, emulated-client, tiered, compressed oops, compressed class ptrs, g1 gc, windows-amd64)
GC Precious Log:
 CPUs: 8 total, 8 available
 Memory: 8103M
 Large Page Support: Disabled
 NUMA Support: Disabled
 Compressed Oops: Enabled (32-bit)
 Heap Region Size: 1M
 Heap Min Capacity: 8M
 Heap Initial Capacity: 128M
 Heap Max Capacity: 1G
 Pre-touch: Disabled
 Parallel Workers: 8
 Concurrent Workers: 2
 Concurrent Refinement Workers: 8
 Periodic GC: Disabled
Heap:
 garbage-first heap   total 437248K, used 123346K [0x00000000c0000000, 0x0000000100000000)
  region size 1024K, 20 young (20480K), 20 survivors (20480K)
 Metaspace       used 43826K, committed 44224K, reserved 1114112K
  class space    used 5374K, committed 5568K, reserved 1048576K
GC Heap History (20 events):
Event: 6.565 GC heap after
{Heap after GC invocations=17 (full 0):
 garbage-first heap   total 160768K, used 43592K [0x00000000c0000000, 0x0000000100000000)
  region size 1024K, 2 young (2048K), 2 survivors (2048K)
 Metaspace       used 40603K, committed 41024K, reserved 1114112K
  class space    used 5108K, committed 5312K, reserved 1048576K
}
Event: 6.724 GC heap before
{Heap before GC invocations=18 (full 0):
 garbage-first heap   total 160768K, used 114248K [0x00000000c0000000, 0x0000000100000000)
  region size 1024K, 72 young (73728K), 2 survivors (2048K)
 Metaspace       used 41191K, committed 41664K, reserved 1114112K
  class space    used 5151K, committed 5376K, reserved 1048576K
}
Event: 6.737 GC heap after
{Heap after GC invocations=19 (full 0):
 garbage-first heap   total 160768K, used 59975K [0x00000000c0000000, 0x0000000100000000)
  region size 1024K, 9 young (9216K), 9 survivors (9216K)
 Metaspace       used 41191K, committed 41664K, reserved 1114112K
  class space    used 5151K, committed 5376K, reserved 1048576K
}
Event: 6.743 GC heap before
{Heap before GC invocations=19 (full 0):
 garbage-first heap   total 160768K, used 60999K [0x00000000c0000000, 0x0000000100000000)
  region size 1024K, 10 young (10240K), 9 survivors (9216K)
 Metaspace       used 41226K, committed 41664K, reserved 1114112K
  class space    used 5152K, committed 5376K, reserved 1048576K
}
Event: 6.749 GC heap after
{Heap after GC invocations=20 (full 0):
 garbage-first heap   total 160768K, used 61416K [0x00000000c0000000, 0x0000000100000000)
  region size 1024K, 2 young (2048K), 2 survivors (2048K)
 Metaspace       used 41226K, committed 41664K, reserved 1114112K
  class space    used 5152K, committed 5376K, reserved 1048576K
}
Event: 6.872 GC heap before
{Heap before GC invocations=20 (full 0):
 garbage-first heap   total 160768K, used 111592K [0x00000000c0000000, 0x0000000100000000)
  region size 1024K, 50 young (51200K), 2 survivors (2048K)
 Metaspace       used 42852K, committed 43328K, reserved 1114112K
  class space    used 5259K, committed 5504K, reserved 1048576K
}
Event: 6.898 GC heap after
{Heap after GC invocations=21 (full 0):
 garbage-first heap   total 160768K, used 80761K [0x00000000c0000000, 0x0000000100000000)
  region size 1024K, 7 young (7168K), 7 survivors (7168K)
 Metaspace       used 42852K, committed 43328K, reserved 1114112K
  class space    used 5259K, committed 5504K, reserved 1048576K
}
Event: 6.917 GC heap before
{Heap before GC invocations=21 (full 0):
 garbage-first heap   total 160768K, used 115577K [0x00000000c0000000, 0x0000000100000000)
  region size 1024K, 42 young (43008K), 7 survivors (7168K)
 Metaspace       used 42890K, committed 43392K, reserved 1114112K
  class space    used 5261K, committed 5504K, reserved 1048576K
}
Event: 6.923 GC heap after
{Heap after GC invocations=22 (full 0):
 garbage-first heap   total 160768K, used 84366K [0x00000000c0000000, 0x0000000100000000)
  region size 1024K, 3 young (3072K), 3 survivors (3072K)
 Metaspace       used 42890K, committed 43392K, reserved 1114112K
  class space    used 5261K, committed 5504K, reserved 1048576K
}
Event: 6.949 GC heap before
{Heap before GC invocations=22 (full 0):
 garbage-first heap   total 160768K, used 120206K [0x00000000c0000000, 0x0000000100000000)
  region size 1024K, 39 young (39936K), 3 survivors (3072K)
 Metaspace       used 42909K, committed 43392K, reserved 1114112K
  class space    used 5263K, committed 5504K, reserved 1048576K
}
Event: 6.953 GC heap after
{Heap after GC invocations=23 (full 0):
 garbage-first heap   total 437248K, used 85392K [0x00000000c0000000, 0x0000000100000000)
  region size 1024K, 4 young (4096K), 4 survivors (4096K)
 Metaspace       used 42909K, committed 43392K, reserved 1114112K
  class space    used 5263K, committed 5504K, reserved 1048576K
}
Event: 7.089 GC heap before
{Heap before GC invocations=24 (full 0):
 garbage-first heap   total 437248K, used 291216K [0x00000000c0000000, 0x0000000100000000)
  region size 1024K, 207 young (211968K), 4 survivors (4096K)
 Metaspace       used 43060K, committed 43520K, reserved 1114112K
  class space    used 5286K, committed 5504K, reserved 1048576K
}
Event: 7.096 GC heap after
{Heap after GC invocations=25 (full 0):
 garbage-first heap   total 437248K, used 94152K [0x00000000c0000000, 0x0000000100000000)
  region size 1024K, 13 young (13312K), 13 survivors (13312K)
 Metaspace       used 43060K, committed 43520K, reserved 1114112K
  class space    used 5286K, committed 5504K, reserved 1048576K
}
Event: 7.099 GC heap before
{Heap before GC invocations=25 (full 0):
 garbage-first heap   total 437248K, used 101320K [0x00000000c0000000, 0x0000000100000000)
  region size 1024K, 21 young (21504K), 13 survivors (13312K)
 Metaspace       used 43061K, committed 43520K, reserved 1114112K
  class space    used 5286K, committed 5504K, reserved 1048576K
}
Event: 7.105 GC heap after
{Heap after GC invocations=26 (full 0):
 garbage-first heap   total 437248K, used 94953K [0x00000000c0000000, 0x0000000100000000)
  region size 1024K, 2 young (2048K), 2 survivors (2048K)
 Metaspace       used 43061K, committed 43520K, reserved 1114112K
  class space    used 5286K, committed 5504K, reserved 1048576K
}
Event: 7.178 GC heap before
{Heap before GC invocations=26 (full 0):
 garbage-first heap   total 437248K, used 326377K [0x00000000c0000000, 0x0000000100000000)
  region size 1024K, 229 young (234496K), 2 survivors (2048K)
 Metaspace       used 43353K, committed 43712K, reserved 1114112K
  class space    used 5322K, committed 5504K, reserved 1048576K
}
Event: 7.184 GC heap after
{Heap after GC invocations=27 (full 0):
 garbage-first heap   total 437248K, used 104018K [0x00000000c0000000, 0x0000000100000000)
  region size 1024K, 11 young (11264K), 11 survivors (11264K)
 Metaspace       used 43353K, committed 43712K, reserved 1114112K
  class space    used 5322K, committed 5504K, reserved 1048576K
}
Event: 7.266 GC heap before
{Heap before GC invocations=27 (full 0):
 garbage-first heap   total 437248K, used 337490K [0x00000000c0000000, 0x0000000100000000)
  region size 1024K, 240 young (245760K), 11 survivors (11264K)
 Metaspace       used 43645K, committed 44096K, reserved 1114112K
  class space    used 5351K, committed 5568K, reserved 1048576K
}
Event: 7.277 GC heap after
{Heap after GC invocations=28 (full 0):
 garbage-first heap   total 437248K, used 113463K [0x00000000c0000000, 0x0000000100000000)
  region size 1024K, 20 young (20480K), 20 survivors (20480K)
 Metaspace       used 43645K, committed 44096K, reserved 1114112K
  class space    used 5351K, committed 5568K, reserved 1048576K
}
Event: 7.343 GC heap before
{Heap before GC invocations=28 (full 0):
 garbage-first heap   total 437248K, used 345911K [0x00000000c0000000, 0x0000000100000000)
  region size 1024K, 248 young (253952K), 20 survivors (20480K)
 Metaspace       used 43826K, committed 44224K, reserved 1114112K
  class space    used 5374K, committed 5568K, reserved 1048576K
}

