# JRE version: OpenJDK Runtime Environment Temurin-17.0.7+7 (17.0.7+7) (build 17.0.7+7)
# Java VM: OpenJDK 64-Bit Server VM Temurin-17.0.7+7 (17.0.7+7, mixed mode, emulated-client, tiered, compressed oops, compressed class ptrs, g1 gc, windows-amd64)
GC Precious Log:
 CPUs: 8 total, 8 available
 Memory: 8103M
 Large Page Support: Disabled
 NUMA Support: Disabled
 Compressed Oops: Enabled (32-bit)
 Heap Region Size: 1M
 Heap Min Capacity: 8M
 Heap Initial Capacity: 128M
 Heap Max Capacity: 1G
 Pre-touch: Disabled
 Parallel Workers: 8
 Concurrent Workers: 2
 Concurrent Refinement Workers: 8
 Periodic GC: Disabled
Heap:
 garbage-first heap   total 274432K, used 106383K [0x00000000c0000000, 0x0000000100000000)
  region size 1024K, 6 young (6144K), 6 survivors (6144K)
 Metaspace       used 46772K, committed 47232K, reserved 1114112K
  class space    used 5703K, committed 5952K, reserved 1048576K
GC Heap History (20 events):
Event: 4.338 GC heap after
{Heap after GC invocations=17 (full 0):
 garbage-first heap   total 126976K, used 55172K [0x00000000c0000000, 0x0000000100000000)
  region size 1024K, 7 young (7168K), 7 survivors (7168K)
 Metaspace       used 42566K, committed 43008K, reserved 1114112K
  class space    used 5333K, committed 5568K, reserved 1048576K
}
Event: 4.471 GC heap before
{Heap before GC invocations=17 (full 0):
 garbage-first heap   total 126976K, used 91012K [0x00000000c0000000, 0x0000000100000000)
  region size 1024K, 43 young (44032K), 7 survivors (7168K)
 Metaspace       used 43807K, committed 44288K, reserved 1114112K
  class space    used 5408K, committed 5632K, reserved 1048576K
}
Event: 4.479 GC heap after
{Heap after GC invocations=18 (full 0):
 garbage-first heap   total 126976K, used 61675K [0x00000000c0000000, 0x0000000100000000)
  region size 1024K, 6 young (6144K), 6 survivors (6144K)
 Metaspace       used 43807K, committed 44288K, reserved 1114112K
  class space    used 5408K, committed 5632K, reserved 1048576K
}
Event: 4.636 GC heap before
{Heap before GC invocations=18 (full 0):
 garbage-first heap   total 126976K, used 90347K [0x00000000c0000000, 0x0000000100000000)
  region size 1024K, 35 young (35840K), 6 survivors (6144K)
 Metaspace       used 44593K, committed 44992K, reserved 1114112K
  class space    used 5520K, committed 5696K, reserved 1048576K
}
Event: 4.655 GC heap after
{Heap after GC invocations=19 (full 0):
 garbage-first heap   total 126976K, used 72877K [0x00000000c0000000, 0x0000000100000000)
  region size 1024K, 5 young (5120K), 5 survivors (5120K)
 Metaspace       used 44593K, committed 44992K, reserved 1114112K
  class space    used 5520K, committed 5696K, reserved 1048576K
}
Event: 4.787 GC heap before
{Heap before GC invocations=19 (full 0):
 garbage-first heap   total 155648K, used 95405K [0x00000000c0000000, 0x0000000100000000)
  region size 1024K, 27 young (27648K), 5 survivors (5120K)
 Metaspace       used 45438K, committed 45824K, reserved 1114112K
  class space    used 5591K, committed 5760K, reserved 1048576K
}
Event: 4.815 GC heap after
{Heap after GC invocations=20 (full 0):
 garbage-first heap   total 155648K, used 85221K [0x00000000c0000000, 0x0000000100000000)
  region size 1024K, 4 young (4096K), 4 survivors (4096K)
 Metaspace       used 45438K, committed 45824K, reserved 1114112K
  class space    used 5591K, committed 5760K, reserved 1048576K
}
Event: 4.869 GC heap before
{Heap before GC invocations=21 (full 0):
 garbage-first heap   total 155648K, used 110821K [0x00000000c0000000, 0x0000000100000000)
  region size 1024K, 30 young (30720K), 4 survivors (4096K)
 Metaspace       used 45511K, committed 45888K, reserved 1114112K
  class space    used 5597K, committed 5760K, reserved 1048576K
}
Event: 4.873 GC heap after
{Heap after GC invocations=22 (full 0):
 garbage-first heap   total 155648K, used 87281K [0x00000000c0000000, 0x0000000100000000)
  region size 1024K, 2 young (2048K), 2 survivors (2048K)
 Metaspace       used 45511K, committed 45888K, reserved 1114112K
  class space    used 5597K, committed 5760K, reserved 1048576K
}
Event: 4.894 GC heap before
{Heap before GC invocations=22 (full 0):
 garbage-first heap   total 155648K, used 114929K [0x00000000c0000000, 0x0000000100000000)
  region size 1024K, 30 young (30720K), 2 survivors (2048K)
 Metaspace       used 45539K, committed 46016K, reserved 1114112K
  class space    used 5607K, committed 5824K, reserved 1048576K
}
Event: 4.898 GC heap after
{Heap after GC invocations=23 (full 0):
 garbage-first heap   total 274432K, used 88406K [0x00000000c0000000, 0x0000000100000000)
  region size 1024K, 3 young (3072K), 3 survivors (3072K)
 Metaspace       used 45539K, committed 46016K, reserved 1114112K
  class space    used 5607K, committed 5824K, reserved 1048576K
}
Event: 4.973 GC heap before
{Heap before GC invocations=23 (full 0):
 garbage-first heap   total 274432K, used 189782K [0x00000000c0000000, 0x0000000100000000)
  region size 1024K, 103 young (105472K), 3 survivors (3072K)
 Metaspace       used 45641K, committed 46080K, reserved 1114112K
  class space    used 5616K, committed 5824K, reserved 1048576K
}
Event: 4.978 GC heap after
{Heap after GC invocations=24 (full 0):
 garbage-first heap   total 274432K, used 92370K [0x00000000c0000000, 0x0000000100000000)
  region size 1024K, 7 young (7168K), 7 survivors (7168K)
 Metaspace       used 45641K, committed 46080K, reserved 1114112K
  class space    used 5616K, committed 5824K, reserved 1048576K
}
Event: 5.041 GC heap before
{Heap before GC invocations=24 (full 0):
 garbage-first heap   total 274432K, used 210130K [0x00000000c0000000, 0x0000000100000000)
  region size 1024K, 123 young (125952K), 7 survivors (7168K)
 Metaspace       used 45713K, committed 46208K, reserved 1114112K
  class space    used 5625K, committed 5888K, reserved 1048576K
}
Event: 5.049 GC heap after
{Heap after GC invocations=25 (full 0):
 garbage-first heap   total 274432K, used 97644K [0x00000000c0000000, 0x0000000100000000)
  region size 1024K, 12 young (12288K), 12 survivors (12288K)
 Metaspace       used 45713K, committed 46208K, reserved 1114112K
  class space    used 5625K, committed 5888K, reserved 1048576K
}
Event: 5.107 GC heap before
{Heap before GC invocations=26 (full 0):
 garbage-first heap   total 274432K, used 214380K [0x00000000c0000000, 0x0000000100000000)
  region size 1024K, 127 young (130048K), 12 survivors (12288K)
 Metaspace       used 46348K, committed 46848K, reserved 1114112K
  class space    used 5674K, committed 5888K, reserved 1048576K
}
Event: 5.114 GC heap after
{Heap after GC invocations=27 (full 0):
 garbage-first heap   total 274432K, used 102336K [0x00000000c0000000, 0x0000000100000000)
  region size 1024K, 11 young (11264K), 11 survivors (11264K)
 Metaspace       used 46348K, committed 46848K, reserved 1114112K
  class space    used 5674K, committed 5888K, reserved 1048576K
}
Event: 5.120 GC heap before
{Heap before GC invocations=27 (full 0):
 garbage-first heap   total 274432K, used 103360K [0x00000000c0000000, 0x0000000100000000)
  region size 1024K, 13 young (13312K), 11 survivors (11264K)
 Metaspace       used 46417K, committed 46848K, reserved 1114112K
  class space    used 5675K, committed 5888K, reserved 1048576K
}
Event: 5.129 GC heap after
{Heap after GC invocations=28 (full 0):
 garbage-first heap   total 274432K, used 102681K [0x00000000c0000000, 0x0000000100000000)
  region size 1024K, 2 young (2048K), 2 survivors (2048K)
 Metaspace       used 46417K, committed 46848K, reserved 1114112K
  class space    used 5675K, committed 5888K, reserved 1048576K
}
Event: 5.182 GC heap before
{Heap before GC invocations=28 (full 0):
 garbage-first heap   total 274432K, used 218393K [0x00000000c0000000, 0x0000000100000000)
  region size 1024K, 116 young (118784K), 2 survivors (2048K)
 Metaspace       used 46772K, committed 47232K, reserved 1114112K
  class space    used 5703K, committed 5952K, reserved 1048576K
}

