# JRE version: OpenJDK Runtime Environment Temurin-17.0.7+7 (17.0.7+7) (build 17.0.7+7)
# Java VM: OpenJDK 64-Bit Server VM Temurin-17.0.7+7 (17.0.7+7, mixed mode, emulated-client, tiered, compressed oops, compressed class ptrs, g1 gc, windows-amd64)
GC Precious Log:
 CPUs: 8 total, 8 available
 Memory: 8103M
 Large Page Support: Disabled
 NUMA Support: Disabled
 Compressed Oops: Enabled (32-bit)
 Heap Region Size: 1M
 Heap Min Capacity: 8M
 Heap Initial Capacity: 128M
 Heap Max Capacity: 1G
 Pre-touch: Disabled
 Parallel Workers: 8
 Concurrent Workers: 2
 Concurrent Refinement Workers: 8
 Periodic GC: Disabled
Heap:
 garbage-first heap   total 131072K, used 67531K [0x00000000c0000000, 0x0000000100000000)
  region size 1024K, 2 young (2048K), 2 survivors (2048K)
 Metaspace       used 46475K, committed 46912K, reserved 1114112K
  class space    used 5707K, committed 5888K, reserved 1048576K
GC Heap History (20 events):
Event: 3.624 GC heap after
{Heap after GC invocations=11 (full 0):
 garbage-first heap   total 71680K, used 31148K [0x00000000c0000000, 0x0000000100000000)
  region size 1024K, 4 young (4096K), 4 survivors (4096K)
 Metaspace       used 40599K, committed 41024K, reserved 1114112K
  class space    used 5104K, committed 5312K, reserved 1048576K
}
Event: 3.778 GC heap before
{Heap before GC invocations=11 (full 0):
 garbage-first heap   total 71680K, used 51628K [0x00000000c0000000, 0x0000000100000000)
  region size 1024K, 25 young (25600K), 4 survivors (4096K)
 Metaspace       used 40800K, committed 41152K, reserved 1114112K
  class space    used 5138K, committed 5312K, reserved 1048576K
}
Event: 3.785 GC heap after
{Heap after GC invocations=12 (full 0):
 garbage-first heap   total 71680K, used 36073K [0x00000000c0000000, 0x0000000100000000)
  region size 1024K, 4 young (4096K), 4 survivors (4096K)
 Metaspace       used 40800K, committed 41152K, reserved 1114112K
  class space    used 5138K, committed 5312K, reserved 1048576K
}
Event: 3.864 GC heap before
{Heap before GC invocations=12 (full 0):
 garbage-first heap   total 71680K, used 53481K [0x00000000c0000000, 0x0000000100000000)
  region size 1024K, 21 young (21504K), 4 survivors (4096K)
 Metaspace       used 41202K, committed 41664K, reserved 1114112K
  class space    used 5179K, committed 5376K, reserved 1048576K
}
Event: 3.871 GC heap after
{Heap after GC invocations=13 (full 0):
 garbage-first heap   total 71680K, used 39464K [0x00000000c0000000, 0x0000000100000000)
  region size 1024K, 3 young (3072K), 3 survivors (3072K)
 Metaspace       used 41202K, committed 41664K, reserved 1114112K
  class space    used 5179K, committed 5376K, reserved 1048576K
}
Event: 3.981 GC heap before
{Heap before GC invocations=14 (full 0):
 garbage-first heap   total 73728K, used 53799K [0x00000000c0000000, 0x0000000100000000)
  region size 1024K, 18 young (18432K), 3 survivors (3072K)
 Metaspace       used 41687K, committed 42112K, reserved 1114112K
  class space    used 5218K, committed 5440K, reserved 1048576K
}
Event: 3.988 GC heap after
{Heap after GC invocations=15 (full 0):
 garbage-first heap   total 73728K, used 42285K [0x00000000c0000000, 0x0000000100000000)
  region size 1024K, 3 young (3072K), 3 survivors (3072K)
 Metaspace       used 41687K, committed 42112K, reserved 1114112K
  class space    used 5218K, committed 5440K, reserved 1048576K
}
Event: 4.031 GC heap before
{Heap before GC invocations=15 (full 0):
 garbage-first heap   total 73728K, used 56621K [0x00000000c0000000, 0x0000000100000000)
  region size 1024K, 17 young (17408K), 3 survivors (3072K)
 Metaspace       used 42080K, committed 42496K, reserved 1114112K
  class space    used 5262K, committed 5504K, reserved 1048576K
}
Event: 4.035 GC heap after
{Heap after GC invocations=16 (full 0):
 garbage-first heap   total 120832K, used 44794K [0x00000000c0000000, 0x0000000100000000)
  region size 1024K, 3 young (3072K), 3 survivors (3072K)
 Metaspace       used 42080K, committed 42496K, reserved 1114112K
  class space    used 5262K, committed 5504K, reserved 1048576K
}
Event: 4.190 GC heap before
{Heap before GC invocations=17 (full 0):
 garbage-first heap   total 120832K, used 86778K [0x00000000c0000000, 0x0000000100000000)
  region size 1024K, 45 young (46080K), 3 survivors (3072K)
 Metaspace       used 42677K, committed 43136K, reserved 1114112K
  class space    used 5305K, committed 5504K, reserved 1048576K
}
Event: 4.208 GC heap after
{Heap after GC invocations=18 (full 0):
 garbage-first heap   total 120832K, used 56376K [0x00000000c0000000, 0x0000000100000000)
  region size 1024K, 6 young (6144K), 6 survivors (6144K)
 Metaspace       used 42677K, committed 43136K, reserved 1114112K
  class space    used 5305K, committed 5504K, reserved 1048576K
}
Event: 4.214 GC heap before
{Heap before GC invocations=18 (full 0):
 garbage-first heap   total 120832K, used 57400K [0x00000000c0000000, 0x0000000100000000)
  region size 1024K, 7 young (7168K), 6 survivors (6144K)
 Metaspace       used 42785K, committed 43200K, reserved 1114112K
  class space    used 5306K, committed 5504K, reserved 1048576K
}
Event: 4.221 GC heap after
{Heap after GC invocations=19 (full 0):
 garbage-first heap   total 120832K, used 57074K [0x00000000c0000000, 0x0000000100000000)
  region size 1024K, 1 young (1024K), 1 survivors (1024K)
 Metaspace       used 42785K, committed 43200K, reserved 1114112K
  class space    used 5306K, committed 5504K, reserved 1048576K
}
Event: 4.307 GC heap before
{Heap before GC invocations=19 (full 0):
 garbage-first heap   total 120832K, used 86770K [0x00000000c0000000, 0x0000000100000000)
  region size 1024K, 31 young (31744K), 1 survivors (1024K)
 Metaspace       used 43569K, committed 44032K, reserved 1114112K
  class space    used 5372K, committed 5568K, reserved 1048576K
}
Event: 4.316 GC heap after
{Heap after GC invocations=20 (full 0):
 garbage-first heap   total 120832K, used 62595K [0x00000000c0000000, 0x0000000100000000)
  region size 1024K, 4 young (4096K), 4 survivors (4096K)
 Metaspace       used 43569K, committed 44032K, reserved 1114112K
  class space    used 5372K, committed 5568K, reserved 1048576K
}
Event: 4.577 GC heap before
{Heap before GC invocations=21 (full 0):
 garbage-first heap   total 120832K, used 90243K [0x00000000c0000000, 0x0000000100000000)
  region size 1024K, 32 young (32768K), 4 survivors (4096K)
 Metaspace       used 45801K, committed 46336K, reserved 1114112K
  class space    used 5649K, committed 5888K, reserved 1048576K
}
Event: 4.584 GC heap after
{Heap after GC invocations=22 (full 0):
 garbage-first heap   total 120832K, used 66790K [0x00000000c0000000, 0x0000000100000000)
  region size 1024K, 4 young (4096K), 4 survivors (4096K)
 Metaspace       used 45801K, committed 46336K, reserved 1114112K
  class space    used 5649K, committed 5888K, reserved 1048576K
}
Event: 4.589 GC heap before
{Heap before GC invocations=22 (full 0):
 garbage-first heap   total 120832K, used 67814K [0x00000000c0000000, 0x0000000100000000)
  region size 1024K, 5 young (5120K), 4 survivors (4096K)
 Metaspace       used 45955K, committed 46400K, reserved 1114112K
  class space    used 5660K, committed 5888K, reserved 1048576K
}
Event: 4.593 GC heap after
{Heap after GC invocations=23 (full 0):
 garbage-first heap   total 120832K, used 66741K [0x00000000c0000000, 0x0000000100000000)
  region size 1024K, 1 young (1024K), 1 survivors (1024K)
 Metaspace       used 45955K, committed 46400K, reserved 1114112K
  class space    used 5660K, committed 5888K, reserved 1048576K
}
Event: 4.617 GC heap before
{Heap before GC invocations=23 (full 0):
 garbage-first heap   total 120832K, used 69813K [0x00000000c0000000, 0x0000000100000000)
  region size 1024K, 6 young (6144K), 1 survivors (1024K)
 Metaspace       used 46475K, committed 46912K, reserved 1114112K
  class space    used 5707K, committed 5888K, reserved 1048576K
}

