# JRE version: OpenJDK Runtime Environment Temurin-17.0.7+7 (17.0.7+7) (build 17.0.7+7)
# Java VM: OpenJDK 64-Bit Server VM Temurin-17.0.7+7 (17.0.7+7, mixed mode, emulated-client, tiered, compressed oops, compressed class ptrs, g1 gc, windows-amd64)
GC Precious Log:
 CPUs: 8 total, 8 available
 Memory: 8103M
 Large Page Support: Disabled
 NUMA Support: Disabled
 Compressed Oops: Enabled (32-bit)
 Heap Region Size: 1M
 Heap Min Capacity: 8M
 Heap Initial Capacity: 128M
 Heap Max Capacity: 1G
 Pre-touch: Disabled
 Parallel Workers: 8
 Concurrent Workers: 2
 Concurrent Refinement Workers: 8
 Periodic GC: Disabled
Heap:
 garbage-first heap   total 481280K, used 163894K [0x00000000c0000000, 0x0000000100000000)
  region size 1024K, 29 young (29696K), 29 survivors (29696K)
 Metaspace       used 50980K, committed 51456K, reserved 1114112K
  class space    used 6210K, committed 6400K, reserved 1048576K
GC Heap History (20 events):
Event: 4.053 GC heap after
{Heap after GC invocations=23 (full 0):
 garbage-first heap   total 198656K, used 91933K [0x00000000c0000000, 0x0000000100000000)
  region size 1024K, 9 young (9216K), 9 survivors (9216K)
 Metaspace       used 46840K, committed 47296K, reserved 1114112K
  class space    used 5757K, committed 5952K, reserved 1048576K
}
Event: 4.078 GC heap before
{Heap before GC invocations=23 (full 0):
 garbage-first heap   total 198656K, used 134941K [0x00000000c0000000, 0x0000000100000000)
  region size 1024K, 52 young (53248K), 9 survivors (9216K)
 Metaspace       used 46848K, committed 47296K, reserved 1114112K
  class space    used 5759K, committed 5952K, reserved 1048576K
}
Event: 4.083 GC heap after
{Heap after GC invocations=24 (full 0):
 garbage-first heap   total 198656K, used 94873K [0x00000000c0000000, 0x0000000100000000)
  region size 1024K, 3 young (3072K), 3 survivors (3072K)
 Metaspace       used 46848K, committed 47296K, reserved 1114112K
  class space    used 5759K, committed 5952K, reserved 1048576K
}
Event: 4.122 GC heap before
{Heap before GC invocations=24 (full 0):
 garbage-first heap   total 198656K, used 139929K [0x00000000c0000000, 0x0000000100000000)
  region size 1024K, 48 young (49152K), 3 survivors (3072K)
 Metaspace       used 47248K, committed 47680K, reserved 1114112K
  class space    used 5776K, committed 5952K, reserved 1048576K
}
Event: 4.125 GC heap after
{Heap after GC invocations=25 (full 0):
 garbage-first heap   total 198656K, used 97077K [0x00000000c0000000, 0x0000000100000000)
  region size 1024K, 5 young (5120K), 5 survivors (5120K)
 Metaspace       used 47248K, committed 47680K, reserved 1114112K
  class space    used 5776K, committed 5952K, reserved 1048576K
}
Event: 4.154 GC heap before
{Heap before GC invocations=25 (full 0):
 garbage-first heap   total 198656K, used 146229K [0x00000000c0000000, 0x0000000100000000)
  region size 1024K, 54 young (55296K), 5 survivors (5120K)
 Metaspace       used 47268K, committed 47744K, reserved 1114112K
  class space    used 5786K, committed 6016K, reserved 1048576K
}
Event: 4.159 GC heap after
{Heap after GC invocations=26 (full 0):
 garbage-first heap   total 481280K, used 99137K [0x00000000c0000000, 0x0000000100000000)
  region size 1024K, 5 young (5120K), 5 survivors (5120K)
 Metaspace       used 47268K, committed 47744K, reserved 1114112K
  class space    used 5786K, committed 6016K, reserved 1048576K
}
Event: 4.298 GC heap before
{Heap before GC invocations=26 (full 0):
 garbage-first heap   total 481280K, used 287553K [0x00000000c0000000, 0x0000000100000000)
  region size 1024K, 191 young (195584K), 5 survivors (5120K)
 Metaspace       used 48518K, committed 48960K, reserved 1114112K
  class space    used 5912K, committed 6144K, reserved 1048576K
}
Event: 4.305 GC heap after
{Heap after GC invocations=27 (full 0):
 garbage-first heap   total 481280K, used 104841K [0x00000000c0000000, 0x0000000100000000)
  region size 1024K, 11 young (11264K), 11 survivors (11264K)
 Metaspace       used 48518K, committed 48960K, reserved 1114112K
  class space    used 5912K, committed 6144K, reserved 1048576K
}
Event: 4.422 GC heap before
{Heap before GC invocations=28 (full 0):
 garbage-first heap   total 481280K, used 370057K [0x00000000c0000000, 0x0000000100000000)
  region size 1024K, 271 young (277504K), 11 survivors (11264K)
 Metaspace       used 49206K, committed 49664K, reserved 1114112K
  class space    used 5974K, committed 6208K, reserved 1048576K
}
Event: 4.440 GC heap after
{Heap after GC invocations=29 (full 0):
 garbage-first heap   total 481280K, used 115977K [0x00000000c0000000, 0x0000000100000000)
  region size 1024K, 22 young (22528K), 22 survivors (22528K)
 Metaspace       used 49206K, committed 49664K, reserved 1114112K
  class space    used 5974K, committed 6208K, reserved 1048576K
}
Event: 4.441 GC heap before
{Heap before GC invocations=29 (full 0):
 garbage-first heap   total 481280K, used 117001K [0x00000000c0000000, 0x0000000100000000)
  region size 1024K, 24 young (24576K), 22 survivors (22528K)
 Metaspace       used 49224K, committed 49728K, reserved 1114112K
  class space    used 5975K, committed 6208K, reserved 1048576K
}
Event: 4.452 GC heap after
{Heap after GC invocations=30 (full 0):
 garbage-first heap   total 481280K, used 116449K [0x00000000c0000000, 0x0000000100000000)
  region size 1024K, 3 young (3072K), 3 survivors (3072K)
 Metaspace       used 49224K, committed 49728K, reserved 1114112K
  class space    used 5975K, committed 6208K, reserved 1048576K
}
Event: 4.569 GC heap before
{Heap before GC invocations=30 (full 0):
 garbage-first heap   total 481280K, used 376545K [0x00000000c0000000, 0x0000000100000000)
  region size 1024K, 258 young (264192K), 3 survivors (3072K)
 Metaspace       used 49692K, committed 50112K, reserved 1114112K
  class space    used 6037K, committed 6208K, reserved 1048576K
}
Event: 4.576 GC heap after
{Heap after GC invocations=31 (full 0):
 garbage-first heap   total 481280K, used 125226K [0x00000000c0000000, 0x0000000100000000)
  region size 1024K, 12 young (12288K), 12 survivors (12288K)
 Metaspace       used 49692K, committed 50112K, reserved 1114112K
  class space    used 6037K, committed 6208K, reserved 1048576K
}
Event: 4.666 GC heap before
{Heap before GC invocations=31 (full 0):
 garbage-first heap   total 481280K, used 384298K [0x00000000c0000000, 0x0000000100000000)
  region size 1024K, 266 young (272384K), 12 survivors (12288K)
 Metaspace       used 50028K, committed 50496K, reserved 1114112K
  class space    used 6065K, committed 6272K, reserved 1048576K
}
Event: 4.677 GC heap after
{Heap after GC invocations=32 (full 0):
 garbage-first heap   total 481280K, used 134887K [0x00000000c0000000, 0x0000000100000000)
  region size 1024K, 21 young (21504K), 21 survivors (21504K)
 Metaspace       used 50028K, committed 50496K, reserved 1114112K
  class space    used 6065K, committed 6272K, reserved 1048576K
}
Event: 4.776 GC heap before
{Heap before GC invocations=32 (full 0):
 garbage-first heap   total 481280K, used 391911K [0x00000000c0000000, 0x0000000100000000)
  region size 1024K, 273 young (279552K), 21 survivors (21504K)
 Metaspace       used 50727K, committed 51200K, reserved 1114112K
  class space    used 6171K, committed 6400K, reserved 1048576K
}
Event: 4.789 GC heap after
{Heap after GC invocations=33 (full 0):
 garbage-first heap   total 481280K, used 145805K [0x00000000c0000000, 0x0000000100000000)
  region size 1024K, 21 young (21504K), 21 survivors (21504K)
 Metaspace       used 50727K, committed 51200K, reserved 1114112K
  class space    used 6171K, committed 6400K, reserved 1048576K
}
Event: 4.861 GC heap before
{Heap before GC invocations=33 (full 0):
 garbage-first heap   total 481280K, used 396685K [0x00000000c0000000, 0x0000000100000000)
  region size 1024K, 267 young (273408K), 21 survivors (21504K)
 Metaspace       used 50980K, committed 51456K, reserved 1114112K
  class space    used 6210K, committed 6400K, reserved 1048576K
}

