# JRE version: OpenJDK Runtime Environment Temurin-17.0.7+7 (17.0.7+7) (build 17.0.7+7)
# Java VM: OpenJDK 64-Bit Server VM Temurin-17.0.7+7 (17.0.7+7, mixed mode, emulated-client, tiered, compressed oops, compressed class ptrs, g1 gc, windows-amd64)
GC Precious Log:
 CPUs: 8 total, 8 available
 Memory: 8103M
 Large Page Support: Disabled
 NUMA Support: Disabled
 Compressed Oops: Enabled (32-bit)
 Heap Region Size: 1M
 Heap Min Capacity: 8M
 Heap Initial Capacity: 128M
 Heap Max Capacity: 1G
 Pre-touch: Disabled
 Parallel Workers: 8
 Concurrent Workers: 2
 Concurrent Refinement Workers: 8
 Periodic GC: Disabled
Heap:
 garbage-first heap   total 521216K, used 148996K [0x00000000c0000000, 0x0000000100000000)
  region size 1024K, 24 young (24576K), 24 survivors (24576K)
 Metaspace       used 50941K, committed 51392K, reserved 1114112K
  class space    used 6177K, committed 6400K, reserved 1048576K
GC Heap History (20 events):
Event: 3.862 GC heap after
{Heap after GC invocations=19 (full 0):
 garbage-first heap   total 143360K, used 86481K [0x00000000c0000000, 0x0000000100000000)
  region size 1024K, 6 young (6144K), 6 survivors (6144K)
 Metaspace       used 46682K, committed 47168K, reserved 1114112K
  class space    used 5727K, committed 5952K, reserved 1048576K
}
Event: 3.896 GC heap before
{Heap before GC invocations=19 (full 0):
 garbage-first heap   total 143360K, used 110033K [0x00000000c0000000, 0x0000000100000000)
  region size 1024K, 30 young (30720K), 6 survivors (6144K)
 Metaspace       used 47604K, committed 48064K, reserved 1114112K
  class space    used 5802K, committed 6016K, reserved 1048576K
}
Event: 3.920 GC heap after
{Heap after GC invocations=20 (full 0):
 garbage-first heap   total 227328K, used 93361K [0x00000000c0000000, 0x0000000100000000)
  region size 1024K, 4 young (4096K), 4 survivors (4096K)
 Metaspace       used 47604K, committed 48064K, reserved 1114112K
  class space    used 5802K, committed 6016K, reserved 1048576K
}
Event: 3.966 GC heap before
{Heap before GC invocations=20 (full 0):
 garbage-first heap   total 227328K, used 148657K [0x00000000c0000000, 0x0000000100000000)
  region size 1024K, 59 young (60416K), 4 survivors (4096K)
 Metaspace       used 47641K, committed 48064K, reserved 1114112K
  class space    used 5808K, committed 6016K, reserved 1048576K
}
Event: 3.975 GC heap after
{Heap after GC invocations=21 (full 0):
 garbage-first heap   total 227328K, used 96060K [0x00000000c0000000, 0x0000000100000000)
  region size 1024K, 7 young (7168K), 7 survivors (7168K)
 Metaspace       used 47641K, committed 48064K, reserved 1114112K
  class space    used 5808K, committed 6016K, reserved 1048576K
}
Event: 4.034 GC heap before
{Heap before GC invocations=21 (full 0):
 garbage-first heap   total 227328K, used 154428K [0x00000000c0000000, 0x0000000100000000)
  region size 1024K, 65 young (66560K), 7 survivors (7168K)
 Metaspace       used 47845K, committed 48256K, reserved 1114112K
  class space    used 5831K, committed 6016K, reserved 1048576K
}
Event: 4.041 GC heap after
{Heap after GC invocations=22 (full 0):
 garbage-first heap   total 227328K, used 98820K [0x00000000c0000000, 0x0000000100000000)
  region size 1024K, 5 young (5120K), 5 survivors (5120K)
 Metaspace       used 47845K, committed 48256K, reserved 1114112K
  class space    used 5831K, committed 6016K, reserved 1048576K
}
Event: 4.087 GC heap before
{Heap before GC invocations=22 (full 0):
 garbage-first heap   total 227328K, used 163332K [0x00000000c0000000, 0x0000000100000000)
  region size 1024K, 70 young (71680K), 5 survivors (5120K)
 Metaspace       used 48487K, committed 48896K, reserved 1114112K
  class space    used 5882K, committed 6080K, reserved 1048576K
}
Event: 4.092 GC heap after
{Heap after GC invocations=23 (full 0):
 garbage-first heap   total 227328K, used 100364K [0x00000000c0000000, 0x0000000100000000)
  region size 1024K, 6 young (6144K), 6 survivors (6144K)
 Metaspace       used 48487K, committed 48896K, reserved 1114112K
  class space    used 5882K, committed 6080K, reserved 1048576K
}
Event: 4.127 GC heap before
{Heap before GC invocations=24 (full 0):
 garbage-first heap   total 227328K, used 168972K [0x00000000c0000000, 0x0000000100000000)
  region size 1024K, 74 young (75776K), 6 survivors (6144K)
 Metaspace       used 49058K, committed 49536K, reserved 1114112K
  class space    used 5947K, committed 6208K, reserved 1048576K
}
Event: 4.132 GC heap after
{Heap after GC invocations=25 (full 0):
 garbage-first heap   total 227328K, used 103164K [0x00000000c0000000, 0x0000000100000000)
  region size 1024K, 8 young (8192K), 8 survivors (8192K)
 Metaspace       used 49058K, committed 49536K, reserved 1114112K
  class space    used 5947K, committed 6208K, reserved 1048576K
}
Event: 4.136 GC heap before
{Heap before GC invocations=25 (full 0):
 garbage-first heap   total 227328K, used 105212K [0x00000000c0000000, 0x0000000100000000)
  region size 1024K, 11 young (11264K), 8 survivors (8192K)
 Metaspace       used 49121K, committed 49664K, reserved 1114112K
  class space    used 5952K, committed 6208K, reserved 1048576K
}
Event: 4.146 GC heap after
{Heap after GC invocations=26 (full 0):
 garbage-first heap   total 521216K, used 102556K [0x00000000c0000000, 0x0000000100000000)
  region size 1024K, 2 young (2048K), 2 survivors (2048K)
 Metaspace       used 49121K, committed 49664K, reserved 1114112K
  class space    used 5952K, committed 6208K, reserved 1048576K
}
Event: 4.273 GC heap before
{Heap before GC invocations=26 (full 0):
 garbage-first heap   total 521216K, used 374940K [0x00000000c0000000, 0x0000000100000000)
  region size 1024K, 269 young (275456K), 2 survivors (2048K)
 Metaspace       used 49664K, committed 50112K, reserved 1114112K
  class space    used 6029K, committed 6272K, reserved 1048576K
}
Event: 4.288 GC heap after
{Heap after GC invocations=27 (full 0):
 garbage-first heap   total 521216K, used 112820K [0x00000000c0000000, 0x0000000100000000)
  region size 1024K, 12 young (12288K), 12 survivors (12288K)
 Metaspace       used 49664K, committed 50112K, reserved 1114112K
  class space    used 6029K, committed 6272K, reserved 1048576K
}
Event: 4.407 GC heap before
{Heap before GC invocations=27 (full 0):
 garbage-first heap   total 521216K, used 402612K [0x00000000c0000000, 0x0000000100000000)
  region size 1024K, 296 young (303104K), 12 survivors (12288K)
 Metaspace       used 50268K, committed 50688K, reserved 1114112K
  class space    used 6092K, committed 6272K, reserved 1048576K
}
Event: 4.419 GC heap after
{Heap after GC invocations=28 (full 0):
 garbage-first heap   total 521216K, used 125119K [0x00000000c0000000, 0x0000000100000000)
  region size 1024K, 24 young (24576K), 24 survivors (24576K)
 Metaspace       used 50268K, committed 50688K, reserved 1114112K
  class space    used 6092K, committed 6272K, reserved 1048576K
}
Event: 4.523 GC heap before
{Heap before GC invocations=28 (full 0):
 garbage-first heap   total 521216K, used 411839K [0x00000000c0000000, 0x0000000100000000)
  region size 1024K, 305 young (312320K), 24 survivors (24576K)
 Metaspace       used 50518K, committed 51008K, reserved 1114112K
  class space    used 6124K, committed 6336K, reserved 1048576K
}
Event: 4.538 GC heap after
{Heap after GC invocations=29 (full 0):
 garbage-first heap   total 521216K, used 136392K [0x00000000c0000000, 0x0000000100000000)
  region size 1024K, 24 young (24576K), 24 survivors (24576K)
 Metaspace       used 50518K, committed 51008K, reserved 1114112K
  class space    used 6124K, committed 6336K, reserved 1048576K
}
Event: 4.643 GC heap before
{Heap before GC invocations=29 (full 0):
 garbage-first heap   total 521216K, used 421064K [0x00000000c0000000, 0x0000000100000000)
  region size 1024K, 303 young (310272K), 24 survivors (24576K)
 Metaspace       used 50941K, committed 51392K, reserved 1114112K
  class space    used 6177K, committed 6400K, reserved 1048576K
}

