# JRE version: OpenJDK Runtime Environment Temurin-17.0.7+7 (17.0.7+7) (build 17.0.7+7)
# Java VM: OpenJDK 64-Bit Server VM Temurin-17.0.7+7 (17.0.7+7, mixed mode, emulated-client, tiered, compressed oops, compressed class ptrs, g1 gc, windows-amd64)
GC Precious Log:
 CPUs: 8 total, 8 available
 Memory: 8103M
 Large Page Support: Disabled
 NUMA Support: Disabled
 Compressed Oops: Enabled (32-bit)
 Heap Region Size: 1M
 Heap Min Capacity: 8M
 Heap Initial Capacity: 128M
 Heap Max Capacity: 1G
 Pre-touch: Disabled
 Parallel Workers: 8
 Concurrent Workers: 2
 Concurrent Refinement Workers: 8
 Periodic GC: Disabled
Heap:
 garbage-first heap   total 427008K, used 130236K [0x00000000c0000000, 0x0000000100000000)
  region size 1024K, 19 young (19456K), 19 survivors (19456K)
 Metaspace       used 47899K, committed 48320K, reserved 1114112K
  class space    used 5827K, committed 6016K, reserved 1048576K
GC Heap History (20 events):
Event: 4.870 GC heap after
{Heap after GC invocations=18 (full 0):
 garbage-first heap   total 125952K, used 61994K [0x00000000c0000000, 0x0000000100000000)
  region size 1024K, 6 young (6144K), 6 survivors (6144K)
 Metaspace       used 43990K, committed 44480K, reserved 1114112K
  class space    used 5425K, committed 5632K, reserved 1048576K
}
Event: 4.885 GC heap before
{Heap before GC invocations=18 (full 0):
 garbage-first heap   total 125952K, used 65066K [0x00000000c0000000, 0x0000000100000000)
  region size 1024K, 11 young (11264K), 6 survivors (6144K)
 Metaspace       used 44359K, committed 44736K, reserved 1114112K
  class space    used 5472K, committed 5632K, reserved 1048576K
}
Event: 4.893 GC heap after
{Heap after GC invocations=19 (full 0):
 garbage-first heap   total 125952K, used 64216K [0x00000000c0000000, 0x0000000100000000)
  region size 1024K, 2 young (2048K), 2 survivors (2048K)
 Metaspace       used 44359K, committed 44736K, reserved 1114112K
  class space    used 5472K, committed 5632K, reserved 1048576K
}
Event: 5.030 GC heap before
{Heap before GC invocations=20 (full 0):
 garbage-first heap   total 142336K, used 99032K [0x00000000c0000000, 0x0000000100000000)
  region size 1024K, 34 young (34816K), 2 survivors (2048K)
 Metaspace       used 45386K, committed 45824K, reserved 1114112K
  class space    used 5617K, committed 5824K, reserved 1048576K
}
Event: 5.049 GC heap after
{Heap after GC invocations=21 (full 0):
 garbage-first heap   total 142336K, used 80797K [0x00000000c0000000, 0x0000000100000000)
  region size 1024K, 5 young (5120K), 5 survivors (5120K)
 Metaspace       used 45386K, committed 45824K, reserved 1114112K
  class space    used 5617K, committed 5824K, reserved 1048576K
}
Event: 5.053 GC heap before
{Heap before GC invocations=21 (full 0):
 garbage-first heap   total 142336K, used 81821K [0x00000000c0000000, 0x0000000100000000)
  region size 1024K, 6 young (6144K), 5 survivors (5120K)
 Metaspace       used 45415K, committed 45888K, reserved 1114112K
  class space    used 5622K, committed 5824K, reserved 1048576K
}
Event: 5.061 GC heap after
{Heap after GC invocations=22 (full 0):
 garbage-first heap   total 142336K, used 81911K [0x00000000c0000000, 0x0000000100000000)
  region size 1024K, 1 young (1024K), 1 survivors (1024K)
 Metaspace       used 45415K, committed 45888K, reserved 1114112K
  class space    used 5622K, committed 5824K, reserved 1048576K
}
Event: 5.129 GC heap before
{Heap before GC invocations=22 (full 0):
 garbage-first heap   total 142336K, used 105463K [0x00000000c0000000, 0x0000000100000000)
  region size 1024K, 25 young (25600K), 1 survivors (1024K)
 Metaspace       used 46491K, committed 46976K, reserved 1114112K
  class space    used 5712K, committed 5952K, reserved 1048576K
}
Event: 5.152 GC heap after
{Heap after GC invocations=23 (full 0):
 garbage-first heap   total 427008K, used 89381K [0x00000000c0000000, 0x0000000100000000)
  region size 1024K, 4 young (4096K), 4 survivors (4096K)
 Metaspace       used 46491K, committed 46976K, reserved 1114112K
  class space    used 5712K, committed 5952K, reserved 1048576K
}
Event: 5.291 GC heap before
{Heap before GC invocations=23 (full 0):
 garbage-first heap   total 427008K, used 234789K [0x00000000c0000000, 0x0000000100000000)
  region size 1024K, 148 young (151552K), 4 survivors (4096K)
 Metaspace       used 46555K, committed 47040K, reserved 1114112K
  class space    used 5720K, committed 5952K, reserved 1048576K
}
Event: 5.300 GC heap after
{Heap after GC invocations=24 (full 0):
 garbage-first heap   total 427008K, used 94632K [0x00000000c0000000, 0x0000000100000000)
  region size 1024K, 11 young (11264K), 11 survivors (11264K)
 Metaspace       used 46555K, committed 47040K, reserved 1114112K
  class space    used 5720K, committed 5952K, reserved 1048576K
}
Event: 5.417 GC heap before
{Heap before GC invocations=25 (full 0):
 garbage-first heap   total 427008K, used 305576K [0x00000000c0000000, 0x0000000100000000)
  region size 1024K, 218 young (223232K), 11 survivors (11264K)
 Metaspace       used 46759K, committed 47232K, reserved 1114112K
  class space    used 5742K, committed 5952K, reserved 1048576K
}
Event: 5.427 GC heap after
{Heap after GC invocations=26 (full 0):
 garbage-first heap   total 427008K, used 103244K [0x00000000c0000000, 0x0000000100000000)
  region size 1024K, 19 young (19456K), 19 survivors (19456K)
 Metaspace       used 46759K, committed 47232K, reserved 1114112K
  class space    used 5742K, committed 5952K, reserved 1048576K
}
Event: 5.431 GC heap before
{Heap before GC invocations=26 (full 0):
 garbage-first heap   total 427008K, used 104268K [0x00000000c0000000, 0x0000000100000000)
  region size 1024K, 21 young (21504K), 19 survivors (19456K)
 Metaspace       used 46759K, committed 47232K, reserved 1114112K
  class space    used 5742K, committed 5952K, reserved 1048576K
}
Event: 5.444 GC heap after
{Heap after GC invocations=27 (full 0):
 garbage-first heap   total 427008K, used 104260K [0x00000000c0000000, 0x0000000100000000)
  region size 1024K, 3 young (3072K), 3 survivors (3072K)
 Metaspace       used 46759K, committed 47232K, reserved 1114112K
  class space    used 5742K, committed 5952K, reserved 1048576K
}
Event: 5.539 GC heap before
{Heap before GC invocations=27 (full 0):
 garbage-first heap   total 427008K, used 323396K [0x00000000c0000000, 0x0000000100000000)
  region size 1024K, 218 young (223232K), 3 survivors (3072K)
 Metaspace       used 47218K, committed 47680K, reserved 1114112K
  class space    used 5759K, committed 5952K, reserved 1048576K
}
Event: 5.548 GC heap after
{Heap after GC invocations=28 (full 0):
 garbage-first heap   total 427008K, used 112322K [0x00000000c0000000, 0x0000000100000000)
  region size 1024K, 11 young (11264K), 11 survivors (11264K)
 Metaspace       used 47218K, committed 47680K, reserved 1114112K
  class space    used 5759K, committed 5952K, reserved 1048576K
}
Event: 5.620 GC heap before
{Heap before GC invocations=28 (full 0):
 garbage-first heap   total 427008K, used 330434K [0x00000000c0000000, 0x0000000100000000)
  region size 1024K, 225 young (230400K), 11 survivors (11264K)
 Metaspace       used 47717K, committed 48192K, reserved 1114112K
  class space    used 5801K, committed 6016K, reserved 1048576K
}
Event: 5.629 GC heap after
{Heap after GC invocations=29 (full 0):
 garbage-first heap   total 427008K, used 120915K [0x00000000c0000000, 0x0000000100000000)
  region size 1024K, 19 young (19456K), 19 survivors (19456K)
 Metaspace       used 47717K, committed 48192K, reserved 1114112K
  class space    used 5801K, committed 6016K, reserved 1048576K
}
Event: 5.699 GC heap before
{Heap before GC invocations=29 (full 0):
 garbage-first heap   total 427008K, used 339027K [0x00000000c0000000, 0x0000000100000000)
  region size 1024K, 233 young (238592K), 19 survivors (19456K)
 Metaspace       used 47899K, committed 48320K, reserved 1114112K
  class space    used 5827K, committed 6016K, reserved 1048576K
}

