# JRE version: OpenJDK Runtime Environment Temurin-17.0.7+7 (17.0.7+7) (build 17.0.7+7)
# Java VM: OpenJDK 64-Bit Server VM Temurin-17.0.7+7 (17.0.7+7, mixed mode, emulated-client, tiered, compressed oops, compressed class ptrs, g1 gc, windows-amd64)
GC Precious Log:
 CPUs: 8 total, 8 available
 Memory: 8103M
 Large Page Support: Disabled
 NUMA Support: Disabled
 Compressed Oops: Enabled (32-bit)
 Heap Region Size: 1M
 Heap Min Capacity: 8M
 Heap Initial Capacity: 128M
 Heap Max Capacity: 1G
 Pre-touch: Disabled
 Parallel Workers: 8
 Concurrent Workers: 2
 Concurrent Refinement Workers: 8
 Periodic GC: Disabled
Heap:
 garbage-first heap   total 509952K, used 214999K [0x00000000c0000000, 0x0000000100000000)
  region size 1024K, 22 young (22528K), 22 survivors (22528K)
 Metaspace       used 56479K, committed 56960K, reserved 1114112K
  class space    used 6880K, committed 7104K, reserved 1048576K
GC Heap History (20 events):
Event: 4.021 GC heap after
{Heap after GC invocations=23 (full 0):
 garbage-first heap   total 405504K, used 101853K [0x00000000c0000000, 0x0000000100000000)
  region size 1024K, 7 young (7168K), 7 survivors (7168K)
 Metaspace       used 46302K, committed 46784K, reserved 1114112K
  class space    used 5652K, committed 5888K, reserved 1048576K
}
Event: 4.101 GC heap before
{Heap before GC invocations=23 (full 0):
 garbage-first heap   total 405504K, used 285149K [0x00000000c0000000, 0x0000000100000000)
  region size 1024K, 187 young (191488K), 7 survivors (7168K)
 Metaspace       used 46953K, committed 47424K, reserved 1114112K
  class space    used 5703K, committed 5888K, reserved 1048576K
}
Event: 4.107 GC heap after
{Heap after GC invocations=24 (full 0):
 garbage-first heap   total 405504K, used 109747K [0x00000000c0000000, 0x0000000100000000)
  region size 1024K, 15 young (15360K), 15 survivors (15360K)
 Metaspace       used 46953K, committed 47424K, reserved 1114112K
  class space    used 5703K, committed 5888K, reserved 1048576K
}
Event: 4.179 GC heap before
{Heap before GC invocations=24 (full 0):
 garbage-first heap   total 405504K, used 310451K [0x00000000c0000000, 0x0000000100000000)
  region size 1024K, 212 young (217088K), 15 survivors (15360K)
 Metaspace       used 47405K, committed 47872K, reserved 1114112K
  class space    used 5752K, committed 6016K, reserved 1048576K
}
Event: 4.188 GC heap after
{Heap after GC invocations=25 (full 0):
 garbage-first heap   total 405504K, used 118073K [0x00000000c0000000, 0x0000000100000000)
  region size 1024K, 20 young (20480K), 20 survivors (20480K)
 Metaspace       used 47405K, committed 47872K, reserved 1114112K
  class space    used 5752K, committed 6016K, reserved 1048576K
}
Event: 4.259 GC heap before
{Heap before GC invocations=25 (full 0):
 garbage-first heap   total 405504K, used 317753K [0x00000000c0000000, 0x0000000100000000)
  region size 1024K, 216 young (221184K), 20 survivors (20480K)
 Metaspace       used 47918K, committed 48384K, reserved 1114112K
  class space    used 5809K, committed 6016K, reserved 1048576K
}
Event: 4.272 GC heap after
{Heap after GC invocations=26 (full 0):
 garbage-first heap   total 405504K, used 127051K [0x00000000c0000000, 0x0000000100000000)
  region size 1024K, 18 young (18432K), 18 survivors (18432K)
 Metaspace       used 47918K, committed 48384K, reserved 1114112K
  class space    used 5809K, committed 6016K, reserved 1048576K
}
Event: 4.342 GC heap before
{Heap before GC invocations=26 (full 0):
 garbage-first heap   total 405504K, used 324683K [0x00000000c0000000, 0x0000000100000000)
  region size 1024K, 212 young (217088K), 18 survivors (18432K)
 Metaspace       used 48053K, committed 48512K, reserved 1114112K
  class space    used 5829K, committed 6016K, reserved 1048576K
}
Event: 4.352 GC heap after
{Heap after GC invocations=27 (full 0):
 garbage-first heap   total 509952K, used 135127K [0x00000000c0000000, 0x0000000100000000)
  region size 1024K, 17 young (17408K), 17 survivors (17408K)
 Metaspace       used 48053K, committed 48512K, reserved 1114112K
  class space    used 5829K, committed 6016K, reserved 1048576K
}
Event: 4.447 GC heap before
{Heap before GC invocations=27 (full 0):
 garbage-first heap   total 509952K, used 412631K [0x00000000c0000000, 0x0000000100000000)
  region size 1024K, 289 young (295936K), 17 survivors (17408K)
 Metaspace       used 48278K, committed 48704K, reserved 1114112K
  class space    used 5854K, committed 6016K, reserved 1048576K
}
Event: 4.459 GC heap after
{Heap after GC invocations=28 (full 0):
 garbage-first heap   total 509952K, used 145763K [0x00000000c0000000, 0x0000000100000000)
  region size 1024K, 28 young (28672K), 28 survivors (28672K)
 Metaspace       used 48278K, committed 48704K, reserved 1114112K
  class space    used 5854K, committed 6016K, reserved 1048576K
}
Event: 4.526 GC heap before
{Heap before GC invocations=28 (full 0):
 garbage-first heap   total 509952K, used 415075K [0x00000000c0000000, 0x0000000100000000)
  region size 1024K, 292 young (299008K), 28 survivors (28672K)
 Metaspace       used 48560K, committed 49024K, reserved 1114112K
  class space    used 5886K, committed 6080K, reserved 1048576K
}
Event: 4.541 GC heap after
{Heap after GC invocations=29 (full 0):
 garbage-first heap   total 509952K, used 164261K [0x00000000c0000000, 0x0000000100000000)
  region size 1024K, 37 young (37888K), 37 survivors (37888K)
 Metaspace       used 48560K, committed 49024K, reserved 1114112K
  class space    used 5886K, committed 6080K, reserved 1048576K
}
Event: 4.798 GC heap before
{Heap before GC invocations=29 (full 0):
 garbage-first heap   total 509952K, used 416165K [0x00000000c0000000, 0x0000000100000000)
  region size 1024K, 283 young (289792K), 37 survivors (37888K)
 Metaspace       used 51694K, committed 52160K, reserved 1114112K
  class space    used 6270K, committed 6464K, reserved 1048576K
}
Event: 4.815 GC heap after
{Heap after GC invocations=30 (full 0):
 garbage-first heap   total 509952K, used 177274K [0x00000000c0000000, 0x0000000100000000)
  region size 1024K, 30 young (30720K), 30 survivors (30720K)
 Metaspace       used 51694K, committed 52160K, reserved 1114112K
  class space    used 6270K, committed 6464K, reserved 1048576K
}
Event: 5.051 GC heap before
{Heap before GC invocations=30 (full 0):
 garbage-first heap   total 509952K, used 418938K [0x00000000c0000000, 0x0000000100000000)
  region size 1024K, 267 young (273408K), 30 survivors (30720K)
 Metaspace       used 53653K, committed 54144K, reserved 1114112K
  class space    used 6546K, committed 6784K, reserved 1048576K
}
Event: 5.068 GC heap after
{Heap after GC invocations=31 (full 0):
 garbage-first heap   total 509952K, used 191830K [0x00000000c0000000, 0x0000000100000000)
  region size 1024K, 26 young (26624K), 26 survivors (26624K)
 Metaspace       used 53653K, committed 54144K, reserved 1114112K
  class space    used 6546K, committed 6784K, reserved 1048576K
}
Event: 5.316 GC heap before
{Heap before GC invocations=31 (full 0):
 garbage-first heap   total 509952K, used 422230K [0x00000000c0000000, 0x0000000100000000)
  region size 1024K, 252 young (258048K), 26 survivors (26624K)
 Metaspace       used 56411K, committed 56896K, reserved 1114112K
  class space    used 6871K, committed 7104K, reserved 1048576K
}
Event: 5.338 GC heap after
{Heap after GC invocations=32 (full 0):
 garbage-first heap   total 509952K, used 206710K [0x00000000c0000000, 0x0000000100000000)
  region size 1024K, 28 young (28672K), 28 survivors (28672K)
 Metaspace       used 56411K, committed 56896K, reserved 1114112K
  class space    used 6871K, committed 7104K, reserved 1048576K
}
Event: 5.523 GC heap before
{Heap before GC invocations=32 (full 0):
 garbage-first heap   total 509952K, used 423798K [0x00000000c0000000, 0x0000000100000000)
  region size 1024K, 241 young (246784K), 28 survivors (28672K)
 Metaspace       used 56479K, committed 56960K, reserved 1114112K
  class space    used 6880K, committed 7104K, reserved 1048576K
}

