# JRE version: OpenJDK Runtime Environment Temurin-17.0.7+7 (17.0.7+7) (build 17.0.7+7)
# Java VM: OpenJDK 64-Bit Server VM Temurin-17.0.7+7 (17.0.7+7, mixed mode, emulated-client, tiered, compressed oops, compressed class ptrs, g1 gc, windows-amd64)
GC Precious Log:
 CPUs: 8 total, 8 available
 Memory: 8103M
 Large Page Support: Disabled
 NUMA Support: Disabled
 Compressed Oops: Enabled (32-bit)
 Heap Region Size: 1M
 Heap Min Capacity: 8M
 Heap Initial Capacity: 128M
 Heap Max Capacity: 1G
 Pre-touch: Disabled
 Parallel Workers: 8
 Concurrent Workers: 2
 Concurrent Refinement Workers: 8
 Periodic GC: Disabled
Heap:
 garbage-first heap   total 447488K, used 140497K [0x00000000c0000000, 0x0000000100000000)
  region size 1024K, 19 young (19456K), 19 survivors (19456K)
 Metaspace       used 50395K, committed 50880K, reserved 1114112K
  class space    used 6104K, committed 6336K, reserved 1048576K
GC Heap History (20 events):
Event: 3.643 GC heap after
{Heap after GC invocations=16 (full 0):
 garbage-first heap   total 141312K, used 60017K [0x00000000c0000000, 0x0000000100000000)
  region size 1024K, 8 young (8192K), 8 survivors (8192K)
 Metaspace       used 43614K, committed 44032K, reserved 1114112K
  class space    used 5389K, committed 5568K, reserved 1048576K
}
Event: 3.800 GC heap before
{Heap before GC invocations=16 (full 0):
 garbage-first heap   total 141312K, used 103025K [0x00000000c0000000, 0x0000000100000000)
  region size 1024K, 49 young (50176K), 8 survivors (8192K)
 Metaspace       used 45979K, committed 46400K, reserved 1114112K
  class space    used 5682K, committed 5888K, reserved 1048576K
}
Event: 3.812 GC heap after
{Heap after GC invocations=17 (full 0):
 garbage-first heap   total 141312K, used 75776K [0x00000000c0000000, 0x0000000100000000)
  region size 1024K, 7 young (7168K), 7 survivors (7168K)
 Metaspace       used 45979K, committed 46400K, reserved 1114112K
  class space    used 5682K, committed 5888K, reserved 1048576K
}
Event: 3.831 GC heap before
{Heap before GC invocations=17 (full 0):
 garbage-first heap   total 141312K, used 82944K [0x00000000c0000000, 0x0000000100000000)
  region size 1024K, 16 young (16384K), 7 survivors (7168K)
 Metaspace       used 46388K, committed 46848K, reserved 1114112K
  class space    used 5706K, committed 5888K, reserved 1048576K
}
Event: 3.840 GC heap after
{Heap after GC invocations=18 (full 0):
 garbage-first heap   total 247808K, used 82325K [0x00000000c0000000, 0x0000000100000000)
  region size 1024K, 5 young (5120K), 5 survivors (5120K)
 Metaspace       used 46388K, committed 46848K, reserved 1114112K
  class space    used 5706K, committed 5888K, reserved 1048576K
}
Event: 3.929 GC heap before
{Heap before GC invocations=18 (full 0):
 garbage-first heap   total 247808K, used 160149K [0x00000000c0000000, 0x0000000100000000)
  region size 1024K, 81 young (82944K), 5 survivors (5120K)
 Metaspace       used 47469K, committed 47936K, reserved 1114112K
  class space    used 5802K, committed 6016K, reserved 1048576K
}
Event: 3.951 GC heap after
{Heap after GC invocations=19 (full 0):
 garbage-first heap   total 247808K, used 93549K [0x00000000c0000000, 0x0000000100000000)
  region size 1024K, 11 young (11264K), 11 survivors (11264K)
 Metaspace       used 47469K, committed 47936K, reserved 1114112K
  class space    used 5802K, committed 6016K, reserved 1048576K
}
Event: 3.987 GC heap before
{Heap before GC invocations=19 (full 0):
 garbage-first heap   total 247808K, used 162157K [0x00000000c0000000, 0x0000000100000000)
  region size 1024K, 79 young (80896K), 11 survivors (11264K)
 Metaspace       used 47491K, committed 47936K, reserved 1114112K
  class space    used 5804K, committed 6016K, reserved 1048576K
}
Event: 3.995 GC heap after
{Heap after GC invocations=20 (full 0):
 garbage-first heap   total 247808K, used 97111K [0x00000000c0000000, 0x0000000100000000)
  region size 1024K, 4 young (4096K), 4 survivors (4096K)
 Metaspace       used 47491K, committed 47936K, reserved 1114112K
  class space    used 5804K, committed 6016K, reserved 1048576K
}
Event: 4.041 GC heap before
{Heap before GC invocations=20 (full 0):
 garbage-first heap   total 247808K, used 169815K [0x00000000c0000000, 0x0000000100000000)
  region size 1024K, 76 young (77824K), 4 survivors (4096K)
 Metaspace       used 48067K, committed 48576K, reserved 1114112K
  class space    used 5849K, committed 6080K, reserved 1048576K
}
Event: 4.044 GC heap after
{Heap after GC invocations=21 (full 0):
 garbage-first heap   total 247808K, used 99365K [0x00000000c0000000, 0x0000000100000000)
  region size 1024K, 6 young (6144K), 6 survivors (6144K)
 Metaspace       used 48067K, committed 48576K, reserved 1114112K
  class space    used 5849K, committed 6080K, reserved 1048576K
}
Event: 4.073 GC heap before
{Heap before GC invocations=21 (full 0):
 garbage-first heap   total 247808K, used 178213K [0x00000000c0000000, 0x0000000100000000)
  region size 1024K, 84 young (86016K), 6 survivors (6144K)
 Metaspace       used 48317K, committed 48768K, reserved 1114112K
  class space    used 5873K, committed 6080K, reserved 1048576K
}
Event: 4.078 GC heap after
{Heap after GC invocations=22 (full 0):
 garbage-first heap   total 447488K, used 103390K [0x00000000c0000000, 0x0000000100000000)
  region size 1024K, 10 young (10240K), 10 survivors (10240K)
 Metaspace       used 48317K, committed 48768K, reserved 1114112K
  class space    used 5873K, committed 6080K, reserved 1048576K
}
Event: 4.173 GC heap before
{Heap before GC invocations=22 (full 0):
 garbage-first heap   total 447488K, used 334814K [0x00000000c0000000, 0x0000000100000000)
  region size 1024K, 237 young (242688K), 10 survivors (10240K)
 Metaspace       used 49121K, committed 49600K, reserved 1114112K
  class space    used 5957K, committed 6208K, reserved 1048576K
}
Event: 4.180 GC heap after
{Heap after GC invocations=23 (full 0):
 garbage-first heap   total 447488K, used 111579K [0x00000000c0000000, 0x0000000100000000)
  region size 1024K, 18 young (18432K), 18 survivors (18432K)
 Metaspace       used 49121K, committed 49600K, reserved 1114112K
  class space    used 5957K, committed 6208K, reserved 1048576K
}
Event: 4.260 GC heap before
{Heap before GC invocations=23 (full 0):
 garbage-first heap   total 447488K, used 345051K [0x00000000c0000000, 0x0000000100000000)
  region size 1024K, 247 young (252928K), 18 survivors (18432K)
 Metaspace       used 49563K, committed 50048K, reserved 1114112K
  class space    used 6012K, committed 6272K, reserved 1048576K
}
Event: 4.272 GC heap after
{Heap after GC invocations=24 (full 0):
 garbage-first heap   total 447488K, used 121673K [0x00000000c0000000, 0x0000000100000000)
  region size 1024K, 25 young (25600K), 25 survivors (25600K)
 Metaspace       used 49563K, committed 50048K, reserved 1114112K
  class space    used 6012K, committed 6272K, reserved 1048576K
}
Event: 4.350 GC heap before
{Heap before GC invocations=24 (full 0):
 garbage-first heap   total 447488K, used 354121K [0x00000000c0000000, 0x0000000100000000)
  region size 1024K, 253 young (259072K), 25 survivors (25600K)
 Metaspace       used 49990K, committed 50496K, reserved 1114112K
  class space    used 6058K, committed 6272K, reserved 1048576K
}
Event: 4.365 GC heap after
{Heap after GC invocations=25 (full 0):
 garbage-first heap   total 447488K, used 130107K [0x00000000c0000000, 0x0000000100000000)
  region size 1024K, 19 young (19456K), 19 survivors (19456K)
 Metaspace       used 49990K, committed 50496K, reserved 1114112K
  class space    used 6058K, committed 6272K, reserved 1048576K
}
Event: 4.440 GC heap before
{Heap before GC invocations=25 (full 0):
 garbage-first heap   total 447488K, used 360507K [0x00000000c0000000, 0x0000000100000000)
  region size 1024K, 245 young (250880K), 19 survivors (19456K)
 Metaspace       used 50395K, committed 50880K, reserved 1114112K
  class space    used 6104K, committed 6336K, reserved 1048576K
}

