# JRE version: OpenJDK Runtime Environment Temurin-17.0.7+7 (17.0.7+7) (build 17.0.7+7)
# Java VM: OpenJDK 64-Bit Server VM Temurin-17.0.7+7 (17.0.7+7, mixed mode, emulated-client, tiered, compressed oops, compressed class ptrs, g1 gc, windows-amd64)
GC Precious Log:
 CPUs: 8 total, 8 available
 Memory: 8103M
 Large Page Support: Disabled
 NUMA Support: Disabled
 Compressed Oops: Enabled (32-bit)
 Heap Region Size: 1M
 Heap Min Capacity: 8M
 Heap Initial Capacity: 128M
 Heap Max Capacity: 1G
 Pre-touch: Disabled
 Parallel Workers: 8
 Concurrent Workers: 2
 Concurrent Refinement Workers: 8
 Periodic GC: Disabled
Heap:
 garbage-first heap   total 296960K, used 104099K [0x00000000c0000000, 0x0000000100000000)
  region size 1024K, 11 young (11264K), 11 survivors (11264K)
 Metaspace       used 45539K, committed 46016K, reserved 1114112K
  class space    used 5600K, committed 5824K, reserved 1048576K
GC Heap History (20 events):
Event: 3.394 GC heap after
{Heap after GC invocations=15 (full 0):
 garbage-first heap   total 133120K, used 40088K [0x00000000c0000000, 0x0000000100000000)
  region size 1024K, 3 young (3072K), 3 survivors (3072K)
 Metaspace       used 41567K, committed 41984K, reserved 1114112K
  class space    used 5213K, committed 5440K, reserved 1048576K
}
Event: 3.492 GC heap before
{Heap before GC invocations=16 (full 0):
 garbage-first heap   total 133120K, used 94360K [0x00000000c0000000, 0x0000000100000000)
  region size 1024K, 57 young (58368K), 3 survivors (3072K)
 Metaspace       used 42542K, committed 42944K, reserved 1114112K
  class space    used 5304K, committed 5504K, reserved 1048576K
}
Event: 3.507 GC heap after
{Heap after GC invocations=17 (full 0):
 garbage-first heap   total 133120K, used 53452K [0x00000000c0000000, 0x0000000100000000)
  region size 1024K, 8 young (8192K), 8 survivors (8192K)
 Metaspace       used 42542K, committed 42944K, reserved 1114112K
  class space    used 5304K, committed 5504K, reserved 1048576K
}
Event: 3.573 GC heap before
{Heap before GC invocations=17 (full 0):
 garbage-first heap   total 133120K, used 92364K [0x00000000c0000000, 0x0000000100000000)
  region size 1024K, 47 young (48128K), 8 survivors (8192K)
 Metaspace       used 43282K, committed 43712K, reserved 1114112K
  class space    used 5339K, committed 5568K, reserved 1048576K
}
Event: 3.582 GC heap after
{Heap after GC invocations=18 (full 0):
 garbage-first heap   total 133120K, used 61395K [0x00000000c0000000, 0x0000000100000000)
  region size 1024K, 6 young (6144K), 6 survivors (6144K)
 Metaspace       used 43282K, committed 43712K, reserved 1114112K
  class space    used 5339K, committed 5568K, reserved 1048576K
}
Event: 3.722 GC heap before
{Heap before GC invocations=18 (full 0):
 garbage-first heap   total 133120K, used 97235K [0x00000000c0000000, 0x0000000100000000)
  region size 1024K, 41 young (41984K), 6 survivors (6144K)
 Metaspace       used 44525K, committed 44928K, reserved 1114112K
  class space    used 5459K, committed 5632K, reserved 1048576K
}
Event: 3.731 GC heap after
{Heap after GC invocations=19 (full 0):
 garbage-first heap   total 133120K, used 72088K [0x00000000c0000000, 0x0000000100000000)
  region size 1024K, 6 young (6144K), 6 survivors (6144K)
 Metaspace       used 44525K, committed 44928K, reserved 1114112K
  class space    used 5459K, committed 5632K, reserved 1048576K
}
Event: 3.747 GC heap before
{Heap before GC invocations=19 (full 0):
 garbage-first heap   total 133120K, used 77208K [0x00000000c0000000, 0x0000000100000000)
  region size 1024K, 12 young (12288K), 6 survivors (6144K)
 Metaspace       used 44665K, committed 45120K, reserved 1114112K
  class space    used 5471K, committed 5632K, reserved 1048576K
}
Event: 3.755 GC heap after
{Heap after GC invocations=20 (full 0):
 garbage-first heap   total 133120K, used 76633K [0x00000000c0000000, 0x0000000100000000)
  region size 1024K, 4 young (4096K), 4 survivors (4096K)
 Metaspace       used 44665K, committed 45120K, reserved 1114112K
  class space    used 5471K, committed 5632K, reserved 1048576K
}
Event: 3.825 GC heap before
{Heap before GC invocations=20 (full 0):
 garbage-first heap   total 133120K, used 98137K [0x00000000c0000000, 0x0000000100000000)
  region size 1024K, 25 young (25600K), 4 survivors (4096K)
 Metaspace       used 45015K, committed 45440K, reserved 1114112K
  class space    used 5523K, committed 5696K, reserved 1048576K
}
Event: 3.847 GC heap after
{Heap after GC invocations=21 (full 0):
 garbage-first heap   total 296960K, used 85135K [0x00000000c0000000, 0x0000000100000000)
  region size 1024K, 4 young (4096K), 4 survivors (4096K)
 Metaspace       used 45015K, committed 45440K, reserved 1114112K
  class space    used 5523K, committed 5696K, reserved 1048576K
}
Event: 3.932 GC heap before
{Heap before GC invocations=22 (full 0):
 garbage-first heap   total 296960K, used 188559K [0x00000000c0000000, 0x0000000100000000)
  region size 1024K, 107 young (109568K), 4 survivors (4096K)
 Metaspace       used 45268K, committed 45760K, reserved 1114112K
  class space    used 5554K, committed 5760K, reserved 1048576K
}
Event: 3.938 GC heap after
{Heap after GC invocations=23 (full 0):
 garbage-first heap   total 296960K, used 88757K [0x00000000c0000000, 0x0000000100000000)
  region size 1024K, 9 young (9216K), 9 survivors (9216K)
 Metaspace       used 45268K, committed 45760K, reserved 1114112K
  class space    used 5554K, committed 5760K, reserved 1048576K
}
Event: 3.941 GC heap before
{Heap before GC invocations=23 (full 0):
 garbage-first heap   total 296960K, used 92853K [0x00000000c0000000, 0x0000000100000000)
  region size 1024K, 14 young (14336K), 9 survivors (9216K)
 Metaspace       used 45277K, committed 45760K, reserved 1114112K
  class space    used 5556K, committed 5760K, reserved 1048576K
}
Event: 3.946 GC heap after
{Heap after GC invocations=24 (full 0):
 garbage-first heap   total 296960K, used 89066K [0x00000000c0000000, 0x0000000100000000)
  region size 1024K, 2 young (2048K), 2 survivors (2048K)
 Metaspace       used 45277K, committed 45760K, reserved 1114112K
  class space    used 5556K, committed 5760K, reserved 1048576K
}
Event: 4.004 GC heap before
{Heap before GC invocations=24 (full 0):
 garbage-first heap   total 296960K, used 217066K [0x00000000c0000000, 0x0000000100000000)
  region size 1024K, 128 young (131072K), 2 survivors (2048K)
 Metaspace       used 45350K, committed 45824K, reserved 1114112K
  class space    used 5570K, committed 5760K, reserved 1048576K
}
Event: 4.007 GC heap after
{Heap after GC invocations=25 (full 0):
 garbage-first heap   total 296960K, used 93275K [0x00000000c0000000, 0x0000000100000000)
  region size 1024K, 6 young (6144K), 6 survivors (6144K)
 Metaspace       used 45350K, committed 45824K, reserved 1114112K
  class space    used 5570K, committed 5760K, reserved 1048576K
}
Event: 4.056 GC heap before
{Heap before GC invocations=25 (full 0):
 garbage-first heap   total 296960K, used 223323K [0x00000000c0000000, 0x0000000100000000)
  region size 1024K, 134 young (137216K), 6 survivors (6144K)
 Metaspace       used 45450K, committed 45952K, reserved 1114112K
  class space    used 5589K, committed 5824K, reserved 1048576K
}
Event: 4.063 GC heap after
{Heap after GC invocations=26 (full 0):
 garbage-first heap   total 296960K, used 98357K [0x00000000c0000000, 0x0000000100000000)
  region size 1024K, 11 young (11264K), 11 survivors (11264K)
 Metaspace       used 45450K, committed 45952K, reserved 1114112K
  class space    used 5589K, committed 5824K, reserved 1048576K
}
Event: 4.122 GC heap before
{Heap before GC invocations=26 (full 0):
 garbage-first heap   total 296960K, used 230453K [0x00000000c0000000, 0x0000000100000000)
  region size 1024K, 141 young (144384K), 11 survivors (11264K)
 Metaspace       used 45539K, committed 46016K, reserved 1114112K
  class space    used 5600K, committed 5824K, reserved 1048576K
}

