# JRE version: OpenJDK Runtime Environment Temurin-17.0.7+7 (17.0.7+7) (build 17.0.7+7)
# Java VM: OpenJDK 64-Bit Server VM Temurin-17.0.7+7 (17.0.7+7, mixed mode, emulated-client, tiered, compressed oops, compressed class ptrs, g1 gc, windows-amd64)
GC Precious Log:
 CPUs: 8 total, 8 available
 Memory: 8103M
 Large Page Support: Disabled
 NUMA Support: Disabled
 Compressed Oops: Enabled (32-bit)
 Heap Region Size: 1M
 Heap Min Capacity: 8M
 Heap Initial Capacity: 128M
 Heap Max Capacity: 1G
 Pre-touch: Disabled
 Parallel Workers: 8
 Concurrent Workers: 2
 Concurrent Refinement Workers: 8
 Periodic GC: Disabled
Heap:
 garbage-first heap   total 180224K, used 94061K [0x00000000c0000000, 0x0000000100000000)
  region size 1024K, 4 young (4096K), 4 survivors (4096K)
 Metaspace       used 45348K, committed 45824K, reserved 1114112K
  class space    used 5565K, committed 5760K, reserved 1048576K
GC Heap History (20 events):
Event: 2.664 GC heap after
{Heap after GC invocations=12 (full 0):
 garbage-first heap   total 70656K, used 31141K [0x00000000c0000000, 0x0000000100000000)
  region size 1024K, 5 young (5120K), 5 survivors (5120K)
 Metaspace       used 40680K, committed 41088K, reserved 1114112K
  class space    used 5119K, committed 5312K, reserved 1048576K
}
Event: 2.712 GC heap before
{Heap before GC invocations=12 (full 0):
 garbage-first heap   total 70656K, used 51621K [0x00000000c0000000, 0x0000000100000000)
  region size 1024K, 26 young (26624K), 5 survivors (5120K)
 Metaspace       used 40820K, committed 41216K, reserved 1114112K
  class space    used 5147K, committed 5312K, reserved 1048576K
}
Event: 2.718 GC heap after
{Heap after GC invocations=13 (full 0):
 garbage-first heap   total 90112K, used 35314K [0x00000000c0000000, 0x0000000100000000)
  region size 1024K, 4 young (4096K), 4 survivors (4096K)
 Metaspace       used 40820K, committed 41216K, reserved 1114112K
  class space    used 5147K, committed 5312K, reserved 1048576K
}
Event: 2.801 GC heap before
{Heap before GC invocations=13 (full 0):
 garbage-first heap   total 90112K, used 65010K [0x00000000c0000000, 0x0000000100000000)
  region size 1024K, 34 young (34816K), 4 survivors (4096K)
 Metaspace       used 41574K, committed 41984K, reserved 1114112K
  class space    used 5214K, committed 5440K, reserved 1048576K
}
Event: 2.806 GC heap after
{Heap after GC invocations=14 (full 0):
 garbage-first heap   total 90112K, used 40629K [0x00000000c0000000, 0x0000000100000000)
  region size 1024K, 5 young (5120K), 5 survivors (5120K)
 Metaspace       used 41574K, committed 41984K, reserved 1114112K
  class space    used 5214K, committed 5440K, reserved 1048576K
}
Event: 2.852 GC heap before
{Heap before GC invocations=14 (full 0):
 garbage-first heap   total 90112K, used 66229K [0x00000000c0000000, 0x0000000100000000)
  region size 1024K, 31 young (31744K), 5 survivors (5120K)
 Metaspace       used 42267K, committed 42688K, reserved 1114112K
  class space    used 5280K, committed 5504K, reserved 1048576K
}
Event: 2.858 GC heap after
{Heap after GC invocations=15 (full 0):
 garbage-first heap   total 90112K, used 44959K [0x00000000c0000000, 0x0000000100000000)
  region size 1024K, 4 young (4096K), 4 survivors (4096K)
 Metaspace       used 42267K, committed 42688K, reserved 1114112K
  class space    used 5280K, committed 5504K, reserved 1048576K
}
Event: 2.894 GC heap before
{Heap before GC invocations=15 (full 0):
 garbage-first heap   total 90112K, used 68511K [0x00000000c0000000, 0x0000000100000000)
  region size 1024K, 28 young (28672K), 4 survivors (4096K)
 Metaspace       used 42590K, committed 43008K, reserved 1114112K
  class space    used 5304K, committed 5504K, reserved 1048576K
}
Event: 2.901 GC heap after
{Heap after GC invocations=16 (full 0):
 garbage-first heap   total 90112K, used 52367K [0x00000000c0000000, 0x0000000100000000)
  region size 1024K, 4 young (4096K), 4 survivors (4096K)
 Metaspace       used 42590K, committed 43008K, reserved 1114112K
  class space    used 5304K, committed 5504K, reserved 1048576K
}
Event: 2.936 GC heap before
{Heap before GC invocations=16 (full 0):
 garbage-first heap   total 90112K, used 67727K [0x00000000c0000000, 0x0000000100000000)
  region size 1024K, 20 young (20480K), 4 survivors (4096K)
 Metaspace       used 43027K, committed 43456K, reserved 1114112K
  class space    used 5311K, committed 5504K, reserved 1048576K
}
Event: 2.944 GC heap after
{Heap after GC invocations=17 (full 0):
 garbage-first heap   total 180224K, used 57174K [0x00000000c0000000, 0x0000000100000000)
  region size 1024K, 3 young (3072K), 3 survivors (3072K)
 Metaspace       used 43027K, committed 43456K, reserved 1114112K
  class space    used 5311K, committed 5504K, reserved 1048576K
}
Event: 3.181 GC heap before
{Heap before GC invocations=18 (full 0):
 garbage-first heap   total 180224K, used 131926K [0x00000000c0000000, 0x0000000100000000)
  region size 1024K, 74 young (75776K), 3 survivors (3072K)
 Metaspace       used 44928K, committed 45376K, reserved 1114112K
  class space    used 5515K, committed 5696K, reserved 1048576K
}
Event: 3.198 GC heap after
{Heap after GC invocations=19 (full 0):
 garbage-first heap   total 180224K, used 82367K [0x00000000c0000000, 0x0000000100000000)
  region size 1024K, 10 young (10240K), 10 survivors (10240K)
 Metaspace       used 44928K, committed 45376K, reserved 1114112K
  class space    used 5515K, committed 5696K, reserved 1048576K
}
Event: 3.202 GC heap before
{Heap before GC invocations=19 (full 0):
 garbage-first heap   total 180224K, used 83391K [0x00000000c0000000, 0x0000000100000000)
  region size 1024K, 11 young (11264K), 10 survivors (10240K)
 Metaspace       used 44928K, committed 45376K, reserved 1114112K
  class space    used 5515K, committed 5696K, reserved 1048576K
}
Event: 3.208 GC heap after
{Heap after GC invocations=20 (full 0):
 garbage-first heap   total 180224K, used 84049K [0x00000000c0000000, 0x0000000100000000)
  region size 1024K, 2 young (2048K), 2 survivors (2048K)
 Metaspace       used 44928K, committed 45376K, reserved 1114112K
  class space    used 5515K, committed 5696K, reserved 1048576K
}
Event: 3.254 GC heap before
{Heap before GC invocations=20 (full 0):
 garbage-first heap   total 180224K, used 126033K [0x00000000c0000000, 0x0000000100000000)
  region size 1024K, 44 young (45056K), 2 survivors (2048K)
 Metaspace       used 45247K, committed 45696K, reserved 1114112K
  class space    used 5550K, committed 5760K, reserved 1048576K
}
Event: 3.270 GC heap after
{Heap after GC invocations=21 (full 0):
 garbage-first heap   total 180224K, used 90503K [0x00000000c0000000, 0x0000000100000000)
  region size 1024K, 6 young (6144K), 6 survivors (6144K)
 Metaspace       used 45247K, committed 45696K, reserved 1114112K
  class space    used 5550K, committed 5760K, reserved 1048576K
}
Event: 3.293 GC heap before
{Heap before GC invocations=21 (full 0):
 garbage-first heap   total 180224K, used 129415K [0x00000000c0000000, 0x0000000100000000)
  region size 1024K, 45 young (46080K), 6 survivors (6144K)
 Metaspace       used 45323K, committed 45760K, reserved 1114112K
  class space    used 5561K, committed 5760K, reserved 1048576K
}
Event: 3.306 GC heap after
{Heap after GC invocations=22 (full 0):
 garbage-first heap   total 180224K, used 92725K [0x00000000c0000000, 0x0000000100000000)
  region size 1024K, 3 young (3072K), 3 survivors (3072K)
 Metaspace       used 45323K, committed 45760K, reserved 1114112K
  class space    used 5561K, committed 5760K, reserved 1048576K
}
Event: 3.334 GC heap before
{Heap before GC invocations=22 (full 0):
 garbage-first heap   total 180224K, used 133685K [0x00000000c0000000, 0x0000000100000000)
  region size 1024K, 44 young (45056K), 3 survivors (3072K)
 Metaspace       used 45348K, committed 45824K, reserved 1114112K
  class space    used 5565K, committed 5760K, reserved 1048576K
}

