# JRE version: OpenJDK Runtime Environment Temurin-17.0.7+7 (17.0.7+7) (build 17.0.7+7)
# Java VM: OpenJDK 64-Bit Server VM Temurin-17.0.7+7 (17.0.7+7, mixed mode, emulated-client, tiered, compressed oops, compressed class ptrs, g1 gc, windows-amd64)
GC Precious Log:
 CPUs: 8 total, 8 available
 Memory: 8103M
 Large Page Support: Disabled
 NUMA Support: Disabled
 Compressed Oops: Enabled (32-bit)
 Heap Region Size: 1M
 Heap Min Capacity: 8M
 Heap Initial Capacity: 128M
 Heap Max Capacity: 1G
 Pre-touch: Disabled
 Parallel Workers: 8
 Concurrent Workers: 2
 Concurrent Refinement Workers: 8
 Periodic GC: Disabled
Heap:
 garbage-first heap   total 194560K, used 95838K [0x00000000c0000000, 0x0000000100000000)
  region size 1024K, 4 young (4096K), 4 survivors (4096K)
 Metaspace       used 46610K, committed 47104K, reserved 1114112K
  class space    used 5731K, committed 5952K, reserved 1048576K
GC Heap History (20 events):
Event: 3.217 GC heap after
{Heap after GC invocations=12 (full 0):
 garbage-first heap   total 73728K, used 34978K [0x00000000c0000000, 0x0000000100000000)
  region size 1024K, 4 young (4096K), 4 survivors (4096K)
 Metaspace       used 40887K, committed 41280K, reserved 1114112K
  class space    used 5154K, committed 5312K, reserved 1048576K
}
Event: 3.279 GC heap before
{Heap before GC invocations=12 (full 0):
 garbage-first heap   total 73728K, used 53410K [0x00000000c0000000, 0x0000000100000000)
  region size 1024K, 23 young (23552K), 4 survivors (4096K)
 Metaspace       used 41348K, committed 41792K, reserved 1114112K
  class space    used 5231K, committed 5440K, reserved 1048576K
}
Event: 3.283 GC heap after
{Heap after GC invocations=13 (full 0):
 garbage-first heap   total 97280K, used 38493K [0x00000000c0000000, 0x0000000100000000)
  region size 1024K, 3 young (3072K), 3 survivors (3072K)
 Metaspace       used 41348K, committed 41792K, reserved 1114112K
  class space    used 5231K, committed 5440K, reserved 1048576K
}
Event: 3.364 GC heap before
{Heap before GC invocations=13 (full 0):
 garbage-first heap   total 97280K, used 69213K [0x00000000c0000000, 0x0000000100000000)
  region size 1024K, 34 young (34816K), 3 survivors (3072K)
 Metaspace       used 41924K, committed 42432K, reserved 1114112K
  class space    used 5266K, committed 5504K, reserved 1048576K
}
Event: 3.371 GC heap after
{Heap after GC invocations=14 (full 0):
 garbage-first heap   total 97280K, used 43783K [0x00000000c0000000, 0x0000000100000000)
  region size 1024K, 5 young (5120K), 5 survivors (5120K)
 Metaspace       used 41924K, committed 42432K, reserved 1114112K
  class space    used 5266K, committed 5504K, reserved 1048576K
}
Event: 3.415 GC heap before
{Heap before GC invocations=14 (full 0):
 garbage-first heap   total 97280K, used 71431K [0x00000000c0000000, 0x0000000100000000)
  region size 1024K, 33 young (33792K), 5 survivors (5120K)
 Metaspace       used 42376K, committed 42816K, reserved 1114112K
  class space    used 5313K, committed 5504K, reserved 1048576K
}
Event: 3.425 GC heap after
{Heap after GC invocations=15 (full 0):
 garbage-first heap   total 97280K, used 52011K [0x00000000c0000000, 0x0000000100000000)
  region size 1024K, 5 young (5120K), 5 survivors (5120K)
 Metaspace       used 42376K, committed 42816K, reserved 1114112K
  class space    used 5313K, committed 5504K, reserved 1048576K
}
Event: 3.475 GC heap before
{Heap before GC invocations=15 (full 0):
 garbage-first heap   total 97280K, used 72491K [0x00000000c0000000, 0x0000000100000000)
  region size 1024K, 25 young (25600K), 5 survivors (5120K)
 Metaspace       used 42637K, committed 43072K, reserved 1114112K
  class space    used 5336K, committed 5568K, reserved 1048576K
}
Event: 3.482 GC heap after
{Heap after GC invocations=16 (full 0):
 garbage-first heap   total 97280K, used 57152K [0x00000000c0000000, 0x0000000100000000)
  region size 1024K, 4 young (4096K), 4 survivors (4096K)
 Metaspace       used 42637K, committed 43072K, reserved 1114112K
  class space    used 5336K, committed 5568K, reserved 1048576K
}
Event: 3.545 GC heap before
{Heap before GC invocations=16 (full 0):
 garbage-first heap   total 97280K, used 73536K [0x00000000c0000000, 0x0000000100000000)
  region size 1024K, 21 young (21504K), 4 survivors (4096K)
 Metaspace       used 43183K, committed 43584K, reserved 1114112K
  class space    used 5349K, committed 5568K, reserved 1048576K
}
Event: 3.553 GC heap after
{Heap after GC invocations=17 (full 0):
 garbage-first heap   total 194560K, used 60855K [0x00000000c0000000, 0x0000000100000000)
  region size 1024K, 3 young (3072K), 3 survivors (3072K)
 Metaspace       used 43183K, committed 43584K, reserved 1114112K
  class space    used 5349K, committed 5568K, reserved 1048576K
}
Event: 3.807 GC heap before
{Heap before GC invocations=18 (full 0):
 garbage-first heap   total 194560K, used 126391K [0x00000000c0000000, 0x0000000100000000)
  region size 1024K, 65 young (66560K), 3 survivors (3072K)
 Metaspace       used 46080K, committed 46592K, reserved 1114112K
  class space    used 5676K, committed 5952K, reserved 1048576K
}
Event: 3.824 GC heap after
{Heap after GC invocations=19 (full 0):
 garbage-first heap   total 194560K, used 86174K [0x00000000c0000000, 0x0000000100000000)
  region size 1024K, 9 young (9216K), 9 survivors (9216K)
 Metaspace       used 46080K, committed 46592K, reserved 1114112K
  class space    used 5676K, committed 5952K, reserved 1048576K
}
Event: 3.828 GC heap before
{Heap before GC invocations=19 (full 0):
 garbage-first heap   total 194560K, used 87198K [0x00000000c0000000, 0x0000000100000000)
  region size 1024K, 10 young (10240K), 9 survivors (9216K)
 Metaspace       used 46162K, committed 46656K, reserved 1114112K
  class space    used 5686K, committed 5952K, reserved 1048576K
}
Event: 3.836 GC heap after
{Heap after GC invocations=20 (full 0):
 garbage-first heap   total 194560K, used 88584K [0x00000000c0000000, 0x0000000100000000)
  region size 1024K, 2 young (2048K), 2 survivors (2048K)
 Metaspace       used 46162K, committed 46656K, reserved 1114112K
  class space    used 5686K, committed 5952K, reserved 1048576K
}
Event: 3.872 GC heap before
{Heap before GC invocations=20 (full 0):
 garbage-first heap   total 194560K, used 130568K [0x00000000c0000000, 0x0000000100000000)
  region size 1024K, 44 young (45056K), 2 survivors (2048K)
 Metaspace       used 46574K, committed 47104K, reserved 1114112K
  class space    used 5720K, committed 5952K, reserved 1048576K
}
Event: 3.885 GC heap after
{Heap after GC invocations=21 (full 0):
 garbage-first heap   total 194560K, used 91820K [0x00000000c0000000, 0x0000000100000000)
  region size 1024K, 5 young (5120K), 5 survivors (5120K)
 Metaspace       used 46574K, committed 47104K, reserved 1114112K
  class space    used 5720K, committed 5952K, reserved 1048576K
}
Event: 3.908 GC heap before
{Heap before GC invocations=21 (full 0):
 garbage-first heap   total 194560K, used 134828K [0x00000000c0000000, 0x0000000100000000)
  region size 1024K, 48 young (49152K), 5 survivors (5120K)
 Metaspace       used 46594K, committed 47104K, reserved 1114112K
  class space    used 5724K, committed 5952K, reserved 1048576K
}
Event: 3.920 GC heap after
{Heap after GC invocations=22 (full 0):
 garbage-first heap   total 194560K, used 93984K [0x00000000c0000000, 0x0000000100000000)
  region size 1024K, 3 young (3072K), 3 survivors (3072K)
 Metaspace       used 46594K, committed 47104K, reserved 1114112K
  class space    used 5724K, committed 5952K, reserved 1048576K
}
Event: 3.948 GC heap before
{Heap before GC invocations=22 (full 0):
 garbage-first heap   total 194560K, used 141088K [0x00000000c0000000, 0x0000000100000000)
  region size 1024K, 50 young (51200K), 3 survivors (3072K)
 Metaspace       used 46610K, committed 47104K, reserved 1114112K
  class space    used 5731K, committed 5952K, reserved 1048576K
}

