# JRE version: OpenJDK Runtime Environment Temurin-17.0.7+7 (17.0.7+7) (build 17.0.7+7)
# Java VM: OpenJDK 64-Bit Server VM Temurin-17.0.7+7 (17.0.7+7, mixed mode, emulated-client, tiered, compressed oops, compressed class ptrs, g1 gc, windows-amd64)
GC Precious Log:
 CPUs: 8 total, 8 available
 Memory: 8103M
 Large Page Support: Disabled
 NUMA Support: Disabled
 Compressed Oops: Enabled (32-bit)
 Heap Region Size: 1M
 Heap Min Capacity: 8M
 Heap Initial Capacity: 128M
 Heap Max Capacity: 1G
 Pre-touch: Disabled
 Parallel Workers: 8
 Concurrent Workers: 2
 Concurrent Refinement Workers: 8
 Periodic GC: Disabled
Heap:
 garbage-first heap   total 198656K, used 58608K [0x00000000c0000000, 0x0000000100000000)
  region size 1024K, 1 young (1024K), 0 survivors (0K)
 Metaspace       used 71371K, committed 71936K, reserved 1114112K
  class space    used 9396K, committed 9664K, reserved 1048576K
GC Heap History (20 events):
Event: 4829.302 GC heap before
{Heap before GC invocations=674 (full 389):
 garbage-first heap   total 198656K, used 58608K [0x00000000c0000000, 0x0000000100000000)
  region size 1024K, 1 young (1024K), 0 survivors (0K)
 Metaspace       used 71371K, committed 71936K, reserved 1114112K
  class space    used 9396K, committed 9664K, reserved 1048576K
}
Event: 4829.343 GC heap after
{Heap after GC invocations=675 (full 390):
 garbage-first heap   total 198656K, used 58608K [0x00000000c0000000, 0x0000000100000000)
  region size 1024K, 0 young (0K), 0 survivors (0K)
 Metaspace       used 71371K, committed 71936K, reserved 1114112K
  class space    used 9396K, committed 9664K, reserved 1048576K
}
Event: 4839.896 GC heap before
{Heap before GC invocations=675 (full 390):
 garbage-first heap   total 198656K, used 58608K [0x00000000c0000000, 0x0000000100000000)
  region size 1024K, 1 young (1024K), 0 survivors (0K)
 Metaspace       used 71371K, committed 71936K, reserved 1114112K
  class space    used 9396K, committed 9664K, reserved 1048576K
}
Event: 4839.935 GC heap after
{Heap after GC invocations=676 (full 391):
 garbage-first heap   total 198656K, used 58608K [0x00000000c0000000, 0x0000000100000000)
  region size 1024K, 0 young (0K), 0 survivors (0K)
 Metaspace       used 71371K, committed 71936K, reserved 1114112K
  class space    used 9396K, committed 9664K, reserved 1048576K
}
Event: 4850.057 GC heap before
{Heap before GC invocations=676 (full 391):
 garbage-first heap   total 198656K, used 58608K [0x00000000c0000000, 0x0000000100000000)
  region size 1024K, 1 young (1024K), 0 survivors (0K)
 Metaspace       used 71371K, committed 71936K, reserved 1114112K
  class space    used 9396K, committed 9664K, reserved 1048576K
}
Event: 4850.109 GC heap after
{Heap after GC invocations=677 (full 392):
 garbage-first heap   total 198656K, used 58608K [0x00000000c0000000, 0x0000000100000000)
  region size 1024K, 0 young (0K), 0 survivors (0K)
 Metaspace       used 71371K, committed 71936K, reserved 1114112K
  class space    used 9396K, committed 9664K, reserved 1048576K
}
Event: 4860.210 GC heap before
{Heap before GC invocations=677 (full 392):
 garbage-first heap   total 198656K, used 58608K [0x00000000c0000000, 0x0000000100000000)
  region size 1024K, 1 young (1024K), 0 survivors (0K)
 Metaspace       used 71371K, committed 71936K, reserved 1114112K
  class space    used 9396K, committed 9664K, reserved 1048576K
}
Event: 4860.256 GC heap after
{Heap after GC invocations=678 (full 393):
 garbage-first heap   total 198656K, used 58608K [0x00000000c0000000, 0x0000000100000000)
  region size 1024K, 0 young (0K), 0 survivors (0K)
 Metaspace       used 71371K, committed 71936K, reserved 1114112K
  class space    used 9396K, committed 9664K, reserved 1048576K
}
Event: 4870.354 GC heap before
{Heap before GC invocations=678 (full 393):
 garbage-first heap   total 198656K, used 58608K [0x00000000c0000000, 0x0000000100000000)
  region size 1024K, 1 young (1024K), 0 survivors (0K)
 Metaspace       used 71371K, committed 71936K, reserved 1114112K
  class space    used 9396K, committed 9664K, reserved 1048576K
}
Event: 4870.394 GC heap after
{Heap after GC invocations=679 (full 394):
 garbage-first heap   total 198656K, used 58608K [0x00000000c0000000, 0x0000000100000000)
  region size 1024K, 0 young (0K), 0 survivors (0K)
 Metaspace       used 71371K, committed 71936K, reserved 1114112K
  class space    used 9396K, committed 9664K, reserved 1048576K
}
Event: 4880.486 GC heap before
{Heap before GC invocations=679 (full 394):
 garbage-first heap   total 198656K, used 58608K [0x00000000c0000000, 0x0000000100000000)
  region size 1024K, 1 young (1024K), 0 survivors (0K)
 Metaspace       used 71371K, committed 71936K, reserved 1114112K
  class space    used 9396K, committed 9664K, reserved 1048576K
}
Event: 4880.522 GC heap after
{Heap after GC invocations=680 (full 395):
 garbage-first heap   total 198656K, used 58608K [0x00000000c0000000, 0x0000000100000000)
  region size 1024K, 0 young (0K), 0 survivors (0K)
 Metaspace       used 71371K, committed 71936K, reserved 1114112K
  class space    used 9396K, committed 9664K, reserved 1048576K
}
Event: 4890.598 GC heap before
{Heap before GC invocations=680 (full 395):
 garbage-first heap   total 198656K, used 58608K [0x00000000c0000000, 0x0000000100000000)
  region size 1024K, 1 young (1024K), 0 survivors (0K)
 Metaspace       used 71371K, committed 71936K, reserved 1114112K
  class space    used 9396K, committed 9664K, reserved 1048576K
}
Event: 4890.637 GC heap after
{Heap after GC invocations=681 (full 396):
 garbage-first heap   total 198656K, used 58608K [0x00000000c0000000, 0x0000000100000000)
  region size 1024K, 0 young (0K), 0 survivors (0K)
 Metaspace       used 71371K, committed 71936K, reserved 1114112K
  class space    used 9396K, committed 9664K, reserved 1048576K
}
Event: 4900.722 GC heap before
{Heap before GC invocations=681 (full 396):
 garbage-first heap   total 198656K, used 58608K [0x00000000c0000000, 0x0000000100000000)
  region size 1024K, 1 young (1024K), 0 survivors (0K)
 Metaspace       used 71371K, committed 71936K, reserved 1114112K
  class space    used 9396K, committed 9664K, reserved 1048576K
}
Event: 4900.764 GC heap after
{Heap after GC invocations=682 (full 397):
 garbage-first heap   total 198656K, used 58608K [0x00000000c0000000, 0x0000000100000000)
  region size 1024K, 0 young (0K), 0 survivors (0K)
 Metaspace       used 71371K, committed 71936K, reserved 1114112K
  class space    used 9396K, committed 9664K, reserved 1048576K
}
Event: 4910.854 GC heap before
{Heap before GC invocations=682 (full 397):
 garbage-first heap   total 198656K, used 58608K [0x00000000c0000000, 0x0000000100000000)
  region size 1024K, 1 young (1024K), 0 survivors (0K)
 Metaspace       used 71371K, committed 71936K, reserved 1114112K
  class space    used 9396K, committed 9664K, reserved 1048576K
}
Event: 4910.892 GC heap after
{Heap after GC invocations=683 (full 398):
 garbage-first heap   total 198656K, used 58608K [0x00000000c0000000, 0x0000000100000000)
  region size 1024K, 0 young (0K), 0 survivors (0K)
 Metaspace       used 71371K, committed 71936K, reserved 1114112K
  class space    used 9396K, committed 9664K, reserved 1048576K
}
Event: 4920.976 GC heap before
{Heap before GC invocations=683 (full 398):
 garbage-first heap   total 198656K, used 58608K [0x00000000c0000000, 0x0000000100000000)
  region size 1024K, 1 young (1024K), 0 survivors (0K)
 Metaspace       used 71371K, committed 71936K, reserved 1114112K
  class space    used 9396K, committed 9664K, reserved 1048576K
}
Event: 4921.017 GC heap after
{Heap after GC invocations=684 (full 399):
 garbage-first heap   total 198656K, used 58608K [0x00000000c0000000, 0x0000000100000000)
  region size 1024K, 0 young (0K), 0 survivors (0K)
 Metaspace       used 71371K, committed 71936K, reserved 1114112K
  class space    used 9396K, committed 9664K, reserved 1048576K
}

