# JRE version: OpenJDK Runtime Environment Temurin-17.0.7+7 (17.0.7+7) (build 17.0.7+7)
# Java VM: OpenJDK 64-Bit Server VM Temurin-17.0.7+7 (17.0.7+7, mixed mode, emulated-client, tiered, compressed oops, compressed class ptrs, g1 gc, windows-amd64)
GC Precious Log:
 CPUs: 8 total, 8 available
 Memory: 8103M
 Large Page Support: Disabled
 NUMA Support: Disabled
 Compressed Oops: Enabled (32-bit)
 Heap Region Size: 1M
 Heap Min Capacity: 8M
 Heap Initial Capacity: 128M
 Heap Max Capacity: 1G
 Pre-touch: Disabled
 Parallel Workers: 8
 Concurrent Workers: 2
 Concurrent Refinement Workers: 8
 Periodic GC: Disabled
Heap:
 garbage-first heap   total 335872K, used 115539K [0x00000000c0000000, 0x0000000100000000)
  region size 1024K, 8 young (8192K), 8 survivors (8192K)
 Metaspace       used 45994K, committed 46400K, reserved 1114112K
  class space    used 5630K, committed 5824K, reserved 1048576K
GC Heap History (20 events):
Event: 3.060 GC heap after
{Heap after GC invocations=13 (full 0):
 garbage-first heap   total 78848K, used 33792K [0x00000000c0000000, 0x0000000100000000)
  region size 1024K, 4 young (4096K), 4 survivors (4096K)
 Metaspace       used 40756K, committed 41152K, reserved 1114112K
  class space    used 5135K, committed 5312K, reserved 1048576K
}
Event: 3.138 GC heap before
{Heap before GC invocations=13 (full 0):
 garbage-first heap   total 78848K, used 58368K [0x00000000c0000000, 0x0000000100000000)
  region size 1024K, 28 young (28672K), 4 survivors (4096K)
 Metaspace       used 41257K, committed 41728K, reserved 1114112K
  class space    used 5217K, committed 5440K, reserved 1048576K
}
Event: 3.144 GC heap after
{Heap after GC invocations=14 (full 0):
 garbage-first heap   total 167936K, used 38708K [0x00000000c0000000, 0x0000000100000000)
  region size 1024K, 4 young (4096K), 4 survivors (4096K)
 Metaspace       used 41257K, committed 41728K, reserved 1114112K
  class space    used 5217K, committed 5440K, reserved 1048576K
}
Event: 3.318 GC heap before
{Heap before GC invocations=14 (full 0):
 garbage-first heap   total 167936K, used 112436K [0x00000000c0000000, 0x0000000100000000)
  region size 1024K, 76 young (77824K), 4 survivors (4096K)
 Metaspace       used 42512K, committed 42880K, reserved 1114112K
  class space    used 5324K, committed 5504K, reserved 1048576K
}
Event: 3.332 GC heap after
{Heap after GC invocations=15 (full 0):
 garbage-first heap   total 167936K, used 55006K [0x00000000c0000000, 0x0000000100000000)
  region size 1024K, 10 young (10240K), 10 survivors (10240K)
 Metaspace       used 42512K, committed 42880K, reserved 1114112K
  class space    used 5324K, committed 5504K, reserved 1048576K
}
Event: 3.521 GC heap before
{Heap before GC invocations=15 (full 0):
 garbage-first heap   total 167936K, used 114398K [0x00000000c0000000, 0x0000000100000000)
  region size 1024K, 68 young (69632K), 10 survivors (10240K)
 Metaspace       used 44149K, committed 44608K, reserved 1114112K
  class space    used 5448K, committed 5632K, reserved 1048576K
}
Event: 3.536 GC heap after
{Heap after GC invocations=16 (full 0):
 garbage-first heap   total 167936K, used 69837K [0x00000000c0000000, 0x0000000100000000)
  region size 1024K, 9 young (9216K), 9 survivors (9216K)
 Metaspace       used 44149K, committed 44608K, reserved 1114112K
  class space    used 5448K, committed 5632K, reserved 1048576K
}
Event: 3.616 GC heap before
{Heap before GC invocations=16 (full 0):
 garbage-first heap   total 167936K, used 120013K [0x00000000c0000000, 0x0000000100000000)
  region size 1024K, 57 young (58368K), 9 survivors (9216K)
 Metaspace       used 45020K, committed 45440K, reserved 1114112K
  class space    used 5562K, committed 5760K, reserved 1048576K
}
Event: 3.647 GC heap after
{Heap after GC invocations=17 (full 0):
 garbage-first heap   total 167936K, used 90112K [0x00000000c0000000, 0x0000000100000000)
  region size 1024K, 8 young (8192K), 8 survivors (8192K)
 Metaspace       used 45020K, committed 45440K, reserved 1114112K
  class space    used 5562K, committed 5760K, reserved 1048576K
}
Event: 3.667 GC heap before
{Heap before GC invocations=17 (full 0):
 garbage-first heap   total 167936K, used 122880K [0x00000000c0000000, 0x0000000100000000)
  region size 1024K, 41 young (41984K), 8 survivors (8192K)
 Metaspace       used 45146K, committed 45568K, reserved 1114112K
  class space    used 5573K, committed 5760K, reserved 1048576K
}
Event: 3.672 GC heap after
{Heap after GC invocations=18 (full 0):
 garbage-first heap   total 335872K, used 93499K [0x00000000c0000000, 0x0000000100000000)
  region size 1024K, 3 young (3072K), 3 survivors (3072K)
 Metaspace       used 45146K, committed 45568K, reserved 1114112K
  class space    used 5573K, committed 5760K, reserved 1048576K
}
Event: 3.740 GC heap before
{Heap before GC invocations=18 (full 0):
 garbage-first heap   total 335872K, used 234811K [0x00000000c0000000, 0x0000000100000000)
  region size 1024K, 142 young (145408K), 3 survivors (3072K)
 Metaspace       used 45568K, committed 45952K, reserved 1114112K
  class space    used 5601K, committed 5760K, reserved 1048576K
}
Event: 3.746 GC heap after
{Heap after GC invocations=19 (full 0):
 garbage-first heap   total 335872K, used 98254K [0x00000000c0000000, 0x0000000100000000)
  region size 1024K, 7 young (7168K), 7 survivors (7168K)
 Metaspace       used 45568K, committed 45952K, reserved 1114112K
  class space    used 5601K, committed 5760K, reserved 1048576K
}
Event: 3.818 GC heap before
{Heap before GC invocations=19 (full 0):
 garbage-first heap   total 335872K, used 253902K [0x00000000c0000000, 0x0000000100000000)
  region size 1024K, 161 young (164864K), 7 survivors (7168K)
 Metaspace       used 45656K, committed 46080K, reserved 1114112K
  class space    used 5616K, committed 5824K, reserved 1048576K
}
Event: 3.824 GC heap after
{Heap after GC invocations=20 (full 0):
 garbage-first heap   total 335872K, used 103567K [0x00000000c0000000, 0x0000000100000000)
  region size 1024K, 14 young (14336K), 14 survivors (14336K)
 Metaspace       used 45656K, committed 46080K, reserved 1114112K
  class space    used 5616K, committed 5824K, reserved 1048576K
}
Event: 3.874 GC heap before
{Heap before GC invocations=21 (full 0):
 garbage-first heap   total 335872K, used 260239K [0x00000000c0000000, 0x0000000100000000)
  region size 1024K, 168 young (172032K), 14 survivors (14336K)
 Metaspace       used 45666K, committed 46080K, reserved 1114112K
  class space    used 5619K, committed 5824K, reserved 1048576K
}
Event: 3.883 GC heap after
{Heap after GC invocations=22 (full 0):
 garbage-first heap   total 335872K, used 110143K [0x00000000c0000000, 0x0000000100000000)
  region size 1024K, 13 young (13312K), 13 survivors (13312K)
 Metaspace       used 45666K, committed 46080K, reserved 1114112K
  class space    used 5619K, committed 5824K, reserved 1048576K
}
Event: 3.885 GC heap before
{Heap before GC invocations=22 (full 0):
 garbage-first heap   total 335872K, used 112191K [0x00000000c0000000, 0x0000000100000000)
  region size 1024K, 16 young (16384K), 13 survivors (13312K)
 Metaspace       used 45666K, committed 46080K, reserved 1114112K
  class space    used 5619K, committed 5824K, reserved 1048576K
}
Event: 3.891 GC heap after
{Heap after GC invocations=23 (full 0):
 garbage-first heap   total 335872K, used 110263K [0x00000000c0000000, 0x0000000100000000)
  region size 1024K, 2 young (2048K), 2 survivors (2048K)
 Metaspace       used 45666K, committed 46080K, reserved 1114112K
  class space    used 5619K, committed 5824K, reserved 1048576K
}
Event: 3.939 GC heap before
{Heap before GC invocations=23 (full 0):
 garbage-first heap   total 335872K, used 266935K [0x00000000c0000000, 0x0000000100000000)
  region size 1024K, 156 young (159744K), 2 survivors (2048K)
 Metaspace       used 45994K, committed 46400K, reserved 1114112K
  class space    used 5630K, committed 5824K, reserved 1048576K
}

