# JRE version: OpenJDK Runtime Environment Temurin-17.0.7+7 (17.0.7+7) (build 17.0.7+7)
# Java VM: OpenJDK 64-Bit Server VM Temurin-17.0.7+7 (17.0.7+7, mixed mode, emulated-client, tiered, compressed oops, compressed class ptrs, g1 gc, windows-amd64)
GC Precious Log:
 CPUs: 8 total, 8 available
 Memory: 8103M
 Large Page Support: Disabled
 NUMA Support: Disabled
 Compressed Oops: Enabled (32-bit)
 Heap Region Size: 1M
 Heap Min Capacity: 8M
 Heap Initial Capacity: 128M
 Heap Max Capacity: 1G
 Pre-touch: Disabled
 Parallel Workers: 8
 Concurrent Workers: 2
 Concurrent Refinement Workers: 8
 Periodic GC: Disabled
Heap:
 garbage-first heap   total 247808K, used 105477K [0x00000000c0000000, 0x0000000100000000)
  region size 1024K, 7 young (7168K), 7 survivors (7168K)
 Metaspace       used 46326K, committed 46784K, reserved 1114112K
  class space    used 5623K, committed 5824K, reserved 1048576K
GC Heap History (20 events):
Event: 2.435 GC heap after
{Heap after GC invocations=12 (full 0):
 garbage-first heap   total 75776K, used 35716K [0x00000000c0000000, 0x0000000100000000)
  region size 1024K, 4 young (4096K), 4 survivors (4096K)
 Metaspace       used 40989K, committed 41408K, reserved 1114112K
  class space    used 5169K, committed 5312K, reserved 1048576K
}
Event: 2.474 GC heap before
{Heap before GC invocations=12 (full 0):
 garbage-first heap   total 75776K, used 55172K [0x00000000c0000000, 0x0000000100000000)
  region size 1024K, 24 young (24576K), 4 survivors (4096K)
 Metaspace       used 41476K, committed 41920K, reserved 1114112K
  class space    used 5236K, committed 5440K, reserved 1048576K
}
Event: 2.479 GC heap after
{Heap after GC invocations=13 (full 0):
 garbage-first heap   total 111616K, used 39530K [0x00000000c0000000, 0x0000000100000000)
  region size 1024K, 3 young (3072K), 3 survivors (3072K)
 Metaspace       used 41476K, committed 41920K, reserved 1114112K
  class space    used 5236K, committed 5440K, reserved 1048576K
}
Event: 2.550 GC heap before
{Heap before GC invocations=13 (full 0):
 garbage-first heap   total 111616K, used 79466K [0x00000000c0000000, 0x0000000100000000)
  region size 1024K, 43 young (44032K), 3 survivors (3072K)
 Metaspace       used 42492K, committed 42880K, reserved 1114112K
  class space    used 5323K, committed 5504K, reserved 1048576K
}
Event: 2.556 GC heap after
{Heap after GC invocations=14 (full 0):
 garbage-first heap   total 111616K, used 46231K [0x00000000c0000000, 0x0000000100000000)
  region size 1024K, 6 young (6144K), 6 survivors (6144K)
 Metaspace       used 42492K, committed 42880K, reserved 1114112K
  class space    used 5323K, committed 5504K, reserved 1048576K
}
Event: 2.603 GC heap before
{Heap before GC invocations=14 (full 0):
 garbage-first heap   total 111616K, used 81047K [0x00000000c0000000, 0x0000000100000000)
  region size 1024K, 41 young (41984K), 6 survivors (6144K)
 Metaspace       used 43138K, committed 43584K, reserved 1114112K
  class space    used 5346K, committed 5568K, reserved 1048576K
}
Event: 2.612 GC heap after
{Heap after GC invocations=15 (full 0):
 garbage-first heap   total 111616K, used 56558K [0x00000000c0000000, 0x0000000100000000)
  region size 1024K, 6 young (6144K), 6 survivors (6144K)
 Metaspace       used 43138K, committed 43584K, reserved 1114112K
  class space    used 5346K, committed 5568K, reserved 1048576K
}
Event: 2.672 GC heap before
{Heap before GC invocations=15 (full 0):
 garbage-first heap   total 111616K, used 82158K [0x00000000c0000000, 0x0000000100000000)
  region size 1024K, 32 young (32768K), 6 survivors (6144K)
 Metaspace       used 43818K, committed 44288K, reserved 1114112K
  class space    used 5409K, committed 5632K, reserved 1048576K
}
Event: 2.679 GC heap after
{Heap after GC invocations=16 (full 0):
 garbage-first heap   total 111616K, used 61801K [0x00000000c0000000, 0x0000000100000000)
  region size 1024K, 4 young (4096K), 4 survivors (4096K)
 Metaspace       used 43818K, committed 44288K, reserved 1114112K
  class space    used 5409K, committed 5632K, reserved 1048576K
}
Event: 2.762 GC heap before
{Heap before GC invocations=17 (full 0):
 garbage-first heap   total 117760K, used 86377K [0x00000000c0000000, 0x0000000100000000)
  region size 1024K, 27 young (27648K), 4 survivors (4096K)
 Metaspace       used 44542K, committed 45056K, reserved 1114112K
  class space    used 5480K, committed 5696K, reserved 1048576K
}
Event: 2.769 GC heap after
{Heap after GC invocations=18 (full 0):
 garbage-first heap   total 117760K, used 72008K [0x00000000c0000000, 0x0000000100000000)
  region size 1024K, 4 young (4096K), 4 survivors (4096K)
 Metaspace       used 44542K, committed 45056K, reserved 1114112K
  class space    used 5480K, committed 5696K, reserved 1048576K
}
Event: 2.770 GC heap before
{Heap before GC invocations=18 (full 0):
 garbage-first heap   total 117760K, used 73032K [0x00000000c0000000, 0x0000000100000000)
  region size 1024K, 5 young (5120K), 4 survivors (4096K)
 Metaspace       used 44557K, committed 45056K, reserved 1114112K
  class space    used 5486K, committed 5696K, reserved 1048576K
}
Event: 2.774 GC heap after
{Heap after GC invocations=19 (full 0):
 garbage-first heap   total 247808K, used 73728K [0x00000000c0000000, 0x0000000100000000)
  region size 1024K, 1 young (1024K), 1 survivors (1024K)
 Metaspace       used 44557K, committed 45056K, reserved 1114112K
  class space    used 5486K, committed 5696K, reserved 1048576K
}
Event: 2.862 GC heap before
{Heap before GC invocations=19 (full 0):
 garbage-first heap   total 247808K, used 181248K [0x00000000c0000000, 0x0000000100000000)
  region size 1024K, 105 young (107520K), 1 survivors (1024K)
 Metaspace       used 45893K, committed 46336K, reserved 1114112K
  class space    used 5562K, committed 5760K, reserved 1048576K
}
Event: 2.885 GC heap after
{Heap after GC invocations=20 (full 0):
 garbage-first heap   total 247808K, used 95154K [0x00000000c0000000, 0x0000000100000000)
  region size 1024K, 14 young (14336K), 14 survivors (14336K)
 Metaspace       used 45893K, committed 46336K, reserved 1114112K
  class space    used 5562K, committed 5760K, reserved 1048576K
}
Event: 2.912 GC heap before
{Heap before GC invocations=20 (full 0):
 garbage-first heap   total 247808K, used 177074K [0x00000000c0000000, 0x0000000100000000)
  region size 1024K, 95 young (97280K), 14 survivors (14336K)
 Metaspace       used 46117K, committed 46528K, reserved 1114112K
  class space    used 5590K, committed 5760K, reserved 1048576K
}
Event: 2.919 GC heap after
{Heap after GC invocations=21 (full 0):
 garbage-first heap   total 247808K, used 99453K [0x00000000c0000000, 0x0000000100000000)
  region size 1024K, 4 young (4096K), 4 survivors (4096K)
 Metaspace       used 46117K, committed 46528K, reserved 1114112K
  class space    used 5590K, committed 5760K, reserved 1048576K
}
Event: 2.944 GC heap before
{Heap before GC invocations=21 (full 0):
 garbage-first heap   total 247808K, used 182397K [0x00000000c0000000, 0x0000000100000000)
  region size 1024K, 86 young (88064K), 4 survivors (4096K)
 Metaspace       used 46281K, committed 46784K, reserved 1114112K
  class space    used 5618K, committed 5824K, reserved 1048576K
}
Event: 2.947 GC heap after
{Heap after GC invocations=22 (full 0):
 garbage-first heap   total 247808K, used 102176K [0x00000000c0000000, 0x0000000100000000)
  region size 1024K, 7 young (7168K), 7 survivors (7168K)
 Metaspace       used 46281K, committed 46784K, reserved 1114112K
  class space    used 5618K, committed 5824K, reserved 1048576K
}
Event: 2.968 GC heap before
{Heap before GC invocations=22 (full 0):
 garbage-first heap   total 247808K, used 188192K [0x00000000c0000000, 0x0000000100000000)
  region size 1024K, 92 young (94208K), 7 survivors (7168K)
 Metaspace       used 46326K, committed 46784K, reserved 1114112K
  class space    used 5623K, committed 5824K, reserved 1048576K
}

