# JRE version: OpenJDK Runtime Environment Temurin-17.0.7+7 (17.0.7+7) (build 17.0.7+7)
# Java VM: OpenJDK 64-Bit Server VM Temurin-17.0.7+7 (17.0.7+7, mixed mode, emulated-client, tiered, compressed oops, compressed class ptrs, g1 gc, windows-amd64)
GC Precious Log:
 CPUs: 8 total, 8 available
 Memory: 8103M
 Large Page Support: Disabled
 NUMA Support: Disabled
 Compressed Oops: Enabled (32-bit)
 Heap Region Size: 1M
 Heap Min Capacity: 8M
 Heap Initial Capacity: 128M
 Heap Max Capacity: 1G
 Pre-touch: Disabled
 Parallel Workers: 8
 Concurrent Workers: 2
 Concurrent Refinement Workers: 8
 Periodic GC: Disabled
Heap:
 garbage-first heap   total 251904K, used 102116K [0x00000000c0000000, 0x0000000100000000)
  region size 1024K, 9 young (9216K), 9 survivors (9216K)
 Metaspace       used 48254K, committed 48704K, reserved 1114112K
  class space    used 5865K, committed 6080K, reserved 1048576K
GC Heap History (20 events):
Event: 3.100 GC heap after
{Heap after GC invocations=12 (full 0):
 garbage-first heap   total 73728K, used 34621K [0x00000000c0000000, 0x0000000100000000)
  region size 1024K, 4 young (4096K), 4 survivors (4096K)
 Metaspace       used 41123K, committed 41536K, reserved 1114112K
  class space    used 5175K, committed 5312K, reserved 1048576K
}
Event: 3.145 GC heap before
{Heap before GC invocations=12 (full 0):
 garbage-first heap   total 73728K, used 53053K [0x00000000c0000000, 0x0000000100000000)
  region size 1024K, 23 young (23552K), 4 survivors (4096K)
 Metaspace       used 41417K, committed 41920K, reserved 1114112K
  class space    used 5206K, committed 5440K, reserved 1048576K
}
Event: 3.153 GC heap after
{Heap after GC invocations=13 (full 0):
 garbage-first heap   total 99328K, used 38300K [0x00000000c0000000, 0x0000000100000000)
  region size 1024K, 3 young (3072K), 3 survivors (3072K)
 Metaspace       used 41417K, committed 41920K, reserved 1114112K
  class space    used 5206K, committed 5440K, reserved 1048576K
}
Event: 3.272 GC heap before
{Heap before GC invocations=13 (full 0):
 garbage-first heap   total 99328K, used 73116K [0x00000000c0000000, 0x0000000100000000)
  region size 1024K, 37 young (37888K), 3 survivors (3072K)
 Metaspace       used 42440K, committed 42880K, reserved 1114112K
  class space    used 5317K, committed 5504K, reserved 1048576K
}
Event: 3.280 GC heap after
{Heap after GC invocations=14 (full 0):
 garbage-first heap   total 99328K, used 43737K [0x00000000c0000000, 0x0000000100000000)
  region size 1024K, 5 young (5120K), 5 survivors (5120K)
 Metaspace       used 42440K, committed 42880K, reserved 1114112K
  class space    used 5317K, committed 5504K, reserved 1048576K
}
Event: 3.329 GC heap before
{Heap before GC invocations=14 (full 0):
 garbage-first heap   total 99328K, used 72409K [0x00000000c0000000, 0x0000000100000000)
  region size 1024K, 34 young (34816K), 5 survivors (5120K)
 Metaspace       used 42851K, committed 43264K, reserved 1114112K
  class space    used 5343K, committed 5568K, reserved 1048576K
}
Event: 3.337 GC heap after
{Heap after GC invocations=15 (full 0):
 garbage-first heap   total 99328K, used 51313K [0x00000000c0000000, 0x0000000100000000)
  region size 1024K, 5 young (5120K), 5 survivors (5120K)
 Metaspace       used 42851K, committed 43264K, reserved 1114112K
  class space    used 5343K, committed 5568K, reserved 1048576K
}
Event: 3.386 GC heap before
{Heap before GC invocations=15 (full 0):
 garbage-first heap   total 99328K, used 73841K [0x00000000c0000000, 0x0000000100000000)
  region size 1024K, 28 young (28672K), 5 survivors (5120K)
 Metaspace       used 43364K, committed 43776K, reserved 1114112K
  class space    used 5364K, committed 5568K, reserved 1048576K
}
Event: 3.393 GC heap after
{Heap after GC invocations=16 (full 0):
 garbage-first heap   total 99328K, used 58215K [0x00000000c0000000, 0x0000000100000000)
  region size 1024K, 4 young (4096K), 4 survivors (4096K)
 Metaspace       used 43364K, committed 43776K, reserved 1114112K
  class space    used 5364K, committed 5568K, reserved 1048576K
}
Event: 3.459 GC heap before
{Heap before GC invocations=16 (full 0):
 garbage-first heap   total 128000K, used 75623K [0x00000000c0000000, 0x0000000100000000)
  region size 1024K, 22 young (22528K), 4 survivors (4096K)
 Metaspace       used 43663K, committed 44096K, reserved 1114112K
  class space    used 5396K, committed 5568K, reserved 1048576K
}
Event: 3.466 GC heap after
{Heap after GC invocations=17 (full 0):
 garbage-first heap   total 251904K, used 62571K [0x00000000c0000000, 0x0000000100000000)
  region size 1024K, 3 young (3072K), 3 survivors (3072K)
 Metaspace       used 43663K, committed 44096K, reserved 1114112K
  class space    used 5396K, committed 5568K, reserved 1048576K
}
Event: 3.914 GC heap before
{Heap before GC invocations=18 (full 0):
 garbage-first heap   total 251904K, used 167019K [0x00000000c0000000, 0x0000000100000000)
  region size 1024K, 103 young (105472K), 3 survivors (3072K)
 Metaspace       used 47995K, committed 48448K, reserved 1114112K
  class space    used 5823K, committed 6016K, reserved 1048576K
}
Event: 3.960 GC heap after
{Heap after GC invocations=19 (full 0):
 garbage-first heap   total 251904K, used 91677K [0x00000000c0000000, 0x0000000100000000)
  region size 1024K, 13 young (13312K), 13 survivors (13312K)
 Metaspace       used 47995K, committed 48448K, reserved 1114112K
  class space    used 5823K, committed 6016K, reserved 1048576K
}
Event: 3.964 GC heap before
{Heap before GC invocations=19 (full 0):
 garbage-first heap   total 251904K, used 92701K [0x00000000c0000000, 0x0000000100000000)
  region size 1024K, 14 young (14336K), 13 survivors (13312K)
 Metaspace       used 47995K, committed 48448K, reserved 1114112K
  class space    used 5823K, committed 6016K, reserved 1048576K
}
Event: 3.975 GC heap after
{Heap after GC invocations=20 (full 0):
 garbage-first heap   total 251904K, used 94121K [0x00000000c0000000, 0x0000000100000000)
  region size 1024K, 1 young (1024K), 1 survivors (1024K)
 Metaspace       used 47995K, committed 48448K, reserved 1114112K
  class space    used 5823K, committed 6016K, reserved 1048576K
}
Event: 4.000 GC heap before
{Heap before GC invocations=20 (full 0):
 garbage-first heap   total 251904K, used 157608K [0x00000000c0000000, 0x0000000100000000)
  region size 1024K, 64 young (65536K), 1 survivors (1024K)
 Metaspace       used 48205K, committed 48640K, reserved 1114112K
  class space    used 5855K, committed 6080K, reserved 1048576K
}
Event: 4.004 GC heap after
{Heap after GC invocations=21 (full 0):
 garbage-first heap   total 251904K, used 95913K [0x00000000c0000000, 0x0000000100000000)
  region size 1024K, 3 young (3072K), 3 survivors (3072K)
 Metaspace       used 48205K, committed 48640K, reserved 1114112K
  class space    used 5855K, committed 6080K, reserved 1048576K
}
Event: 4.029 GC heap before
{Heap before GC invocations=21 (full 0):
 garbage-first heap   total 251904K, used 166569K [0x00000000c0000000, 0x0000000100000000)
  region size 1024K, 73 young (74752K), 3 survivors (3072K)
 Metaspace       used 48240K, committed 48704K, reserved 1114112K
  class space    used 5863K, committed 6080K, reserved 1048576K
}
Event: 4.033 GC heap after
{Heap after GC invocations=22 (full 0):
 garbage-first heap   total 251904K, used 99011K [0x00000000c0000000, 0x0000000100000000)
  region size 1024K, 6 young (6144K), 6 survivors (6144K)
 Metaspace       used 48240K, committed 48704K, reserved 1114112K
  class space    used 5863K, committed 6080K, reserved 1048576K
}
Event: 4.063 GC heap before
{Heap before GC invocations=22 (full 0):
 garbage-first heap   total 251904K, used 176835K [0x00000000c0000000, 0x0000000100000000)
  region size 1024K, 83 young (84992K), 6 survivors (6144K)
 Metaspace       used 48254K, committed 48704K, reserved 1114112K
  class space    used 5865K, committed 6080K, reserved 1048576K
}

