# JRE version: OpenJDK Runtime Environment Temurin-17.0.7+7 (17.0.7+7) (build 17.0.7+7)
# Java VM: OpenJDK 64-Bit Server VM Temurin-17.0.7+7 (17.0.7+7, mixed mode, emulated-client, tiered, compressed oops, compressed class ptrs, g1 gc, windows-amd64)
GC Precious Log:
 CPUs: 8 total, 8 available
 Memory: 8103M
 Large Page Support: Disabled
 NUMA Support: Disabled
 Compressed Oops: Enabled (32-bit)
 Heap Region Size: 1M
 Heap Min Capacity: 8M
 Heap Initial Capacity: 128M
 Heap Max Capacity: 1G
 Pre-touch: Disabled
 Parallel Workers: 8
 Concurrent Workers: 2
 Concurrent Refinement Workers: 8
 Periodic GC: Disabled
Heap:
 garbage-first heap   total 199680K, used 90072K [0x00000000c0000000, 0x0000000100000000)
  region size 1024K, 3 young (3072K), 3 survivors (3072K)
 Metaspace       used 45060K, committed 45440K, reserved 1114112K
  class space    used 5527K, committed 5696K, reserved 1048576K
GC Heap History (20 events):
Event: 2.686 GC heap after
{Heap after GC invocations=6 (full 0):
 garbage-first heap   total 58368K, used 17522K [0x00000000c0000000, 0x0000000100000000)
  region size 1024K, 1 young (1024K), 1 survivors (1024K)
 Metaspace       used 28180K, committed 28480K, reserved 1114112K
  class space    used 3316K, committed 3456K, reserved 1048576K
}
Event: 2.975 GC heap before
{Heap before GC invocations=6 (full 0):
 garbage-first heap   total 58368K, used 36978K [0x00000000c0000000, 0x0000000100000000)
  region size 1024K, 21 young (21504K), 1 survivors (1024K)
 Metaspace       used 30489K, committed 30848K, reserved 1114112K
  class space    used 3623K, committed 3776K, reserved 1048576K
}
Event: 2.979 GC heap after
{Heap after GC invocations=7 (full 0):
 garbage-first heap   total 58368K, used 18279K [0x00000000c0000000, 0x0000000100000000)
  region size 1024K, 2 young (2048K), 2 survivors (2048K)
 Metaspace       used 30489K, committed 30848K, reserved 1114112K
  class space    used 3623K, committed 3776K, reserved 1048576K
}
Event: 3.264 GC heap before
{Heap before GC invocations=7 (full 0):
 garbage-first heap   total 58368K, used 38759K [0x00000000c0000000, 0x0000000100000000)
  region size 1024K, 23 young (23552K), 2 survivors (2048K)
 Metaspace       used 33477K, committed 33792K, reserved 1114112K
  class space    used 4046K, committed 4224K, reserved 1048576K
}
Event: 3.270 GC heap after
{Heap after GC invocations=8 (full 0):
 garbage-first heap   total 116736K, used 20551K [0x00000000c0000000, 0x0000000100000000)
  region size 1024K, 3 young (3072K), 3 survivors (3072K)
 Metaspace       used 33477K, committed 33792K, reserved 1114112K
  class space    used 4046K, committed 4224K, reserved 1048576K
}
Event: 3.454 GC heap before
{Heap before GC invocations=8 (full 0):
 garbage-first heap   total 116736K, used 33863K [0x00000000c0000000, 0x0000000100000000)
  region size 1024K, 17 young (17408K), 3 survivors (3072K)
 Metaspace       used 35871K, committed 36160K, reserved 1114112K
  class space    used 4354K, committed 4480K, reserved 1048576K
}
Event: 3.462 GC heap after
{Heap after GC invocations=9 (full 0):
 garbage-first heap   total 116736K, used 21457K [0x00000000c0000000, 0x0000000100000000)
  region size 1024K, 4 young (4096K), 4 survivors (4096K)
 Metaspace       used 35871K, committed 36160K, reserved 1114112K
  class space    used 4354K, committed 4480K, reserved 1048576K
}
Event: 3.906 GC heap before
{Heap before GC invocations=10 (full 0):
 garbage-first heap   total 78848K, used 65489K [0x00000000c0000000, 0x0000000100000000)
  region size 1024K, 46 young (47104K), 4 survivors (4096K)
 Metaspace       used 40267K, committed 40704K, reserved 1114112K
  class space    used 5052K, committed 5248K, reserved 1048576K
}
Event: 3.915 GC heap after
{Heap after GC invocations=11 (full 0):
 garbage-first heap   total 78848K, used 27457K [0x00000000c0000000, 0x0000000100000000)
  region size 1024K, 6 young (6144K), 6 survivors (6144K)
 Metaspace       used 40267K, committed 40704K, reserved 1114112K
  class space    used 5052K, committed 5248K, reserved 1048576K
}
Event: 3.917 GC heap before
{Heap before GC invocations=11 (full 0):
 garbage-first heap   total 78848K, used 28481K [0x00000000c0000000, 0x0000000100000000)
  region size 1024K, 7 young (7168K), 6 survivors (6144K)
 Metaspace       used 40267K, committed 40704K, reserved 1114112K
  class space    used 5052K, committed 5248K, reserved 1048576K
}
Event: 3.921 GC heap after
{Heap after GC invocations=12 (full 0):
 garbage-first heap   total 78848K, used 27731K [0x00000000c0000000, 0x0000000100000000)
  region size 1024K, 1 young (1024K), 1 survivors (1024K)
 Metaspace       used 40267K, committed 40704K, reserved 1114112K
  class space    used 5052K, committed 5248K, reserved 1048576K
}
Event: 4.006 GC heap before
{Heap before GC invocations=12 (full 0):
 garbage-first heap   total 78848K, used 57427K [0x00000000c0000000, 0x0000000100000000)
  region size 1024K, 31 young (31744K), 1 survivors (1024K)
 Metaspace       used 40452K, committed 40832K, reserved 1114112K
  class space    used 5088K, committed 5248K, reserved 1048576K
}
Event: 4.012 GC heap after
{Heap after GC invocations=13 (full 0):
 garbage-first heap   total 199680K, used 34485K [0x00000000c0000000, 0x0000000100000000)
  region size 1024K, 4 young (4096K), 4 survivors (4096K)
 Metaspace       used 40452K, committed 40832K, reserved 1114112K
  class space    used 5088K, committed 5248K, reserved 1048576K
}
Event: 4.248 GC heap before
{Heap before GC invocations=13 (full 0):
 garbage-first heap   total 199680K, used 134837K [0x00000000c0000000, 0x0000000100000000)
  region size 1024K, 103 young (105472K), 4 survivors (4096K)
 Metaspace       used 42096K, committed 42496K, reserved 1114112K
  class space    used 5260K, committed 5440K, reserved 1048576K
}
Event: 4.267 GC heap after
{Heap after GC invocations=14 (full 0):
 garbage-first heap   total 199680K, used 55513K [0x00000000c0000000, 0x0000000100000000)
  region size 1024K, 13 young (13312K), 13 survivors (13312K)
 Metaspace       used 42096K, committed 42496K, reserved 1114112K
  class space    used 5260K, committed 5440K, reserved 1048576K
}
Event: 4.538 GC heap before
{Heap before GC invocations=14 (full 0):
 garbage-first heap   total 199680K, used 132313K [0x00000000c0000000, 0x0000000100000000)
  region size 1024K, 87 young (89088K), 13 survivors (13312K)
 Metaspace       used 44782K, committed 45248K, reserved 1114112K
  class space    used 5498K, committed 5696K, reserved 1048576K
}
Event: 4.565 GC heap after
{Heap after GC invocations=15 (full 0):
 garbage-first heap   total 199680K, used 77784K [0x00000000c0000000, 0x0000000100000000)
  region size 1024K, 11 young (11264K), 11 survivors (11264K)
 Metaspace       used 44782K, committed 45248K, reserved 1114112K
  class space    used 5498K, committed 5696K, reserved 1048576K
}
Event: 4.631 GC heap before
{Heap before GC invocations=15 (full 0):
 garbage-first heap   total 199680K, used 138200K [0x00000000c0000000, 0x0000000100000000)
  region size 1024K, 71 young (72704K), 11 survivors (11264K)
 Metaspace       used 45050K, committed 45440K, reserved 1114112K
  class space    used 5525K, committed 5696K, reserved 1048576K
}
Event: 4.655 GC heap after
{Heap after GC invocations=16 (full 0):
 garbage-first heap   total 199680K, used 86689K [0x00000000c0000000, 0x0000000100000000)
  region size 1024K, 7 young (7168K), 7 survivors (7168K)
 Metaspace       used 45050K, committed 45440K, reserved 1114112K
  class space    used 5525K, committed 5696K, reserved 1048576K
}
Event: 4.690 GC heap before
{Heap before GC invocations=16 (full 0):
 garbage-first heap   total 199680K, used 144033K [0x00000000c0000000, 0x0000000100000000)
  region size 1024K, 64 young (65536K), 7 survivors (7168K)
 Metaspace       used 45060K, committed 45440K, reserved 1114112K
  class space    used 5527K, committed 5696K, reserved 1048576K
}

