# JRE version: OpenJDK Runtime Environment Temurin-17.0.7+7 (17.0.7+7) (build 17.0.7+7)
# Java VM: OpenJDK 64-Bit Server VM Temurin-17.0.7+7 (17.0.7+7, mixed mode, emulated-client, tiered, compressed oops, compressed class ptrs, g1 gc, windows-amd64)
GC Precious Log:
 CPUs: 8 total, 8 available
 Memory: 8103M
 Large Page Support: Disabled
 NUMA Support: Disabled
 Compressed Oops: Enabled (32-bit)
 Heap Region Size: 1M
 Heap Min Capacity: 8M
 Heap Initial Capacity: 128M
 Heap Max Capacity: 1G
 Pre-touch: Disabled
 Parallel Workers: 8
 Concurrent Workers: 2
 Concurrent Refinement Workers: 8
 Periodic GC: Disabled
Heap:
 garbage-first heap   total 322560K, used 114199K [0x00000000c0000000, 0x0000000100000000)
  region size 1024K, 13 young (13312K), 13 survivors (13312K)
 Metaspace       used 45335K, committed 45760K, reserved 1114112K
  class space    used 5568K, committed 5760K, reserved 1048576K
GC Heap History (20 events):
Event: 3.689 GC heap after
{Heap after GC invocations=17 (full 0):
 garbage-first heap   total 147456K, used 55543K [0x00000000c0000000, 0x0000000100000000)
  region size 1024K, 9 young (9216K), 9 survivors (9216K)
 Metaspace       used 42449K, committed 42880K, reserved 1114112K
  class space    used 5305K, committed 5504K, reserved 1048576K
}
Event: 3.835 GC heap before
{Heap before GC invocations=17 (full 0):
 garbage-first heap   total 147456K, used 100599K [0x00000000c0000000, 0x0000000100000000)
  region size 1024K, 53 young (54272K), 9 survivors (9216K)
 Metaspace       used 44002K, committed 44480K, reserved 1114112K
  class space    used 5416K, committed 5632K, reserved 1048576K
}
Event: 3.847 GC heap after
{Heap after GC invocations=18 (full 0):
 garbage-first heap   total 147456K, used 64878K [0x00000000c0000000, 0x0000000100000000)
  region size 1024K, 7 young (7168K), 7 survivors (7168K)
 Metaspace       used 44002K, committed 44480K, reserved 1114112K
  class space    used 5416K, committed 5632K, reserved 1048576K
}
Event: 3.941 GC heap before
{Heap before GC invocations=18 (full 0):
 garbage-first heap   total 147456K, used 105837K [0x00000000c0000000, 0x0000000100000000)
  region size 1024K, 47 young (48128K), 7 survivors (7168K)
 Metaspace       used 44663K, committed 45184K, reserved 1114112K
  class space    used 5477K, committed 5696K, reserved 1048576K
}
Event: 3.974 GC heap after
{Heap after GC invocations=19 (full 0):
 garbage-first heap   total 147456K, used 82592K [0x00000000c0000000, 0x0000000100000000)
  region size 1024K, 6 young (6144K), 6 survivors (6144K)
 Metaspace       used 44663K, committed 45184K, reserved 1114112K
  class space    used 5477K, committed 5696K, reserved 1048576K
}
Event: 3.994 GC heap before
{Heap before GC invocations=19 (full 0):
 garbage-first heap   total 147456K, used 108192K [0x00000000c0000000, 0x0000000100000000)
  region size 1024K, 32 young (32768K), 6 survivors (6144K)
 Metaspace       used 44676K, committed 45184K, reserved 1114112K
  class space    used 5479K, committed 5696K, reserved 1048576K
}
Event: 3.999 GC heap after
{Heap after GC invocations=20 (full 0):
 garbage-first heap   total 147456K, used 86281K [0x00000000c0000000, 0x0000000100000000)
  region size 1024K, 2 young (2048K), 2 survivors (2048K)
 Metaspace       used 44676K, committed 45184K, reserved 1114112K
  class space    used 5479K, committed 5696K, reserved 1048576K
}
Event: 4.012 GC heap before
{Heap before GC invocations=20 (full 0):
 garbage-first heap   total 147456K, used 111881K [0x00000000c0000000, 0x0000000100000000)
  region size 1024K, 28 young (28672K), 2 survivors (2048K)
 Metaspace       used 44690K, committed 45184K, reserved 1114112K
  class space    used 5480K, committed 5696K, reserved 1048576K
}
Event: 4.015 GC heap after
{Heap after GC invocations=21 (full 0):
 garbage-first heap   total 320512K, used 86849K [0x00000000c0000000, 0x0000000100000000)
  region size 1024K, 3 young (3072K), 3 survivors (3072K)
 Metaspace       used 44690K, committed 45184K, reserved 1114112K
  class space    used 5480K, committed 5696K, reserved 1048576K
}
Event: 4.112 GC heap before
{Heap before GC invocations=21 (full 0):
 garbage-first heap   total 322560K, used 211777K [0x00000000c0000000, 0x0000000100000000)
  region size 1024K, 127 young (130048K), 3 survivors (3072K)
 Metaspace       used 44792K, committed 45248K, reserved 1114112K
  class space    used 5495K, committed 5696K, reserved 1048576K
}
Event: 4.116 GC heap after
{Heap after GC invocations=22 (full 0):
 garbage-first heap   total 322560K, used 90514K [0x00000000c0000000, 0x0000000100000000)
  region size 1024K, 8 young (8192K), 8 survivors (8192K)
 Metaspace       used 44792K, committed 45248K, reserved 1114112K
  class space    used 5495K, committed 5696K, reserved 1048576K
}
Event: 4.189 GC heap before
{Heap before GC invocations=23 (full 0):
 garbage-first heap   total 322560K, used 238994K [0x00000000c0000000, 0x0000000100000000)
  region size 1024K, 154 young (157696K), 8 survivors (8192K)
 Metaspace       used 44954K, committed 45376K, reserved 1114112K
  class space    used 5514K, committed 5696K, reserved 1048576K
}
Event: 4.196 GC heap after
{Heap after GC invocations=24 (full 0):
 garbage-first heap   total 322560K, used 96292K [0x00000000c0000000, 0x0000000100000000)
  region size 1024K, 13 young (13312K), 13 survivors (13312K)
 Metaspace       used 44954K, committed 45376K, reserved 1114112K
  class space    used 5514K, committed 5696K, reserved 1048576K
}
Event: 4.197 GC heap before
{Heap before GC invocations=24 (full 0):
 garbage-first heap   total 322560K, used 98340K [0x00000000c0000000, 0x0000000100000000)
  region size 1024K, 15 young (15360K), 13 survivors (13312K)
 Metaspace       used 44957K, committed 45376K, reserved 1114112K
  class space    used 5515K, committed 5696K, reserved 1048576K
}
Event: 4.204 GC heap after
{Heap after GC invocations=25 (full 0):
 garbage-first heap   total 322560K, used 96323K [0x00000000c0000000, 0x0000000100000000)
  region size 1024K, 2 young (2048K), 2 survivors (2048K)
 Metaspace       used 44957K, committed 45376K, reserved 1114112K
  class space    used 5515K, committed 5696K, reserved 1048576K
}
Event: 4.276 GC heap before
{Heap before GC invocations=25 (full 0):
 garbage-first heap   total 322560K, used 249923K [0x00000000c0000000, 0x0000000100000000)
  region size 1024K, 153 young (156672K), 2 survivors (2048K)
 Metaspace       used 45027K, committed 45440K, reserved 1114112K
  class space    used 5524K, committed 5696K, reserved 1048576K
}
Event: 4.280 GC heap after
{Heap after GC invocations=26 (full 0):
 garbage-first heap   total 322560K, used 101253K [0x00000000c0000000, 0x0000000100000000)
  region size 1024K, 7 young (7168K), 7 survivors (7168K)
 Metaspace       used 45027K, committed 45440K, reserved 1114112K
  class space    used 5524K, committed 5696K, reserved 1048576K
}
Event: 4.336 GC heap before
{Heap before GC invocations=26 (full 0):
 garbage-first heap   total 322560K, used 254853K [0x00000000c0000000, 0x0000000100000000)
  region size 1024K, 158 young (161792K), 7 survivors (7168K)
 Metaspace       used 45173K, committed 45632K, reserved 1114112K
  class space    used 5549K, committed 5760K, reserved 1048576K
}
Event: 4.343 GC heap after
{Heap after GC invocations=27 (full 0):
 garbage-first heap   total 322560K, used 107388K [0x00000000c0000000, 0x0000000100000000)
  region size 1024K, 13 young (13312K), 13 survivors (13312K)
 Metaspace       used 45173K, committed 45632K, reserved 1114112K
  class space    used 5549K, committed 5760K, reserved 1048576K
}
Event: 4.403 GC heap before
{Heap before GC invocations=27 (full 0):
 garbage-first heap   total 322560K, used 259964K [0x00000000c0000000, 0x0000000100000000)
  region size 1024K, 163 young (166912K), 13 survivors (13312K)
 Metaspace       used 45335K, committed 45760K, reserved 1114112K
  class space    used 5568K, committed 5760K, reserved 1048576K
}

