# JRE version: OpenJDK Runtime Environment Temurin-17.0.7+7 (17.0.7+7) (build 17.0.7+7)
# Java VM: OpenJDK 64-Bit Server VM Temurin-17.0.7+7 (17.0.7+7, mixed mode, emulated-client, tiered, compressed oops, compressed class ptrs, g1 gc, windows-amd64)
GC Precious Log:
 CPUs: 8 total, 8 available
 Memory: 8103M
 Large Page Support: Disabled
 NUMA Support: Disabled
 Compressed Oops: Enabled (32-bit)
 Heap Region Size: 1M
 Heap Min Capacity: 8M
 Heap Initial Capacity: 128M
 Heap Max Capacity: 1G
 Pre-touch: Disabled
 Parallel Workers: 8
 Concurrent Workers: 2
 Concurrent Refinement Workers: 8
 Periodic GC: Disabled
Heap:
 garbage-first heap   total 206848K, used 87429K [0x00000000c0000000, 0x0000000100000000)
  region size 1024K, 6 young (6144K), 6 survivors (6144K)
 Metaspace       used 41437K, committed 41856K, reserved 1114112K
  class space    used 5245K, committed 5440K, reserved 1048576K
GC Heap History (20 events):
Event: 6.852 GC heap after
{Heap after GC invocations=11 (full 0):
 garbage-first heap   total 70656K, used 31692K [0x00000000c0000000, 0x0000000100000000)
  region size 1024K, 4 young (4096K), 4 survivors (4096K)
 Metaspace       used 40272K, committed 40704K, reserved 1114112K
  class space    used 5053K, committed 5248K, reserved 1048576K
}
Event: 6.979 GC heap before
{Heap before GC invocations=11 (full 0):
 garbage-first heap   total 70656K, used 51148K [0x00000000c0000000, 0x0000000100000000)
  region size 1024K, 24 young (24576K), 4 survivors (4096K)
 Metaspace       used 40483K, committed 40832K, reserved 1114112K
  class space    used 5090K, committed 5248K, reserved 1048576K
}
Event: 6.983 GC heap after
{Heap after GC invocations=12 (full 0):
 garbage-first heap   total 70656K, used 35792K [0x00000000c0000000, 0x0000000100000000)
  region size 1024K, 3 young (3072K), 3 survivors (3072K)
 Metaspace       used 40483K, committed 40832K, reserved 1114112K
  class space    used 5090K, committed 5248K, reserved 1048576K
}
Event: 7.033 GC heap before
{Heap before GC invocations=12 (full 0):
 garbage-first heap   total 70656K, used 52176K [0x00000000c0000000, 0x0000000100000000)
  region size 1024K, 20 young (20480K), 3 survivors (3072K)
 Metaspace       used 40752K, committed 41216K, reserved 1114112K
  class space    used 5147K, committed 5376K, reserved 1048576K
}
Event: 7.037 GC heap after
{Heap after GC invocations=13 (full 0):
 garbage-first heap   total 70656K, used 38975K [0x00000000c0000000, 0x0000000100000000)
  region size 1024K, 3 young (3072K), 3 survivors (3072K)
 Metaspace       used 40752K, committed 41216K, reserved 1114112K
  class space    used 5147K, committed 5376K, reserved 1048576K
}
Event: 7.086 GC heap before
{Heap before GC invocations=14 (full 0):
 garbage-first heap   total 78848K, used 52287K [0x00000000c0000000, 0x0000000100000000)
  region size 1024K, 17 young (17408K), 3 survivors (3072K)
 Metaspace       used 40761K, committed 41216K, reserved 1114112K
  class space    used 5149K, committed 5376K, reserved 1048576K
}
Event: 7.090 GC heap after
{Heap after GC invocations=15 (full 0):
 garbage-first heap   total 78848K, used 40890K [0x00000000c0000000, 0x0000000100000000)
  region size 1024K, 3 young (3072K), 3 survivors (3072K)
 Metaspace       used 40761K, committed 41216K, reserved 1114112K
  class space    used 5149K, committed 5376K, reserved 1048576K
}
Event: 7.131 GC heap before
{Heap before GC invocations=15 (full 0):
 garbage-first heap   total 78848K, used 58298K [0x00000000c0000000, 0x0000000100000000)
  region size 1024K, 21 young (21504K), 3 survivors (3072K)
 Metaspace       used 40761K, committed 41216K, reserved 1114112K
  class space    used 5149K, committed 5376K, reserved 1048576K
}
Event: 7.135 GC heap after
{Heap after GC invocations=16 (full 0):
 garbage-first heap   total 78848K, used 43984K [0x00000000c0000000, 0x0000000100000000)
  region size 1024K, 3 young (3072K), 3 survivors (3072K)
 Metaspace       used 40761K, committed 41216K, reserved 1114112K
  class space    used 5149K, committed 5376K, reserved 1048576K
}
Event: 7.188 GC heap before
{Heap before GC invocations=16 (full 0):
 garbage-first heap   total 92160K, used 61392K [0x00000000c0000000, 0x0000000100000000)
  region size 1024K, 20 young (20480K), 3 survivors (3072K)
 Metaspace       used 40761K, committed 41216K, reserved 1114112K
  class space    used 5149K, committed 5376K, reserved 1048576K
}
Event: 7.197 GC heap after
{Heap after GC invocations=17 (full 0):
 garbage-first heap   total 206848K, used 51566K [0x00000000c0000000, 0x0000000100000000)
  region size 1024K, 3 young (3072K), 3 survivors (3072K)
 Metaspace       used 40761K, committed 41216K, reserved 1114112K
  class space    used 5149K, committed 5376K, reserved 1048576K
}
Event: 7.529 GC heap before
{Heap before GC invocations=18 (full 0):
 garbage-first heap   total 206848K, used 145774K [0x00000000c0000000, 0x0000000100000000)
  region size 1024K, 94 young (96256K), 3 survivors (3072K)
 Metaspace       used 41354K, committed 41792K, reserved 1114112K
  class space    used 5233K, committed 5440K, reserved 1048576K
}
Event: 7.572 GC heap after
{Heap after GC invocations=19 (full 0):
 garbage-first heap   total 206848K, used 79235K [0x00000000c0000000, 0x0000000100000000)
  region size 1024K, 12 young (12288K), 12 survivors (12288K)
 Metaspace       used 41354K, committed 41792K, reserved 1114112K
  class space    used 5233K, committed 5440K, reserved 1048576K
}
Event: 7.574 GC heap before
{Heap before GC invocations=19 (full 0):
 garbage-first heap   total 206848K, used 80259K [0x00000000c0000000, 0x0000000100000000)
  region size 1024K, 13 young (13312K), 12 survivors (12288K)
 Metaspace       used 41355K, committed 41792K, reserved 1114112K
  class space    used 5235K, committed 5440K, reserved 1048576K
}
Event: 7.585 GC heap after
{Heap after GC invocations=20 (full 0):
 garbage-first heap   total 206848K, used 81328K [0x00000000c0000000, 0x0000000100000000)
  region size 1024K, 2 young (2048K), 2 survivors (2048K)
 Metaspace       used 41355K, committed 41792K, reserved 1114112K
  class space    used 5235K, committed 5440K, reserved 1048576K
}
Event: 7.613 GC heap before
{Heap before GC invocations=20 (full 0):
 garbage-first heap   total 206848K, used 131504K [0x00000000c0000000, 0x0000000100000000)
  region size 1024K, 52 young (53248K), 2 survivors (2048K)
 Metaspace       used 41368K, committed 41792K, reserved 1114112K
  class space    used 5236K, committed 5440K, reserved 1048576K
}
Event: 7.615 GC heap after
{Heap after GC invocations=21 (full 0):
 garbage-first heap   total 206848K, used 82370K [0x00000000c0000000, 0x0000000100000000)
  region size 1024K, 3 young (3072K), 3 survivors (3072K)
 Metaspace       used 41368K, committed 41792K, reserved 1114112K
  class space    used 5236K, committed 5440K, reserved 1048576K
}
Event: 7.640 GC heap before
{Heap before GC invocations=21 (full 0):
 garbage-first heap   total 206848K, used 139714K [0x00000000c0000000, 0x0000000100000000)
  region size 1024K, 60 young (61440K), 3 survivors (3072K)
 Metaspace       used 41375K, committed 41856K, reserved 1114112K
  class space    used 5236K, committed 5440K, reserved 1048576K
}
Event: 7.642 GC heap after
{Heap after GC invocations=22 (full 0):
 garbage-first heap   total 206848K, used 84734K [0x00000000c0000000, 0x0000000100000000)
  region size 1024K, 5 young (5120K), 5 survivors (5120K)
 Metaspace       used 41375K, committed 41856K, reserved 1114112K
  class space    used 5236K, committed 5440K, reserved 1048576K
}
Event: 7.667 GC heap before
{Heap before GC invocations=22 (full 0):
 garbage-first heap   total 206848K, used 149246K [0x00000000c0000000, 0x0000000100000000)
  region size 1024K, 69 young (70656K), 5 survivors (5120K)
 Metaspace       used 41437K, committed 41856K, reserved 1114112K
  class space    used 5245K, committed 5440K, reserved 1048576K
}

