# JRE version: OpenJDK Runtime Environment Temurin-17.0.7+7 (17.0.7+7) (build 17.0.7+7)
# Java VM: OpenJDK 64-Bit Server VM Temurin-17.0.7+7 (17.0.7+7, mixed mode, emulated-client, tiered, compressed oops, compressed class ptrs, g1 gc, windows-amd64)
GC Precious Log:
 CPUs: 8 total, 8 available
 Memory: 8103M
 Large Page Support: Disabled
 NUMA Support: Disabled
 Compressed Oops: Enabled (32-bit)
 Heap Region Size: 1M
 Heap Min Capacity: 8M
 Heap Initial Capacity: 128M
 Heap Max Capacity: 1G
 Pre-touch: Disabled
 Parallel Workers: 8
 Concurrent Workers: 2
 Concurrent Refinement Workers: 8
 Periodic GC: Disabled
Heap:
 garbage-first heap   total 179200K, used 88872K [0x00000000c0000000, 0x0000000100000000)
  region size 1024K, 4 young (4096K), 4 survivors (4096K)
 Metaspace       used 45174K, committed 45568K, reserved 1114112K
  class space    used 5543K, committed 5696K, reserved 1048576K
GC Heap History (20 events):
Event: 1.610 GC heap after
{Heap after GC invocations=6 (full 0):
 garbage-first heap   total 55296K, used 17217K [0x00000000c0000000, 0x0000000100000000)
  region size 1024K, 1 young (1024K), 1 survivors (1024K)
 Metaspace       used 27491K, committed 27776K, reserved 1114112K
  class space    used 3212K, committed 3328K, reserved 1048576K
}
Event: 1.860 GC heap before
{Heap before GC invocations=6 (full 0):
 garbage-first heap   total 55296K, used 36673K [0x00000000c0000000, 0x0000000100000000)
  region size 1024K, 20 young (20480K), 1 survivors (1024K)
 Metaspace       used 29628K, committed 29952K, reserved 1114112K
  class space    used 3498K, committed 3648K, reserved 1048576K
}
Event: 1.864 GC heap after
{Heap after GC invocations=7 (full 0):
 garbage-first heap   total 55296K, used 18089K [0x00000000c0000000, 0x0000000100000000)
  region size 1024K, 2 young (2048K), 2 survivors (2048K)
 Metaspace       used 29628K, committed 29952K, reserved 1114112K
  class space    used 3498K, committed 3648K, reserved 1048576K
}
Event: 2.178 GC heap before
{Heap before GC invocations=7 (full 0):
 garbage-first heap   total 55296K, used 37545K [0x00000000c0000000, 0x0000000100000000)
  region size 1024K, 21 young (21504K), 2 survivors (2048K)
 Metaspace       used 33130K, committed 33472K, reserved 1114112K
  class space    used 3997K, committed 4160K, reserved 1048576K
}
Event: 2.184 GC heap after
{Heap after GC invocations=8 (full 0):
 garbage-first heap   total 110592K, used 19582K [0x00000000c0000000, 0x0000000100000000)
  region size 1024K, 2 young (2048K), 2 survivors (2048K)
 Metaspace       used 33130K, committed 33472K, reserved 1114112K
  class space    used 3997K, committed 4160K, reserved 1048576K
}
Event: 2.598 GC heap before
{Heap before GC invocations=8 (full 0):
 garbage-first heap   total 110592K, used 39038K [0x00000000c0000000, 0x0000000100000000)
  region size 1024K, 22 young (22528K), 2 survivors (2048K)
 Metaspace       used 35871K, committed 36160K, reserved 1114112K
  class space    used 4354K, committed 4480K, reserved 1048576K
}
Event: 2.603 GC heap after
{Heap after GC invocations=9 (full 0):
 garbage-first heap   total 110592K, used 21334K [0x00000000c0000000, 0x0000000100000000)
  region size 1024K, 4 young (4096K), 4 survivors (4096K)
 Metaspace       used 35871K, committed 36160K, reserved 1114112K
  class space    used 4354K, committed 4480K, reserved 1048576K
}
Event: 3.042 GC heap before
{Heap before GC invocations=10 (full 0):
 garbage-first heap   total 78848K, used 64342K [0x00000000c0000000, 0x0000000100000000)
  region size 1024K, 46 young (47104K), 4 survivors (4096K)
 Metaspace       used 40553K, committed 40960K, reserved 1114112K
  class space    used 5095K, committed 5248K, reserved 1048576K
}
Event: 3.048 GC heap after
{Heap after GC invocations=11 (full 0):
 garbage-first heap   total 78848K, used 26054K [0x00000000c0000000, 0x0000000100000000)
  region size 1024K, 6 young (6144K), 6 survivors (6144K)
 Metaspace       used 40553K, committed 40960K, reserved 1114112K
  class space    used 5095K, committed 5248K, reserved 1048576K
}
Event: 3.050 GC heap before
{Heap before GC invocations=11 (full 0):
 garbage-first heap   total 78848K, used 27078K [0x00000000c0000000, 0x0000000100000000)
  region size 1024K, 7 young (7168K), 6 survivors (6144K)
 Metaspace       used 40555K, committed 40960K, reserved 1114112K
  class space    used 5096K, committed 5248K, reserved 1048576K
}
Event: 3.054 GC heap after
{Heap after GC invocations=12 (full 0):
 garbage-first heap   total 78848K, used 26703K [0x00000000c0000000, 0x0000000100000000)
  region size 1024K, 1 young (1024K), 1 survivors (1024K)
 Metaspace       used 40555K, committed 40960K, reserved 1114112K
  class space    used 5096K, committed 5248K, reserved 1048576K
}
Event: 3.121 GC heap before
{Heap before GC invocations=12 (full 0):
 garbage-first heap   total 78848K, used 56399K [0x00000000c0000000, 0x0000000100000000)
  region size 1024K, 30 young (30720K), 1 survivors (1024K)
 Metaspace       used 40733K, committed 41152K, reserved 1114112K
  class space    used 5132K, committed 5312K, reserved 1048576K
}
Event: 3.129 GC heap after
{Heap after GC invocations=13 (full 0):
 garbage-first heap   total 179200K, used 33126K [0x00000000c0000000, 0x0000000100000000)
  region size 1024K, 4 young (4096K), 4 survivors (4096K)
 Metaspace       used 40733K, committed 41152K, reserved 1114112K
  class space    used 5132K, committed 5312K, reserved 1048576K
}
Event: 3.333 GC heap before
{Heap before GC invocations=13 (full 0):
 garbage-first heap   total 179200K, used 122214K [0x00000000c0000000, 0x0000000100000000)
  region size 1024K, 92 young (94208K), 4 survivors (4096K)
 Metaspace       used 42558K, committed 43008K, reserved 1114112K
  class space    used 5301K, committed 5504K, reserved 1048576K
}
Event: 3.347 GC heap after
{Heap after GC invocations=14 (full 0):
 garbage-first heap   total 179200K, used 49787K [0x00000000c0000000, 0x0000000100000000)
  region size 1024K, 12 young (12288K), 12 survivors (12288K)
 Metaspace       used 42558K, committed 43008K, reserved 1114112K
  class space    used 5301K, committed 5504K, reserved 1048576K
}
Event: 3.542 GC heap before
{Heap before GC invocations=14 (full 0):
 garbage-first heap   total 179200K, used 119419K [0x00000000c0000000, 0x0000000100000000)
  region size 1024K, 80 young (81920K), 12 survivors (12288K)
 Metaspace       used 44539K, committed 44928K, reserved 1114112K
  class space    used 5454K, committed 5632K, reserved 1048576K
}
Event: 3.562 GC heap after
{Heap after GC invocations=15 (full 0):
 garbage-first heap   total 179200K, used 68092K [0x00000000c0000000, 0x0000000100000000)
  region size 1024K, 10 young (10240K), 10 survivors (10240K)
 Metaspace       used 44539K, committed 44928K, reserved 1114112K
  class space    used 5454K, committed 5632K, reserved 1048576K
}
Event: 3.689 GC heap before
{Heap before GC invocations=15 (full 0):
 garbage-first heap   total 179200K, used 127484K [0x00000000c0000000, 0x0000000100000000)
  region size 1024K, 68 young (69632K), 10 survivors (10240K)
 Metaspace       used 45052K, committed 45504K, reserved 1114112K
  class space    used 5527K, committed 5696K, reserved 1048576K
}
Event: 3.723 GC heap after
{Heap after GC invocations=16 (full 0):
 garbage-first heap   total 179200K, used 83968K [0x00000000c0000000, 0x0000000100000000)
  region size 1024K, 9 young (9216K), 9 survivors (9216K)
 Metaspace       used 45052K, committed 45504K, reserved 1114112K
  class space    used 5527K, committed 5696K, reserved 1048576K
}
Event: 3.756 GC heap before
{Heap before GC invocations=16 (full 0):
 garbage-first heap   total 179200K, used 131072K [0x00000000c0000000, 0x0000000100000000)
  region size 1024K, 56 young (57344K), 9 survivors (9216K)
 Metaspace       used 45174K, committed 45568K, reserved 1114112K
  class space    used 5543K, committed 5696K, reserved 1048576K
}

