# JRE version: OpenJDK Runtime Environment Temurin-17.0.7+7 (17.0.7+7) (build 17.0.7+7)
# Java VM: OpenJDK 64-Bit Server VM Temurin-17.0.7+7 (17.0.7+7, mixed mode, emulated-client, tiered, compressed oops, compressed class ptrs, g1 gc, windows-amd64)
GC Precious Log:
 CPUs: 8 total, 8 available
 Memory: 8103M
 Large Page Support: Disabled
 NUMA Support: Disabled
 Compressed Oops: Enabled (32-bit)
 Heap Region Size: 1M
 Heap Min Capacity: 8M
 Heap Initial Capacity: 128M
 Heap Max Capacity: 1G
 Pre-touch: Disabled
 Parallel Workers: 8
 Concurrent Workers: 2
 Concurrent Refinement Workers: 8
 Periodic GC: Disabled
Heap:
 garbage-first heap   total 363520K, used 119621K [0x00000000c0000000, 0x0000000100000000)
  region size 1024K, 15 young (15360K), 15 survivors (15360K)
 Metaspace       used 45391K, committed 45824K, reserved 1114112K
  class space    used 5568K, committed 5760K, reserved 1048576K
GC Heap History (20 events):
Event: 2.698 GC heap after
{Heap after GC invocations=11 (full 0):
 garbage-first heap   total 78848K, used 26958K [0x00000000c0000000, 0x0000000100000000)
  region size 1024K, 6 young (6144K), 6 survivors (6144K)
 Metaspace       used 40532K, committed 40960K, reserved 1114112K
  class space    used 5087K, committed 5248K, reserved 1048576K
}
Event: 2.700 GC heap before
{Heap before GC invocations=11 (full 0):
 garbage-first heap   total 78848K, used 27982K [0x00000000c0000000, 0x0000000100000000)
  region size 1024K, 7 young (7168K), 6 survivors (6144K)
 Metaspace       used 40532K, committed 40960K, reserved 1114112K
  class space    used 5087K, committed 5248K, reserved 1048576K
}
Event: 2.704 GC heap after
{Heap after GC invocations=12 (full 0):
 garbage-first heap   total 78848K, used 27582K [0x00000000c0000000, 0x0000000100000000)
  region size 1024K, 1 young (1024K), 1 survivors (1024K)
 Metaspace       used 40532K, committed 40960K, reserved 1114112K
  class space    used 5087K, committed 5248K, reserved 1048576K
}
Event: 2.768 GC heap before
{Heap before GC invocations=12 (full 0):
 garbage-first heap   total 78848K, used 57278K [0x00000000c0000000, 0x0000000100000000)
  region size 1024K, 31 young (31744K), 1 survivors (1024K)
 Metaspace       used 40717K, committed 41152K, reserved 1114112K
  class space    used 5125K, committed 5312K, reserved 1048576K
}
Event: 2.774 GC heap after
{Heap after GC invocations=13 (full 0):
 garbage-first heap   total 191488K, used 33123K [0x00000000c0000000, 0x0000000100000000)
  region size 1024K, 4 young (4096K), 4 survivors (4096K)
 Metaspace       used 40717K, committed 41152K, reserved 1114112K
  class space    used 5125K, committed 5312K, reserved 1048576K
}
Event: 2.984 GC heap before
{Heap before GC invocations=13 (full 0):
 garbage-first heap   total 191488K, used 133475K [0x00000000c0000000, 0x0000000100000000)
  region size 1024K, 103 young (105472K), 4 survivors (4096K)
 Metaspace       used 43048K, committed 43456K, reserved 1114112K
  class space    used 5312K, committed 5504K, reserved 1048576K
}
Event: 3.003 GC heap after
{Heap after GC invocations=14 (full 0):
 garbage-first heap   total 191488K, used 54149K [0x00000000c0000000, 0x0000000100000000)
  region size 1024K, 13 young (13312K), 13 survivors (13312K)
 Metaspace       used 43048K, committed 43456K, reserved 1114112K
  class space    used 5312K, committed 5504K, reserved 1048576K
}
Event: 3.238 GC heap before
{Heap before GC invocations=14 (full 0):
 garbage-first heap   total 191488K, used 130949K [0x00000000c0000000, 0x0000000100000000)
  region size 1024K, 86 young (88064K), 13 survivors (13312K)
 Metaspace       used 44535K, committed 44928K, reserved 1114112K
  class space    used 5450K, committed 5632K, reserved 1048576K
}
Event: 3.263 GC heap after
{Heap after GC invocations=15 (full 0):
 garbage-first heap   total 191488K, used 79535K [0x00000000c0000000, 0x0000000100000000)
  region size 1024K, 11 young (11264K), 11 survivors (11264K)
 Metaspace       used 44535K, committed 44928K, reserved 1114112K
  class space    used 5450K, committed 5632K, reserved 1048576K
}
Event: 3.325 GC heap before
{Heap before GC invocations=15 (full 0):
 garbage-first heap   total 191488K, used 132783K [0x00000000c0000000, 0x0000000100000000)
  region size 1024K, 64 young (65536K), 11 survivors (11264K)
 Metaspace       used 44868K, committed 45376K, reserved 1114112K
  class space    used 5485K, committed 5696K, reserved 1048576K
}
Event: 3.348 GC heap after
{Heap after GC invocations=16 (full 0):
 garbage-first heap   total 191488K, used 89571K [0x00000000c0000000, 0x0000000100000000)
  region size 1024K, 8 young (8192K), 8 survivors (8192K)
 Metaspace       used 44868K, committed 45376K, reserved 1114112K
  class space    used 5485K, committed 5696K, reserved 1048576K
}
Event: 3.385 GC heap before
{Heap before GC invocations=16 (full 0):
 garbage-first heap   total 191488K, used 138723K [0x00000000c0000000, 0x0000000100000000)
  region size 1024K, 57 young (58368K), 8 survivors (8192K)
 Metaspace       used 44879K, committed 45376K, reserved 1114112K
  class space    used 5486K, committed 5696K, reserved 1048576K
}
Event: 3.403 GC heap after
{Heap after GC invocations=17 (full 0):
 garbage-first heap   total 363520K, used 93076K [0x00000000c0000000, 0x0000000100000000)
  region size 1024K, 3 young (3072K), 3 survivors (3072K)
 Metaspace       used 44879K, committed 45376K, reserved 1114112K
  class space    used 5486K, committed 5696K, reserved 1048576K
}
Event: 3.484 GC heap before
{Heap before GC invocations=17 (full 0):
 garbage-first heap   total 363520K, used 240532K [0x00000000c0000000, 0x0000000100000000)
  region size 1024K, 148 young (151552K), 3 survivors (3072K)
 Metaspace       used 45111K, committed 45568K, reserved 1114112K
  class space    used 5528K, committed 5696K, reserved 1048576K
}
Event: 3.489 GC heap after
{Heap after GC invocations=18 (full 0):
 garbage-first heap   total 363520K, used 97921K [0x00000000c0000000, 0x0000000100000000)
  region size 1024K, 8 young (8192K), 8 survivors (8192K)
 Metaspace       used 45111K, committed 45568K, reserved 1114112K
  class space    used 5528K, committed 5696K, reserved 1048576K
}
Event: 3.544 GC heap before
{Heap before GC invocations=18 (full 0):
 garbage-first heap   total 363520K, used 266881K [0x00000000c0000000, 0x0000000100000000)
  region size 1024K, 174 young (178176K), 8 survivors (8192K)
 Metaspace       used 45139K, committed 45568K, reserved 1114112K
  class space    used 5531K, committed 5696K, reserved 1048576K
}
Event: 3.551 GC heap after
{Heap after GC invocations=19 (full 0):
 garbage-first heap   total 363520K, used 105204K [0x00000000c0000000, 0x0000000100000000)
  region size 1024K, 15 young (15360K), 15 survivors (15360K)
 Metaspace       used 45139K, committed 45568K, reserved 1114112K
  class space    used 5531K, committed 5696K, reserved 1048576K
}
Event: 3.613 GC heap before
{Heap before GC invocations=19 (full 0):
 garbage-first heap   total 363520K, used 276212K [0x00000000c0000000, 0x0000000100000000)
  region size 1024K, 183 young (187392K), 15 survivors (15360K)
 Metaspace       used 45331K, committed 45824K, reserved 1114112K
  class space    used 5552K, committed 5760K, reserved 1048576K
}
Event: 3.622 GC heap after
{Heap after GC invocations=20 (full 0):
 garbage-first heap   total 363520K, used 112774K [0x00000000c0000000, 0x0000000100000000)
  region size 1024K, 15 young (15360K), 15 survivors (15360K)
 Metaspace       used 45331K, committed 45824K, reserved 1114112K
  class space    used 5552K, committed 5760K, reserved 1048576K
}
Event: 3.693 GC heap before
{Heap before GC invocations=20 (full 0):
 garbage-first heap   total 363520K, used 282758K [0x00000000c0000000, 0x0000000100000000)
  region size 1024K, 182 young (186368K), 15 survivors (15360K)
 Metaspace       used 45391K, committed 45824K, reserved 1114112K
  class space    used 5568K, committed 5760K, reserved 1048576K
}

