# JRE version: OpenJDK Runtime Environment Temurin-17.0.7+7 (17.0.7+7) (build 17.0.7+7)
# Java VM: OpenJDK 64-Bit Server VM Temurin-17.0.7+7 (17.0.7+7, mixed mode, emulated-client, tiered, compressed oops, compressed class ptrs, g1 gc, windows-amd64)
GC Precious Log:
 CPUs: 8 total, 8 available
 Memory: 8103M
 Large Page Support: Disabled
 NUMA Support: Disabled
 Compressed Oops: Enabled (32-bit)
 Heap Region Size: 1M
 Heap Min Capacity: 8M
 Heap Initial Capacity: 128M
 Heap Max Capacity: 1G
 Pre-touch: Disabled
 Parallel Workers: 8
 Concurrent Workers: 2
 Concurrent Refinement Workers: 8
 Periodic GC: Disabled
Heap:
 garbage-first heap   total 571392K, used 402024K [0x00000000c0000000, 0x0000000100000000)
  region size 1024K, 261 young (267264K), 34 survivors (34816K)
 Metaspace       used 53238K, committed 53632K, reserved 1114112K
  class space    used 6467K, committed 6656K, reserved 1048576K
GC Heap History (20 events):
Event: 3.762 GC heap before
{Heap before GC invocations=20 (full 0):
 garbage-first heap   total 167936K, used 120071K [0x00000000c0000000, 0x0000000100000000)
  region size 1024K, 38 young (38912K), 6 survivors (6144K)
 Metaspace       used 45256K, committed 45696K, reserved 1114112K
  class space    used 5555K, committed 5760K, reserved 1048576K
}
Event: 3.766 GC heap after
{Heap after GC invocations=21 (full 0):
 garbage-first heap   total 167936K, used 91010K [0x00000000c0000000, 0x0000000100000000)
  region size 1024K, 2 young (2048K), 2 survivors (2048K)
 Metaspace       used 45256K, committed 45696K, reserved 1114112K
  class space    used 5555K, committed 5760K, reserved 1048576K
}
Event: 3.792 GC heap before
{Heap before GC invocations=21 (full 0):
 garbage-first heap   total 167936K, used 124802K [0x00000000c0000000, 0x0000000100000000)
  region size 1024K, 36 young (36864K), 2 survivors (2048K)
 Metaspace       used 45289K, committed 45760K, reserved 1114112K
  class space    used 5562K, committed 5760K, reserved 1048576K
}
Event: 3.796 GC heap after
{Heap after GC invocations=22 (full 0):
 garbage-first heap   total 436224K, used 92226K [0x00000000c0000000, 0x0000000100000000)
  region size 1024K, 3 young (3072K), 3 survivors (3072K)
 Metaspace       used 45289K, committed 45760K, reserved 1114112K
  class space    used 5562K, committed 5760K, reserved 1048576K
}
Event: 3.972 GC heap before
{Heap before GC invocations=23 (full 0):
 garbage-first heap   total 436224K, used 271426K [0x00000000c0000000, 0x0000000100000000)
  region size 1024K, 180 young (184320K), 3 survivors (3072K)
 Metaspace       used 45694K, committed 46144K, reserved 1114112K
  class space    used 5605K, committed 5824K, reserved 1048576K
}
Event: 3.979 GC heap after
{Heap after GC invocations=24 (full 0):
 garbage-first heap   total 436224K, used 98052K [0x00000000c0000000, 0x0000000100000000)
  region size 1024K, 10 young (10240K), 10 survivors (10240K)
 Metaspace       used 45694K, committed 46144K, reserved 1114112K
  class space    used 5605K, committed 5824K, reserved 1048576K
}
Event: 3.988 GC heap before
{Heap before GC invocations=24 (full 0):
 garbage-first heap   total 436224K, used 108292K [0x00000000c0000000, 0x0000000100000000)
  region size 1024K, 21 young (21504K), 10 survivors (10240K)
 Metaspace       used 45756K, committed 46208K, reserved 1114112K
  class space    used 5612K, committed 5824K, reserved 1048576K
}
Event: 3.994 GC heap after
{Heap after GC invocations=25 (full 0):
 garbage-first heap   total 436224K, used 98550K [0x00000000c0000000, 0x0000000100000000)
  region size 1024K, 2 young (2048K), 2 survivors (2048K)
 Metaspace       used 45756K, committed 46208K, reserved 1114112K
  class space    used 5612K, committed 5824K, reserved 1048576K
}
Event: 4.090 GC heap before
{Heap before GC invocations=25 (full 0):
 garbage-first heap   total 436224K, used 328950K [0x00000000c0000000, 0x0000000100000000)
  region size 1024K, 228 young (233472K), 2 survivors (2048K)
 Metaspace       used 46083K, committed 46528K, reserved 1114112K
  class space    used 5650K, committed 5824K, reserved 1048576K
}
Event: 4.097 GC heap after
{Heap after GC invocations=26 (full 0):
 garbage-first heap   total 436224K, used 107180K [0x00000000c0000000, 0x0000000100000000)
  region size 1024K, 10 young (10240K), 10 survivors (10240K)
 Metaspace       used 46083K, committed 46528K, reserved 1114112K
  class space    used 5650K, committed 5824K, reserved 1048576K
}
Event: 4.186 GC heap before
{Heap before GC invocations=26 (full 0):
 garbage-first heap   total 436224K, used 339628K [0x00000000c0000000, 0x0000000100000000)
  region size 1024K, 238 young (243712K), 10 survivors (10240K)
 Metaspace       used 46566K, committed 47040K, reserved 1114112K
  class space    used 5698K, committed 5952K, reserved 1048576K
}
Event: 4.200 GC heap after
{Heap after GC invocations=27 (full 0):
 garbage-first heap   total 436224K, used 118198K [0x00000000c0000000, 0x0000000100000000)
  region size 1024K, 21 young (21504K), 21 survivors (21504K)
 Metaspace       used 46566K, committed 47040K, reserved 1114112K
  class space    used 5698K, committed 5952K, reserved 1048576K
}
Event: 4.293 GC heap before
{Heap before GC invocations=27 (full 0):
 garbage-first heap   total 436224K, used 346550K [0x00000000c0000000, 0x0000000100000000)
  region size 1024K, 245 young (250880K), 21 survivors (21504K)
 Metaspace       used 47124K, committed 47552K, reserved 1114112K
  class space    used 5732K, committed 5952K, reserved 1048576K
}
Event: 4.306 GC heap after
{Heap after GC invocations=28 (full 0):
 garbage-first heap   total 436224K, used 128595K [0x00000000c0000000, 0x0000000100000000)
  region size 1024K, 21 young (21504K), 21 survivors (21504K)
 Metaspace       used 47124K, committed 47552K, reserved 1114112K
  class space    used 5732K, committed 5952K, reserved 1048576K
}
Event: 4.381 GC heap before
{Heap before GC invocations=28 (full 0):
 garbage-first heap   total 436224K, used 353875K [0x00000000c0000000, 0x0000000100000000)
  region size 1024K, 242 young (247808K), 21 survivors (21504K)
 Metaspace       used 47577K, committed 48000K, reserved 1114112K
  class space    used 5768K, committed 5952K, reserved 1048576K
}
Event: 4.396 GC heap after
{Heap after GC invocations=29 (full 0):
 garbage-first heap   total 571392K, used 137841K [0x00000000c0000000, 0x0000000100000000)
  region size 1024K, 20 young (20480K), 20 survivors (20480K)
 Metaspace       used 47577K, committed 48000K, reserved 1114112K
  class space    used 5768K, committed 5952K, reserved 1048576K
}
Event: 4.548 GC heap before
{Heap before GC invocations=29 (full 0):
 garbage-first heap   total 571392K, used 458353K [0x00000000c0000000, 0x0000000100000000)
  region size 1024K, 334 young (342016K), 20 survivors (20480K)
 Metaspace       used 48220K, committed 48704K, reserved 1114112K
  class space    used 5835K, committed 6016K, reserved 1048576K
}
Event: 4.562 GC heap after
{Heap after GC invocations=30 (full 0):
 garbage-first heap   total 571392K, used 154651K [0x00000000c0000000, 0x0000000100000000)
  region size 1024K, 36 young (36864K), 36 survivors (36864K)
 Metaspace       used 48220K, committed 48704K, reserved 1114112K
  class space    used 5835K, committed 6016K, reserved 1048576K
}
Event: 4.951 GC heap before
{Heap before GC invocations=30 (full 0):
 garbage-first heap   total 571392K, used 458779K [0x00000000c0000000, 0x0000000100000000)
  region size 1024K, 334 young (342016K), 36 survivors (36864K)
 Metaspace       used 50708K, committed 51200K, reserved 1114112K
  class space    used 6114K, committed 6336K, reserved 1048576K
}
Event: 4.986 GC heap after
{Heap after GC invocations=31 (full 0):
 garbage-first heap   total 571392K, used 170600K [0x00000000c0000000, 0x0000000100000000)
  region size 1024K, 34 young (34816K), 34 survivors (34816K)
 Metaspace       used 50708K, committed 51200K, reserved 1114112K
  class space    used 6114K, committed 6336K, reserved 1048576K
}

