# JRE version: OpenJDK Runtime Environment Temurin-17.0.7+7 (17.0.7+7) (build 17.0.7+7)
# Java VM: OpenJDK 64-Bit Server VM Temurin-17.0.7+7 (17.0.7+7, mixed mode, emulated-client, tiered, compressed oops, compressed class ptrs, g1 gc, windows-amd64)
GC Precious Log:
 CPUs: 8 total, 8 available
 Memory: 8103M
 Large Page Support: Disabled
 NUMA Support: Disabled
 Compressed Oops: Enabled (32-bit)
 Heap Region Size: 1M
 Heap Min Capacity: 8M
 Heap Initial Capacity: 128M
 Heap Max Capacity: 1G
 Pre-touch: Disabled
 Parallel Workers: 8
 Concurrent Workers: 2
 Concurrent Refinement Workers: 8
 Periodic GC: Disabled
Heap:
 garbage-first heap   total 286720K, used 108193K [0x00000000c0000000, 0x0000000100000000)
  region size 1024K, 6 young (6144K), 6 survivors (6144K)
 Metaspace       used 47283K, committed 47744K, reserved 1114112K
  class space    used 5765K, committed 5952K, reserved 1048576K
GC Heap History (20 events):
Event: 3.560 GC heap after
{Heap after GC invocations=17 (full 0):
 garbage-first heap   total 118784K, used 55892K [0x00000000c0000000, 0x0000000100000000)
  region size 1024K, 6 young (6144K), 6 survivors (6144K)
 Metaspace       used 42609K, committed 43072K, reserved 1114112K
  class space    used 5333K, committed 5568K, reserved 1048576K
}
Event: 3.692 GC heap before
{Heap before GC invocations=17 (full 0):
 garbage-first heap   total 118784K, used 86612K [0x00000000c0000000, 0x0000000100000000)
  region size 1024K, 37 young (37888K), 6 survivors (6144K)
 Metaspace       used 43957K, committed 44416K, reserved 1114112K
  class space    used 5422K, committed 5632K, reserved 1048576K
}
Event: 3.699 GC heap after
{Heap after GC invocations=18 (full 0):
 garbage-first heap   total 118784K, used 61687K [0x00000000c0000000, 0x0000000100000000)
  region size 1024K, 5 young (5120K), 5 survivors (5120K)
 Metaspace       used 43957K, committed 44416K, reserved 1114112K
  class space    used 5422K, committed 5632K, reserved 1048576K
}
Event: 3.726 GC heap before
{Heap before GC invocations=18 (full 0):
 garbage-first heap   total 118784K, used 67831K [0x00000000c0000000, 0x0000000100000000)
  region size 1024K, 12 young (12288K), 5 survivors (5120K)
 Metaspace       used 44266K, committed 44672K, reserved 1114112K
  class space    used 5458K, committed 5632K, reserved 1048576K
}
Event: 3.730 GC heap after
{Heap after GC invocations=19 (full 0):
 garbage-first heap   total 118784K, used 64149K [0x00000000c0000000, 0x0000000100000000)
  region size 1024K, 2 young (2048K), 2 survivors (2048K)
 Metaspace       used 44266K, committed 44672K, reserved 1114112K
  class space    used 5458K, committed 5632K, reserved 1048576K
}
Event: 3.823 GC heap before
{Heap before GC invocations=19 (full 0):
 garbage-first heap   total 143360K, used 92821K [0x00000000c0000000, 0x0000000100000000)
  region size 1024K, 29 young (29696K), 2 survivors (2048K)
 Metaspace       used 44993K, committed 45504K, reserved 1114112K
  class space    used 5577K, committed 5824K, reserved 1048576K
}
Event: 3.832 GC heap after
{Heap after GC invocations=20 (full 0):
 garbage-first heap   total 143360K, used 77287K [0x00000000c0000000, 0x0000000100000000)
  region size 1024K, 4 young (4096K), 4 survivors (4096K)
 Metaspace       used 44993K, committed 45504K, reserved 1114112K
  class space    used 5577K, committed 5824K, reserved 1048576K
}
Event: 3.897 GC heap before
{Heap before GC invocations=21 (full 0):
 garbage-first heap   total 143360K, used 106983K [0x00000000c0000000, 0x0000000100000000)
  region size 1024K, 33 young (33792K), 4 survivors (4096K)
 Metaspace       used 46287K, committed 46784K, reserved 1114112K
  class space    used 5685K, committed 5952K, reserved 1048576K
}
Event: 3.921 GC heap after
{Heap after GC invocations=22 (full 0):
 garbage-first heap   total 143360K, used 88952K [0x00000000c0000000, 0x0000000100000000)
  region size 1024K, 5 young (5120K), 5 survivors (5120K)
 Metaspace       used 46287K, committed 46784K, reserved 1114112K
  class space    used 5685K, committed 5952K, reserved 1048576K
}
Event: 3.935 GC heap before
{Heap before GC invocations=22 (full 0):
 garbage-first heap   total 143360K, used 109432K [0x00000000c0000000, 0x0000000100000000)
  region size 1024K, 26 young (26624K), 5 survivors (5120K)
 Metaspace       used 46329K, committed 46784K, reserved 1114112K
  class space    used 5692K, committed 5952K, reserved 1048576K
}
Event: 3.939 GC heap after
{Heap after GC invocations=23 (full 0):
 garbage-first heap   total 286720K, used 91306K [0x00000000c0000000, 0x0000000100000000)
  region size 1024K, 2 young (2048K), 2 survivors (2048K)
 Metaspace       used 46329K, committed 46784K, reserved 1114112K
  class space    used 5692K, committed 5952K, reserved 1048576K
}
Event: 4.005 GC heap before
{Heap before GC invocations=23 (full 0):
 garbage-first heap   total 286720K, used 192682K [0x00000000c0000000, 0x0000000100000000)
  region size 1024K, 102 young (104448K), 2 survivors (2048K)
 Metaspace       used 46380K, committed 46848K, reserved 1114112K
  class space    used 5702K, committed 5952K, reserved 1048576K
}
Event: 4.008 GC heap after
{Heap after GC invocations=24 (full 0):
 garbage-first heap   total 286720K, used 95416K [0x00000000c0000000, 0x0000000100000000)
  region size 1024K, 6 young (6144K), 6 survivors (6144K)
 Metaspace       used 46380K, committed 46848K, reserved 1114112K
  class space    used 5702K, committed 5952K, reserved 1048576K
}
Event: 4.081 GC heap before
{Heap before GC invocations=24 (full 0):
 garbage-first heap   total 286720K, used 213176K [0x00000000c0000000, 0x0000000100000000)
  region size 1024K, 123 young (125952K), 6 survivors (6144K)
 Metaspace       used 46467K, committed 46976K, reserved 1114112K
  class space    used 5709K, committed 5952K, reserved 1048576K
}
Event: 4.086 GC heap after
{Heap after GC invocations=25 (full 0):
 garbage-first heap   total 286720K, used 98834K [0x00000000c0000000, 0x0000000100000000)
  region size 1024K, 10 young (10240K), 10 survivors (10240K)
 Metaspace       used 46467K, committed 46976K, reserved 1114112K
  class space    used 5709K, committed 5952K, reserved 1048576K
}
Event: 4.140 GC heap before
{Heap before GC invocations=26 (full 0):
 garbage-first heap   total 286720K, used 220690K [0x00000000c0000000, 0x0000000100000000)
  region size 1024K, 130 young (133120K), 10 survivors (10240K)
 Metaspace       used 46864K, committed 47360K, reserved 1114112K
  class space    used 5728K, committed 5952K, reserved 1048576K
}
Event: 4.148 GC heap after
{Heap after GC invocations=27 (full 0):
 garbage-first heap   total 286720K, used 104157K [0x00000000c0000000, 0x0000000100000000)
  region size 1024K, 11 young (11264K), 11 survivors (11264K)
 Metaspace       used 46864K, committed 47360K, reserved 1114112K
  class space    used 5728K, committed 5952K, reserved 1048576K
}
Event: 4.150 GC heap before
{Heap before GC invocations=27 (full 0):
 garbage-first heap   total 286720K, used 106205K [0x00000000c0000000, 0x0000000100000000)
  region size 1024K, 14 young (14336K), 11 survivors (11264K)
 Metaspace       used 46874K, committed 47360K, reserved 1114112K
  class space    used 5730K, committed 5952K, reserved 1048576K
}
Event: 4.155 GC heap after
{Heap after GC invocations=28 (full 0):
 garbage-first heap   total 286720K, used 103805K [0x00000000c0000000, 0x0000000100000000)
  region size 1024K, 2 young (2048K), 2 survivors (2048K)
 Metaspace       used 46874K, committed 47360K, reserved 1114112K
  class space    used 5730K, committed 5952K, reserved 1048576K
}
Event: 4.194 GC heap before
{Heap before GC invocations=28 (full 0):
 garbage-first heap   total 286720K, used 227709K [0x00000000c0000000, 0x0000000100000000)
  region size 1024K, 124 young (126976K), 2 survivors (2048K)
 Metaspace       used 47283K, committed 47744K, reserved 1114112K
  class space    used 5765K, committed 5952K, reserved 1048576K
}

