# JRE version: OpenJDK Runtime Environment Temurin-17.0.7+7 (17.0.7+7) (build 17.0.7+7)
# Java VM: OpenJDK 64-Bit Server VM Temurin-17.0.7+7 (17.0.7+7, mixed mode, emulated-client, tiered, compressed oops, compressed class ptrs, g1 gc, windows-amd64)
GC Precious Log:
 CPUs: 8 total, 8 available
 Memory: 8103M
 Large Page Support: Disabled
 NUMA Support: Disabled
 Compressed Oops: Enabled (32-bit)
 Heap Region Size: 1M
 Heap Min Capacity: 8M
 Heap Initial Capacity: 128M
 Heap Max Capacity: 1G
 Pre-touch: Disabled
 Parallel Workers: 8
 Concurrent Workers: 2
 Concurrent Refinement Workers: 8
 Periodic GC: Disabled
Heap:
 garbage-first heap   total 492544K, used 166403K [0x00000000c0000000, 0x0000000100000000)
  region size 1024K, 28 young (28672K), 28 survivors (28672K)
 Metaspace       used 50938K, committed 51456K, reserved 1114112K
  class space    used 6177K, committed 6400K, reserved 1048576K
GC Heap History (20 events):
Event: 3.708 GC heap after
{Heap after GC invocations=20 (full 0):
 garbage-first heap   total 122880K, used 63839K [0x00000000c0000000, 0x0000000100000000)
  region size 1024K, 5 young (5120K), 5 survivors (5120K)
 Metaspace       used 44107K, committed 44544K, reserved 1114112K
  class space    used 5448K, committed 5632K, reserved 1048576K
}
Event: 3.714 GC heap before
{Heap before GC invocations=20 (full 0):
 garbage-first heap   total 122880K, used 64863K [0x00000000c0000000, 0x0000000100000000)
  region size 1024K, 6 young (6144K), 5 survivors (5120K)
 Metaspace       used 44210K, committed 44608K, reserved 1114112K
  class space    used 5463K, committed 5632K, reserved 1048576K
}
Event: 3.718 GC heap after
{Heap after GC invocations=21 (full 0):
 garbage-first heap   total 275456K, used 64584K [0x00000000c0000000, 0x0000000100000000)
  region size 1024K, 1 young (1024K), 1 survivors (1024K)
 Metaspace       used 44210K, committed 44608K, reserved 1114112K
  class space    used 5463K, committed 5632K, reserved 1048576K
}
Event: 3.938 GC heap before
{Heap before GC invocations=21 (full 0):
 garbage-first heap   total 275456K, used 184392K [0x00000000c0000000, 0x0000000100000000)
  region size 1024K, 116 young (118784K), 1 survivors (1024K)
 Metaspace       used 47529K, committed 48000K, reserved 1114112K
  class space    used 5809K, committed 6016K, reserved 1048576K
}
Event: 3.978 GC heap after
{Heap after GC invocations=22 (full 0):
 garbage-first heap   total 275456K, used 93680K [0x00000000c0000000, 0x0000000100000000)
  region size 1024K, 15 young (15360K), 15 survivors (15360K)
 Metaspace       used 47529K, committed 48000K, reserved 1114112K
  class space    used 5809K, committed 6016K, reserved 1048576K
}
Event: 4.043 GC heap before
{Heap before GC invocations=22 (full 0):
 garbage-first heap   total 275456K, used 175600K [0x00000000c0000000, 0x0000000100000000)
  region size 1024K, 96 young (98304K), 15 survivors (15360K)
 Metaspace       used 47597K, committed 48064K, reserved 1114112K
  class space    used 5814K, committed 6080K, reserved 1048576K
}
Event: 4.060 GC heap after
{Heap after GC invocations=23 (full 0):
 garbage-first heap   total 275456K, used 98137K [0x00000000c0000000, 0x0000000100000000)
  region size 1024K, 4 young (4096K), 4 survivors (4096K)
 Metaspace       used 47597K, committed 48064K, reserved 1114112K
  class space    used 5814K, committed 6080K, reserved 1048576K
}
Event: 4.128 GC heap before
{Heap before GC invocations=23 (full 0):
 garbage-first heap   total 275456K, used 187225K [0x00000000c0000000, 0x0000000100000000)
  region size 1024K, 92 young (94208K), 4 survivors (4096K)
 Metaspace       used 47724K, committed 48256K, reserved 1114112K
  class space    used 5820K, committed 6080K, reserved 1048576K
}
Event: 4.134 GC heap after
{Heap after GC invocations=24 (full 0):
 garbage-first heap   total 275456K, used 101245K [0x00000000c0000000, 0x0000000100000000)
  region size 1024K, 7 young (7168K), 7 survivors (7168K)
 Metaspace       used 47724K, committed 48256K, reserved 1114112K
  class space    used 5820K, committed 6080K, reserved 1048576K
}
Event: 4.188 GC heap before
{Heap before GC invocations=24 (full 0):
 garbage-first heap   total 275456K, used 197501K [0x00000000c0000000, 0x0000000100000000)
  region size 1024K, 102 young (104448K), 7 survivors (7168K)
 Metaspace       used 48391K, committed 48832K, reserved 1114112K
  class space    used 5886K, committed 6080K, reserved 1048576K
}
Event: 4.195 GC heap after
{Heap after GC invocations=25 (full 0):
 garbage-first heap   total 492544K, used 104869K [0x00000000c0000000, 0x0000000100000000)
  region size 1024K, 7 young (7168K), 7 survivors (7168K)
 Metaspace       used 48391K, committed 48832K, reserved 1114112K
  class space    used 5886K, committed 6080K, reserved 1048576K
}
Event: 4.315 GC heap before
{Heap before GC invocations=25 (full 0):
 garbage-first heap   total 492544K, used 379301K [0x00000000c0000000, 0x0000000100000000)
  region size 1024K, 276 young (282624K), 7 survivors (7168K)
 Metaspace       used 49551K, committed 49984K, reserved 1114112K
  class space    used 6013K, committed 6208K, reserved 1048576K
}
Event: 4.324 GC heap after
{Heap after GC invocations=26 (full 0):
 garbage-first heap   total 492544K, used 116093K [0x00000000c0000000, 0x0000000100000000)
  region size 1024K, 18 young (18432K), 18 survivors (18432K)
 Metaspace       used 49551K, committed 49984K, reserved 1114112K
  class space    used 6013K, committed 6208K, reserved 1048576K
}
Event: 4.411 GC heap before
{Heap before GC invocations=26 (full 0):
 garbage-first heap   total 492544K, used 377213K [0x00000000c0000000, 0x0000000100000000)
  region size 1024K, 274 young (280576K), 18 survivors (18432K)
 Metaspace       used 50031K, committed 50496K, reserved 1114112K
  class space    used 6059K, committed 6272K, reserved 1048576K
}
Event: 4.423 GC heap after
{Heap after GC invocations=27 (full 0):
 garbage-first heap   total 492544K, used 127397K [0x00000000c0000000, 0x0000000100000000)
  region size 1024K, 29 young (29696K), 29 survivors (29696K)
 Metaspace       used 50031K, committed 50496K, reserved 1114112K
  class space    used 6059K, committed 6272K, reserved 1048576K
}
Event: 4.504 GC heap before
{Heap before GC invocations=27 (full 0):
 garbage-first heap   total 492544K, used 386469K [0x00000000c0000000, 0x0000000100000000)
  region size 1024K, 283 young (289792K), 29 survivors (29696K)
 Metaspace       used 50447K, committed 50944K, reserved 1114112K
  class space    used 6110K, committed 6336K, reserved 1048576K
}
Event: 4.518 GC heap after
{Heap after GC invocations=28 (full 0):
 garbage-first heap   total 492544K, used 137449K [0x00000000c0000000, 0x0000000100000000)
  region size 1024K, 22 young (22528K), 22 survivors (22528K)
 Metaspace       used 50447K, committed 50944K, reserved 1114112K
  class space    used 6110K, committed 6336K, reserved 1048576K
}
Event: 4.597 GC heap before
{Heap before GC invocations=28 (full 0):
 garbage-first heap   total 492544K, used 394473K [0x00000000c0000000, 0x0000000100000000)
  region size 1024K, 274 young (280576K), 22 survivors (22528K)
 Metaspace       used 50768K, committed 51200K, reserved 1114112K
  class space    used 6151K, committed 6336K, reserved 1048576K
}
Event: 4.611 GC heap after
{Heap after GC invocations=29 (full 0):
 garbage-first heap   total 492544K, used 148936K [0x00000000c0000000, 0x0000000100000000)
  region size 1024K, 21 young (21504K), 21 survivors (21504K)
 Metaspace       used 50768K, committed 51200K, reserved 1114112K
  class space    used 6151K, committed 6336K, reserved 1048576K
}
Event: 4.679 GC heap before
{Heap before GC invocations=29 (full 0):
 garbage-first heap   total 492544K, used 401864K [0x00000000c0000000, 0x0000000100000000)
  region size 1024K, 269 young (275456K), 21 survivors (21504K)
 Metaspace       used 50938K, committed 51456K, reserved 1114112K
  class space    used 6177K, committed 6400K, reserved 1048576K
}

