# JRE version: OpenJDK Runtime Environment Temurin-17.0.7+7 (17.0.7+7) (build 17.0.7+7)
# Java VM: OpenJDK 64-Bit Server VM Temurin-17.0.7+7 (17.0.7+7, mixed mode, emulated-client, tiered, compressed oops, compressed class ptrs, g1 gc, windows-amd64)
GC Precious Log:
 CPUs: 8 total, 8 available
 Memory: 8103M
 Large Page Support: Disabled
 NUMA Support: Disabled
 Compressed Oops: Enabled (32-bit)
 Heap Region Size: 1M
 Heap Min Capacity: 8M
 Heap Initial Capacity: 128M
 Heap Max Capacity: 1G
 Pre-touch: Disabled
 Parallel Workers: 8
 Concurrent Workers: 2
 Concurrent Refinement Workers: 8
 Periodic GC: Disabled
Heap:
 garbage-first heap   total 495616K, used 172888K [0x00000000c0000000, 0x0000000100000000)
  region size 1024K, 31 young (31744K), 31 survivors (31744K)
 Metaspace       used 50616K, committed 51072K, reserved 1114112K
  class space    used 6125K, committed 6336K, reserved 1048576K
GC Heap History (20 events):
Event: 3.532 GC heap after
{Heap after GC invocations=16 (full 0):
 garbage-first heap   total 184320K, used 69227K [0x00000000c0000000, 0x0000000100000000)
  region size 1024K, 11 young (11264K), 11 survivors (11264K)
 Metaspace       used 44126K, committed 44608K, reserved 1114112K
  class space    used 5441K, committed 5632K, reserved 1048576K
}
Event: 3.622 GC heap before
{Heap before GC invocations=16 (full 0):
 garbage-first heap   total 184320K, used 131691K [0x00000000c0000000, 0x0000000100000000)
  region size 1024K, 71 young (72704K), 11 survivors (11264K)
 Metaspace       used 45014K, committed 45440K, reserved 1114112K
  class space    used 5560K, committed 5760K, reserved 1048576K
}
Event: 3.658 GC heap after
{Heap after GC invocations=17 (full 0):
 garbage-first heap   total 184320K, used 90795K [0x00000000c0000000, 0x0000000100000000)
  region size 1024K, 9 young (9216K), 9 survivors (9216K)
 Metaspace       used 45014K, committed 45440K, reserved 1114112K
  class space    used 5560K, committed 5760K, reserved 1048576K
}
Event: 3.685 GC heap before
{Heap before GC invocations=17 (full 0):
 garbage-first heap   total 184320K, used 133803K [0x00000000c0000000, 0x0000000100000000)
  region size 1024K, 52 young (53248K), 9 survivors (9216K)
 Metaspace       used 45270K, committed 45696K, reserved 1114112K
  class space    used 5568K, committed 5760K, reserved 1048576K
}
Event: 3.690 GC heap after
{Heap after GC invocations=18 (full 0):
 garbage-first heap   total 357376K, used 95447K [0x00000000c0000000, 0x0000000100000000)
  region size 1024K, 3 young (3072K), 3 survivors (3072K)
 Metaspace       used 45270K, committed 45696K, reserved 1114112K
  class space    used 5568K, committed 5760K, reserved 1048576K
}
Event: 3.765 GC heap before
{Heap before GC invocations=18 (full 0):
 garbage-first heap   total 357376K, used 232663K [0x00000000c0000000, 0x0000000100000000)
  region size 1024K, 138 young (141312K), 3 survivors (3072K)
 Metaspace       used 45700K, committed 46144K, reserved 1114112K
  class space    used 5621K, committed 5824K, reserved 1048576K
}
Event: 3.771 GC heap after
{Heap after GC invocations=19 (full 0):
 garbage-first heap   total 357376K, used 100201K [0x00000000c0000000, 0x0000000100000000)
  region size 1024K, 8 young (8192K), 8 survivors (8192K)
 Metaspace       used 45700K, committed 46144K, reserved 1114112K
  class space    used 5621K, committed 5824K, reserved 1048576K
}
Event: 3.829 GC heap before
{Heap before GC invocations=19 (full 0):
 garbage-first heap   total 357376K, used 261993K [0x00000000c0000000, 0x0000000100000000)
  region size 1024K, 167 young (171008K), 8 survivors (8192K)
 Metaspace       used 46123K, committed 46592K, reserved 1114112K
  class space    used 5640K, committed 5888K, reserved 1048576K
}
Event: 3.835 GC heap after
{Heap after GC invocations=20 (full 0):
 garbage-first heap   total 357376K, used 107256K [0x00000000c0000000, 0x0000000100000000)
  region size 1024K, 15 young (15360K), 15 survivors (15360K)
 Metaspace       used 46123K, committed 46592K, reserved 1114112K
  class space    used 5640K, committed 5888K, reserved 1048576K
}
Event: 3.882 GC heap before
{Heap before GC invocations=20 (full 0):
 garbage-first heap   total 357376K, used 271096K [0x00000000c0000000, 0x0000000100000000)
  region size 1024K, 176 young (180224K), 15 survivors (15360K)
 Metaspace       used 46420K, committed 46848K, reserved 1114112K
  class space    used 5668K, committed 5888K, reserved 1048576K
}
Event: 3.894 GC heap after
{Heap after GC invocations=21 (full 0):
 garbage-first heap   total 357376K, used 114053K [0x00000000c0000000, 0x0000000100000000)
  region size 1024K, 14 young (14336K), 14 survivors (14336K)
 Metaspace       used 46420K, committed 46848K, reserved 1114112K
  class space    used 5668K, committed 5888K, reserved 1048576K
}
Event: 3.950 GC heap before
{Heap before GC invocations=21 (full 0):
 garbage-first heap   total 357376K, used 278917K [0x00000000c0000000, 0x0000000100000000)
  region size 1024K, 176 young (180224K), 14 survivors (14336K)
 Metaspace       used 46800K, committed 47232K, reserved 1114112K
  class space    used 5697K, committed 5888K, reserved 1048576K
}
Event: 3.960 GC heap after
{Heap after GC invocations=22 (full 0):
 garbage-first heap   total 495616K, used 120729K [0x00000000c0000000, 0x0000000100000000)
  region size 1024K, 14 young (14336K), 14 survivors (14336K)
 Metaspace       used 46800K, committed 47232K, reserved 1114112K
  class space    used 5697K, committed 5888K, reserved 1048576K
}
Event: 4.059 GC heap before
{Heap before GC invocations=22 (full 0):
 garbage-first heap   total 495616K, used 378777K [0x00000000c0000000, 0x0000000100000000)
  region size 1024K, 267 young (273408K), 14 survivors (14336K)
 Metaspace       used 47627K, committed 48128K, reserved 1114112K
  class space    used 5775K, committed 6016K, reserved 1048576K
}
Event: 4.070 GC heap after
{Heap after GC invocations=23 (full 0):
 garbage-first heap   total 495616K, used 131376K [0x00000000c0000000, 0x0000000100000000)
  region size 1024K, 25 young (25600K), 25 survivors (25600K)
 Metaspace       used 47627K, committed 48128K, reserved 1114112K
  class space    used 5775K, committed 6016K, reserved 1048576K
}
Event: 4.161 GC heap before
{Heap before GC invocations=23 (full 0):
 garbage-first heap   total 495616K, used 395568K [0x00000000c0000000, 0x0000000100000000)
  region size 1024K, 284 young (290816K), 25 survivors (25600K)
 Metaspace       used 47946K, committed 48448K, reserved 1114112K
  class space    used 5819K, committed 6080K, reserved 1048576K
}
Event: 4.174 GC heap after
{Heap after GC invocations=24 (full 0):
 garbage-first heap   total 495616K, used 142192K [0x00000000c0000000, 0x0000000100000000)
  region size 1024K, 29 young (29696K), 29 survivors (29696K)
 Metaspace       used 47946K, committed 48448K, reserved 1114112K
  class space    used 5819K, committed 6080K, reserved 1048576K
}
Event: 4.263 GC heap before
{Heap before GC invocations=24 (full 0):
 garbage-first heap   total 495616K, used 402288K [0x00000000c0000000, 0x0000000100000000)
  region size 1024K, 284 young (290816K), 29 survivors (29696K)
 Metaspace       used 48227K, committed 48768K, reserved 1114112K
  class space    used 5841K, committed 6080K, reserved 1048576K
}
Event: 4.278 GC heap after
{Heap after GC invocations=25 (full 0):
 garbage-first heap   total 495616K, used 156764K [0x00000000c0000000, 0x0000000100000000)
  region size 1024K, 26 young (26624K), 26 survivors (26624K)
 Metaspace       used 48227K, committed 48768K, reserved 1114112K
  class space    used 5841K, committed 6080K, reserved 1048576K
}
Event: 4.419 GC heap before
{Heap before GC invocations=25 (full 0):
 garbage-first heap   total 495616K, used 404572K [0x00000000c0000000, 0x0000000100000000)
  region size 1024K, 269 young (275456K), 26 survivors (26624K)
 Metaspace       used 50616K, committed 51072K, reserved 1114112K
  class space    used 6125K, committed 6336K, reserved 1048576K
}

