# JRE version: OpenJDK Runtime Environment Temurin-17.0.7+7 (17.0.7+7) (build 17.0.7+7)
# Java VM: OpenJDK 64-Bit Server VM Temurin-17.0.7+7 (17.0.7+7, mixed mode, emulated-client, tiered, compressed oops, compressed class ptrs, g1 gc, windows-amd64)
GC Precious Log:
 CPUs: 8 total, 8 available
 Memory: 8103M
 Large Page Support: Disabled
 NUMA Support: Disabled
 Compressed Oops: Enabled (32-bit)
 Heap Region Size: 1M
 Heap Min Capacity: 8M
 Heap Initial Capacity: 128M
 Heap Max Capacity: 1G
 Pre-touch: Disabled
 Parallel Workers: 8
 Concurrent Workers: 2
 Concurrent Refinement Workers: 8
 Periodic GC: Disabled
Heap:
 garbage-first heap   total 507904K, used 160660K [0x00000000c0000000, 0x0000000100000000)
  region size 1024K, 28 young (28672K), 28 survivors (28672K)
 Metaspace       used 49973K, committed 50496K, reserved 1114112K
  class space    used 6049K, committed 6272K, reserved 1048576K
GC Heap History (20 events):
Event: 3.988 GC heap after
{Heap after GC invocations=20 (full 0):
 garbage-first heap   total 112640K, used 64517K [0x00000000c0000000, 0x0000000100000000)
  region size 1024K, 3 young (3072K), 3 survivors (3072K)
 Metaspace       used 44497K, committed 44928K, reserved 1114112K
  class space    used 5497K, committed 5696K, reserved 1048576K
}
Event: 4.001 GC heap before
{Heap before GC invocations=20 (full 0):
 garbage-first heap   total 112640K, used 66565K [0x00000000c0000000, 0x0000000100000000)
  region size 1024K, 5 young (5120K), 3 survivors (3072K)
 Metaspace       used 44507K, committed 44928K, reserved 1114112K
  class space    used 5498K, committed 5696K, reserved 1048576K
}
Event: 4.005 GC heap after
{Heap after GC invocations=21 (full 0):
 garbage-first heap   total 112640K, used 65171K [0x00000000c0000000, 0x0000000100000000)
  region size 1024K, 1 young (1024K), 1 survivors (1024K)
 Metaspace       used 44507K, committed 44928K, reserved 1114112K
  class space    used 5498K, committed 5696K, reserved 1048576K
}
Event: 4.016 GC heap before
{Heap before GC invocations=21 (full 0):
 garbage-first heap   total 112640K, used 67219K [0x00000000c0000000, 0x0000000100000000)
  region size 1024K, 4 young (4096K), 1 survivors (1024K)
 Metaspace       used 44566K, committed 44992K, reserved 1114112K
  class space    used 5509K, committed 5696K, reserved 1048576K
}
Event: 4.019 GC heap after
{Heap after GC invocations=22 (full 0):
 garbage-first heap   total 337920K, used 65753K [0x00000000c0000000, 0x0000000100000000)
  region size 1024K, 2 young (2048K), 2 survivors (2048K)
 Metaspace       used 44566K, committed 44992K, reserved 1114112K
  class space    used 5509K, committed 5696K, reserved 1048576K
}
Event: 4.195 GC heap before
{Heap before GC invocations=22 (full 0):
 garbage-first heap   total 337920K, used 213209K [0x00000000c0000000, 0x0000000100000000)
  region size 1024K, 144 young (147456K), 2 survivors (2048K)
 Metaspace       used 46631K, committed 47104K, reserved 1114112K
  class space    used 5725K, committed 5952K, reserved 1048576K
}
Event: 4.235 GC heap after
{Heap after GC invocations=23 (full 0):
 garbage-first heap   total 337920K, used 94605K [0x00000000c0000000, 0x0000000100000000)
  region size 1024K, 18 young (18432K), 18 survivors (18432K)
 Metaspace       used 46631K, committed 47104K, reserved 1114112K
  class space    used 5725K, committed 5952K, reserved 1048576K
}
Event: 4.276 GC heap before
{Heap before GC invocations=23 (full 0):
 garbage-first heap   total 337920K, used 219533K [0x00000000c0000000, 0x0000000100000000)
  region size 1024K, 141 young (144384K), 18 survivors (18432K)
 Metaspace       used 46898K, committed 47296K, reserved 1114112K
  class space    used 5755K, committed 5952K, reserved 1048576K
}
Event: 4.286 GC heap after
{Heap after GC invocations=24 (full 0):
 garbage-first heap   total 337920K, used 100548K [0x00000000c0000000, 0x0000000100000000)
  region size 1024K, 6 young (6144K), 6 survivors (6144K)
 Metaspace       used 46898K, committed 47296K, reserved 1114112K
  class space    used 5755K, committed 5952K, reserved 1048576K
}
Event: 4.325 GC heap before
{Heap before GC invocations=24 (full 0):
 garbage-first heap   total 337920K, used 231620K [0x00000000c0000000, 0x0000000100000000)
  region size 1024K, 135 young (138240K), 6 survivors (6144K)
 Metaspace       used 46938K, committed 47360K, reserved 1114112K
  class space    used 5759K, committed 5952K, reserved 1048576K
}
Event: 4.332 GC heap after
{Heap after GC invocations=25 (full 0):
 garbage-first heap   total 337920K, used 104965K [0x00000000c0000000, 0x0000000100000000)
  region size 1024K, 11 young (11264K), 11 survivors (11264K)
 Metaspace       used 46938K, committed 47360K, reserved 1114112K
  class space    used 5759K, committed 5952K, reserved 1048576K
}
Event: 4.379 GC heap before
{Heap before GC invocations=25 (full 0):
 garbage-first heap   total 337920K, used 244229K [0x00000000c0000000, 0x0000000100000000)
  region size 1024K, 148 young (151552K), 11 survivors (11264K)
 Metaspace       used 47334K, committed 47744K, reserved 1114112K
  class space    used 5776K, committed 5952K, reserved 1048576K
}
Event: 4.387 GC heap after
{Heap after GC invocations=26 (full 0):
 garbage-first heap   total 507904K, used 111178K [0x00000000c0000000, 0x0000000100000000)
  region size 1024K, 12 young (12288K), 12 survivors (12288K)
 Metaspace       used 47334K, committed 47744K, reserved 1114112K
  class space    used 5776K, committed 5952K, reserved 1048576K
}
Event: 4.494 GC heap before
{Heap before GC invocations=26 (full 0):
 garbage-first heap   total 507904K, used 371274K [0x00000000c0000000, 0x0000000100000000)
  region size 1024K, 267 young (273408K), 12 survivors (12288K)
 Metaspace       used 48002K, committed 48384K, reserved 1114112K
  class space    used 5838K, committed 6016K, reserved 1048576K
}
Event: 4.503 GC heap after
{Heap after GC invocations=27 (full 0):
 garbage-first heap   total 507904K, used 120966K [0x00000000c0000000, 0x0000000100000000)
  region size 1024K, 21 young (21504K), 21 survivors (21504K)
 Metaspace       used 48002K, committed 48384K, reserved 1114112K
  class space    used 5838K, committed 6016K, reserved 1048576K
}
Event: 4.593 GC heap before
{Heap before GC invocations=27 (full 0):
 garbage-first heap   total 507904K, used 393350K [0x00000000c0000000, 0x0000000100000000)
  region size 1024K, 288 young (294912K), 21 survivors (21504K)
 Metaspace       used 48871K, committed 49344K, reserved 1114112K
  class space    used 5925K, committed 6144K, reserved 1048576K
}
Event: 4.606 GC heap after
{Heap after GC invocations=28 (full 0):
 garbage-first heap   total 507904K, used 133690K [0x00000000c0000000, 0x0000000100000000)
  region size 1024K, 29 young (29696K), 29 survivors (29696K)
 Metaspace       used 48871K, committed 49344K, reserved 1114112K
  class space    used 5925K, committed 6144K, reserved 1048576K
}
Event: 4.696 GC heap before
{Heap before GC invocations=28 (full 0):
 garbage-first heap   total 507904K, used 400954K [0x00000000c0000000, 0x0000000100000000)
  region size 1024K, 291 young (297984K), 29 survivors (29696K)
 Metaspace       used 49341K, committed 49792K, reserved 1114112K
  class space    used 5980K, committed 6208K, reserved 1048576K
}
Event: 4.714 GC heap after
{Heap after GC invocations=29 (full 0):
 garbage-first heap   total 507904K, used 143252K [0x00000000c0000000, 0x0000000100000000)
  region size 1024K, 22 young (22528K), 22 survivors (22528K)
 Metaspace       used 49341K, committed 49792K, reserved 1114112K
  class space    used 5980K, committed 6208K, reserved 1048576K
}
Event: 4.838 GC heap before
{Heap before GC invocations=29 (full 0):
 garbage-first heap   total 507904K, used 409492K [0x00000000c0000000, 0x0000000100000000)
  region size 1024K, 283 young (289792K), 22 survivors (22528K)
 Metaspace       used 49973K, committed 50496K, reserved 1114112K
  class space    used 6049K, committed 6272K, reserved 1048576K
}

