# JRE version: OpenJDK Runtime Environment Temurin-17.0.7+7 (17.0.7+7) (build 17.0.7+7)
# Java VM: OpenJDK 64-Bit Server VM Temurin-17.0.7+7 (17.0.7+7, mixed mode, emulated-client, tiered, compressed oops, compressed class ptrs, g1 gc, windows-amd64)
GC Precious Log:
 CPUs: 8 total, 8 available
 Memory: 8103M
 Large Page Support: Disabled
 NUMA Support: Disabled
 Compressed Oops: Enabled (32-bit)
 Heap Region Size: 1M
 Heap Min Capacity: 8M
 Heap Initial Capacity: 128M
 Heap Max Capacity: 1G
 Pre-touch: Disabled
 Parallel Workers: 8
 Concurrent Workers: 2
 Concurrent Refinement Workers: 8
 Periodic GC: Disabled
Heap:
 garbage-first heap   total 152576K, used 78158K [0x00000000c0000000, 0x0000000100000000)
  region size 1024K, 4 young (4096K), 4 survivors (4096K)
 Metaspace       used 44610K, committed 45120K, reserved 1114112K
  class space    used 5485K, committed 5696K, reserved 1048576K
GC Heap History (20 events):
Event: 1.463 GC heap after
{Heap after GC invocations=7 (full 0):
 garbage-first heap   total 55296K, used 18097K [0x00000000c0000000, 0x0000000100000000)
  region size 1024K, 2 young (2048K), 2 survivors (2048K)
 Metaspace       used 29634K, committed 29952K, reserved 1114112K
  class space    used 3499K, committed 3648K, reserved 1048576K
}
Event: 1.722 GC heap before
{Heap before GC invocations=7 (full 0):
 garbage-first heap   total 55296K, used 36529K [0x00000000c0000000, 0x0000000100000000)
  region size 1024K, 21 young (21504K), 2 survivors (2048K)
 Metaspace       used 33131K, committed 33472K, reserved 1114112K
  class space    used 3998K, committed 4160K, reserved 1048576K
}
Event: 1.727 GC heap after
{Heap after GC invocations=8 (full 0):
 garbage-first heap   total 110592K, used 19575K [0x00000000c0000000, 0x0000000100000000)
  region size 1024K, 3 young (3072K), 3 survivors (3072K)
 Metaspace       used 33131K, committed 33472K, reserved 1114112K
  class space    used 3998K, committed 4160K, reserved 1048576K
}
Event: 1.921 GC heap before
{Heap before GC invocations=8 (full 0):
 garbage-first heap   total 110592K, used 38007K [0x00000000c0000000, 0x0000000100000000)
  region size 1024K, 22 young (22528K), 3 survivors (3072K)
 Metaspace       used 35648K, committed 35968K, reserved 1114112K
  class space    used 4322K, committed 4480K, reserved 1048576K
}
Event: 1.927 GC heap after
{Heap after GC invocations=9 (full 0):
 garbage-first heap   total 110592K, used 21380K [0x00000000c0000000, 0x0000000100000000)
  region size 1024K, 5 young (5120K), 5 survivors (5120K)
 Metaspace       used 35648K, committed 35968K, reserved 1114112K
  class space    used 4322K, committed 4480K, reserved 1048576K
}
Event: 2.328 GC heap before
{Heap before GC invocations=10 (full 0):
 garbage-first heap   total 75776K, used 61196K [0x00000000c0000000, 0x0000000100000000)
  region size 1024K, 44 young (45056K), 5 survivors (5120K)
 Metaspace       used 40543K, committed 40960K, reserved 1114112K
  class space    used 5092K, committed 5248K, reserved 1048576K
}
Event: 2.337 GC heap after
{Heap after GC invocations=11 (full 0):
 garbage-first heap   total 75776K, used 26091K [0x00000000c0000000, 0x0000000100000000)
  region size 1024K, 8 young (8192K), 8 survivors (8192K)
 Metaspace       used 40543K, committed 40960K, reserved 1114112K
  class space    used 5092K, committed 5248K, reserved 1048576K
}
Event: 2.398 GC heap before
{Heap before GC invocations=11 (full 0):
 garbage-first heap   total 75776K, used 53739K [0x00000000c0000000, 0x0000000100000000)
  region size 1024K, 36 young (36864K), 8 survivors (8192K)
 Metaspace       used 40695K, committed 41088K, reserved 1114112K
  class space    used 5121K, committed 5312K, reserved 1048576K
}
Event: 2.405 GC heap after
{Heap after GC invocations=12 (full 0):
 garbage-first heap   total 75776K, used 30956K [0x00000000c0000000, 0x0000000100000000)
  region size 1024K, 5 young (5120K), 5 survivors (5120K)
 Metaspace       used 40695K, committed 41088K, reserved 1114112K
  class space    used 5121K, committed 5312K, reserved 1048576K
}
Event: 2.461 GC heap before
{Heap before GC invocations=12 (full 0):
 garbage-first heap   total 75776K, used 53484K [0x00000000c0000000, 0x0000000100000000)
  region size 1024K, 28 young (28672K), 5 survivors (5120K)
 Metaspace       used 40854K, committed 41280K, reserved 1114112K
  class space    used 5146K, committed 5312K, reserved 1048576K
}
Event: 2.466 GC heap after
{Heap after GC invocations=13 (full 0):
 garbage-first heap   total 75776K, used 35123K [0x00000000c0000000, 0x0000000100000000)
  region size 1024K, 4 young (4096K), 4 survivors (4096K)
 Metaspace       used 40854K, committed 41280K, reserved 1114112K
  class space    used 5146K, committed 5312K, reserved 1048576K
}
Event: 2.517 GC heap before
{Heap before GC invocations=13 (full 0):
 garbage-first heap   total 75776K, used 54579K [0x00000000c0000000, 0x0000000100000000)
  region size 1024K, 24 young (24576K), 4 survivors (4096K)
 Metaspace       used 41475K, committed 41920K, reserved 1114112K
  class space    used 5235K, committed 5440K, reserved 1048576K
}
Event: 2.522 GC heap after
{Heap after GC invocations=14 (full 0):
 garbage-first heap   total 116736K, used 38903K [0x00000000c0000000, 0x0000000100000000)
  region size 1024K, 3 young (3072K), 3 survivors (3072K)
 Metaspace       used 41475K, committed 41920K, reserved 1114112K
  class space    used 5235K, committed 5440K, reserved 1048576K
}
Event: 2.600 GC heap before
{Heap before GC invocations=14 (full 0):
 garbage-first heap   total 116736K, used 83959K [0x00000000c0000000, 0x0000000100000000)
  region size 1024K, 48 young (49152K), 3 survivors (3072K)
 Metaspace       used 42461K, committed 42880K, reserved 1114112K
  class space    used 5320K, committed 5504K, reserved 1048576K
}
Event: 2.607 GC heap after
{Heap after GC invocations=15 (full 0):
 garbage-first heap   total 116736K, used 47666K [0x00000000c0000000, 0x0000000100000000)
  region size 1024K, 6 young (6144K), 6 survivors (6144K)
 Metaspace       used 42461K, committed 42880K, reserved 1114112K
  class space    used 5320K, committed 5504K, reserved 1048576K
}
Event: 2.655 GC heap before
{Heap before GC invocations=15 (full 0):
 garbage-first heap   total 116736K, used 85554K [0x00000000c0000000, 0x0000000100000000)
  region size 1024K, 44 young (45056K), 6 survivors (6144K)
 Metaspace       used 43169K, committed 43584K, reserved 1114112K
  class space    used 5346K, committed 5568K, reserved 1048576K
}
Event: 2.664 GC heap after
{Heap after GC invocations=16 (full 0):
 garbage-first heap   total 116736K, used 57951K [0x00000000c0000000, 0x0000000100000000)
  region size 1024K, 6 young (6144K), 6 survivors (6144K)
 Metaspace       used 43169K, committed 43584K, reserved 1114112K
  class space    used 5346K, committed 5568K, reserved 1048576K
}
Event: 2.747 GC heap before
{Heap before GC invocations=16 (full 0):
 garbage-first heap   total 116736K, used 82527K [0x00000000c0000000, 0x0000000100000000)
  region size 1024K, 32 young (32768K), 6 survivors (6144K)
 Metaspace       used 44107K, committed 44608K, reserved 1114112K
  class space    used 5440K, committed 5632K, reserved 1048576K
}
Event: 2.754 GC heap after
{Heap after GC invocations=17 (full 0):
 garbage-first heap   total 116736K, used 63697K [0x00000000c0000000, 0x0000000100000000)
  region size 1024K, 5 young (5120K), 5 survivors (5120K)
 Metaspace       used 44107K, committed 44608K, reserved 1114112K
  class space    used 5440K, committed 5632K, reserved 1048576K
}
Event: 2.811 GC heap before
{Heap before GC invocations=17 (full 0):
 garbage-first heap   total 152576K, used 91345K [0x00000000c0000000, 0x0000000100000000)
  region size 1024K, 30 young (30720K), 5 survivors (5120K)
 Metaspace       used 44610K, committed 45120K, reserved 1114112K
  class space    used 5485K, committed 5696K, reserved 1048576K
}

