# JRE version: OpenJDK Runtime Environment Temurin-17.0.7+7 (17.0.7+7) (build 17.0.7+7)
# Java VM: OpenJDK 64-Bit Server VM Temurin-17.0.7+7 (17.0.7+7, mixed mode, emulated-client, tiered, compressed oops, compressed class ptrs, g1 gc, windows-amd64)
GC Precious Log:
 CPUs: 8 total, 8 available
 Memory: 8103M
 Large Page Support: Disabled
 NUMA Support: Disabled
 Compressed Oops: Enabled (32-bit)
 Heap Region Size: 1M
 Heap Min Capacity: 8M
 Heap Initial Capacity: 128M
 Heap Max Capacity: 1G
 Pre-touch: Disabled
 Parallel Workers: 8
 Concurrent Workers: 2
 Concurrent Refinement Workers: 8
 Periodic GC: Disabled
Heap:
 garbage-first heap   total 478208K, used 161511K [0x00000000c0000000, 0x0000000100000000)
  region size 1024K, 27 young (27648K), 27 survivors (27648K)
 Metaspace       used 47302K, committed 47680K, reserved 1114112K
  class space    used 5730K, committed 5888K, reserved 1048576K
GC Heap History (20 events):
Event: 3.898 GC heap after
{Heap after GC invocations=17 (full 0):
 garbage-first heap   total 118784K, used 64664K [0x00000000c0000000, 0x0000000100000000)
  region size 1024K, 5 young (5120K), 5 survivors (5120K)
 Metaspace       used 44230K, committed 44672K, reserved 1114112K
  class space    used 5461K, committed 5632K, reserved 1048576K
}
Event: 3.954 GC heap before
{Heap before GC invocations=17 (full 0):
 garbage-first heap   total 155648K, used 93336K [0x00000000c0000000, 0x0000000100000000)
  region size 1024K, 31 young (31744K), 5 survivors (5120K)
 Metaspace       used 44698K, committed 45184K, reserved 1114112K
  class space    used 5490K, committed 5696K, reserved 1048576K
}
Event: 3.964 GC heap after
{Heap after GC invocations=18 (full 0):
 garbage-first heap   total 294912K, used 82438K [0x00000000c0000000, 0x0000000100000000)
  region size 1024K, 4 young (4096K), 4 survivors (4096K)
 Metaspace       used 44698K, committed 45184K, reserved 1114112K
  class space    used 5490K, committed 5696K, reserved 1048576K
}
Event: 4.038 GC heap before
{Heap before GC invocations=19 (full 0):
 garbage-first heap   total 294912K, used 178694K [0x00000000c0000000, 0x0000000100000000)
  region size 1024K, 98 young (100352K), 4 survivors (4096K)
 Metaspace       used 45689K, committed 46144K, reserved 1114112K
  class space    used 5556K, committed 5760K, reserved 1048576K
}
Event: 4.057 GC heap after
{Heap after GC invocations=20 (full 0):
 garbage-first heap   total 294912K, used 95114K [0x00000000c0000000, 0x0000000100000000)
  region size 1024K, 13 young (13312K), 13 survivors (13312K)
 Metaspace       used 45689K, committed 46144K, reserved 1114112K
  class space    used 5556K, committed 5760K, reserved 1048576K
}
Event: 4.083 GC heap before
{Heap before GC invocations=20 (full 0):
 garbage-first heap   total 294912K, used 193418K [0x00000000c0000000, 0x0000000100000000)
  region size 1024K, 110 young (112640K), 13 survivors (13312K)
 Metaspace       used 45725K, committed 46208K, reserved 1114112K
  class space    used 5559K, committed 5760K, reserved 1048576K
}
Event: 4.092 GC heap after
{Heap after GC invocations=21 (full 0):
 garbage-first heap   total 294912K, used 100378K [0x00000000c0000000, 0x0000000100000000)
  region size 1024K, 5 young (5120K), 5 survivors (5120K)
 Metaspace       used 45725K, committed 46208K, reserved 1114112K
  class space    used 5559K, committed 5760K, reserved 1048576K
}
Event: 4.124 GC heap before
{Heap before GC invocations=21 (full 0):
 garbage-first heap   total 294912K, used 209946K [0x00000000c0000000, 0x0000000100000000)
  region size 1024K, 113 young (115712K), 5 survivors (5120K)
 Metaspace       used 45962K, committed 46400K, reserved 1114112K
  class space    used 5571K, committed 5760K, reserved 1048576K
}
Event: 4.128 GC heap after
{Heap after GC invocations=22 (full 0):
 garbage-first heap   total 294912K, used 104238K [0x00000000c0000000, 0x0000000100000000)
  region size 1024K, 9 young (9216K), 9 survivors (9216K)
 Metaspace       used 45962K, committed 46400K, reserved 1114112K
  class space    used 5571K, committed 5760K, reserved 1048576K
}
Event: 4.156 GC heap before
{Heap before GC invocations=22 (full 0):
 garbage-first heap   total 294912K, used 219950K [0x00000000c0000000, 0x0000000100000000)
  region size 1024K, 123 young (125952K), 9 survivors (9216K)
 Metaspace       used 46035K, committed 46464K, reserved 1114112K
  class space    used 5580K, committed 5760K, reserved 1048576K
}
Event: 4.161 GC heap after
{Heap after GC invocations=23 (full 0):
 garbage-first heap   total 294912K, used 108728K [0x00000000c0000000, 0x0000000100000000)
  region size 1024K, 13 young (13312K), 13 survivors (13312K)
 Metaspace       used 46035K, committed 46464K, reserved 1114112K
  class space    used 5580K, committed 5760K, reserved 1048576K
}
Event: 4.192 GC heap before
{Heap before GC invocations=23 (full 0):
 garbage-first heap   total 294912K, used 227512K [0x00000000c0000000, 0x0000000100000000)
  region size 1024K, 130 young (133120K), 13 survivors (13312K)
 Metaspace       used 46355K, committed 46784K, reserved 1114112K
  class space    used 5617K, committed 5824K, reserved 1048576K
}
Event: 4.200 GC heap after
{Heap after GC invocations=24 (full 0):
 garbage-first heap   total 478208K, used 113344K [0x00000000c0000000, 0x0000000100000000)
  region size 1024K, 10 young (10240K), 10 survivors (10240K)
 Metaspace       used 46355K, committed 46784K, reserved 1114112K
  class space    used 5617K, committed 5824K, reserved 1048576K
}
Event: 4.279 GC heap before
{Heap before GC invocations=24 (full 0):
 garbage-first heap   total 478208K, used 369344K [0x00000000c0000000, 0x0000000100000000)
  region size 1024K, 262 young (268288K), 10 survivors (10240K)
 Metaspace       used 46612K, committed 47040K, reserved 1114112K
  class space    used 5649K, committed 5824K, reserved 1048576K
}
Event: 4.287 GC heap after
{Heap after GC invocations=25 (full 0):
 garbage-first heap   total 478208K, used 123584K [0x00000000c0000000, 0x0000000100000000)
  region size 1024K, 20 young (20480K), 20 survivors (20480K)
 Metaspace       used 46612K, committed 47040K, reserved 1114112K
  class space    used 5649K, committed 5824K, reserved 1048576K
}
Event: 4.351 GC heap before
{Heap before GC invocations=25 (full 0):
 garbage-first heap   total 478208K, used 378560K [0x00000000c0000000, 0x0000000100000000)
  region size 1024K, 270 young (276480K), 20 survivors (20480K)
 Metaspace       used 46833K, committed 47232K, reserved 1114112K
  class space    used 5667K, committed 5824K, reserved 1048576K
}
Event: 4.362 GC heap after
{Heap after GC invocations=26 (full 0):
 garbage-first heap   total 478208K, used 134008K [0x00000000c0000000, 0x0000000100000000)
  region size 1024K, 26 young (26624K), 26 survivors (26624K)
 Metaspace       used 46833K, committed 47232K, reserved 1114112K
  class space    used 5667K, committed 5824K, reserved 1048576K
}
Event: 4.427 GC heap before
{Heap before GC invocations=26 (full 0):
 garbage-first heap   total 478208K, used 384888K [0x00000000c0000000, 0x0000000100000000)
  region size 1024K, 272 young (278528K), 26 survivors (26624K)
 Metaspace       used 46987K, committed 47424K, reserved 1114112K
  class space    used 5693K, committed 5888K, reserved 1048576K
}
Event: 4.441 GC heap after
{Heap after GC invocations=27 (full 0):
 garbage-first heap   total 478208K, used 144033K [0x00000000c0000000, 0x0000000100000000)
  region size 1024K, 21 young (21504K), 21 survivors (21504K)
 Metaspace       used 46987K, committed 47424K, reserved 1114112K
  class space    used 5693K, committed 5888K, reserved 1048576K
}
Event: 4.515 GC heap before
{Heap before GC invocations=27 (full 0):
 garbage-first heap   total 478208K, used 390817K [0x00000000c0000000, 0x0000000100000000)
  region size 1024K, 263 young (269312K), 21 survivors (21504K)
 Metaspace       used 47302K, committed 47680K, reserved 1114112K
  class space    used 5730K, committed 5888K, reserved 1048576K
}

