# JRE version: OpenJDK Runtime Environment Temurin-17.0.7+7 (17.0.7+7) (build 17.0.7+7)
# Java VM: OpenJDK 64-Bit Server VM Temurin-17.0.7+7 (17.0.7+7, mixed mode, emulated-client, tiered, compressed oops, compressed class ptrs, g1 gc, windows-amd64)
GC Precious Log:
 CPUs: 8 total, 8 available
 Memory: 8103M
 Large Page Support: Disabled
 NUMA Support: Disabled
 Compressed Oops: Enabled (32-bit)
 Heap Region Size: 1M
 Heap Min Capacity: 8M
 Heap Initial Capacity: 128M
 Heap Max Capacity: 1G
 Pre-touch: Disabled
 Parallel Workers: 8
 Concurrent Workers: 2
 Concurrent Refinement Workers: 8
 Periodic GC: Disabled
Heap:
 garbage-first heap   total 350208K, used 120601K [0x00000000c0000000, 0x0000000100000000)
  region size 1024K, 15 young (15360K), 15 survivors (15360K)
 Metaspace       used 48399K, committed 48832K, reserved 1114112K
  class space    used 5864K, committed 6080K, reserved 1048576K
GC Heap History (20 events):
Event: 3.984 GC heap after
{Heap after GC invocations=12 (full 0):
 garbage-first heap   total 78848K, used 27954K [0x00000000c0000000, 0x0000000100000000)
  region size 1024K, 1 young (1024K), 1 survivors (1024K)
 Metaspace       used 40539K, committed 40960K, reserved 1114112K
  class space    used 5094K, committed 5248K, reserved 1048576K
}
Event: 4.074 GC heap before
{Heap before GC invocations=12 (full 0):
 garbage-first heap   total 78848K, used 56626K [0x00000000c0000000, 0x0000000100000000)
  region size 1024K, 30 young (30720K), 1 survivors (1024K)
 Metaspace       used 40695K, committed 41088K, reserved 1114112K
  class space    used 5125K, committed 5312K, reserved 1048576K
}
Event: 4.080 GC heap after
{Heap after GC invocations=13 (full 0):
 garbage-first heap   total 78848K, used 33390K [0x00000000c0000000, 0x0000000100000000)
  region size 1024K, 4 young (4096K), 4 survivors (4096K)
 Metaspace       used 40695K, committed 41088K, reserved 1114112K
  class space    used 5125K, committed 5312K, reserved 1048576K
}
Event: 4.168 GC heap before
{Heap before GC invocations=13 (full 0):
 garbage-first heap   total 78848K, used 56942K [0x00000000c0000000, 0x0000000100000000)
  region size 1024K, 28 young (28672K), 4 survivors (4096K)
 Metaspace       used 41250K, committed 41664K, reserved 1114112K
  class space    used 5191K, committed 5376K, reserved 1048576K
}
Event: 4.172 GC heap after
{Heap after GC invocations=14 (full 0):
 garbage-first heap   total 184320K, used 37955K [0x00000000c0000000, 0x0000000100000000)
  region size 1024K, 4 young (4096K), 4 survivors (4096K)
 Metaspace       used 41250K, committed 41664K, reserved 1114112K
  class space    used 5191K, committed 5376K, reserved 1048576K
}
Event: 4.405 GC heap before
{Heap before GC invocations=14 (full 0):
 garbage-first heap   total 184320K, used 122947K [0x00000000c0000000, 0x0000000100000000)
  region size 1024K, 88 young (90112K), 4 survivors (4096K)
 Metaspace       used 42995K, committed 43456K, reserved 1114112K
  class space    used 5342K, committed 5568K, reserved 1048576K
}
Event: 4.420 GC heap after
{Heap after GC invocations=15 (full 0):
 garbage-first heap   total 184320K, used 56074K [0x00000000c0000000, 0x0000000100000000)
  region size 1024K, 11 young (11264K), 11 survivors (11264K)
 Metaspace       used 42995K, committed 43456K, reserved 1114112K
  class space    used 5342K, committed 5568K, reserved 1048576K
}
Event: 4.697 GC heap before
{Heap before GC invocations=15 (full 0):
 garbage-first heap   total 184320K, used 124682K [0x00000000c0000000, 0x0000000100000000)
  region size 1024K, 77 young (78848K), 11 survivors (11264K)
 Metaspace       used 45299K, committed 45760K, reserved 1114112K
  class space    used 5597K, committed 5824K, reserved 1048576K
}
Event: 4.723 GC heap after
{Heap after GC invocations=16 (full 0):
 garbage-first heap   total 184320K, used 77683K [0x00000000c0000000, 0x0000000100000000)
  region size 1024K, 10 young (10240K), 10 survivors (10240K)
 Metaspace       used 45299K, committed 45760K, reserved 1114112K
  class space    used 5597K, committed 5824K, reserved 1048576K
}
Event: 4.844 GC heap before
{Heap before GC invocations=16 (full 0):
 garbage-first heap   total 184320K, used 128883K [0x00000000c0000000, 0x0000000100000000)
  region size 1024K, 60 young (61440K), 10 survivors (10240K)
 Metaspace       used 47054K, committed 47488K, reserved 1114112K
  class space    used 5725K, committed 5952K, reserved 1048576K
}
Event: 4.876 GC heap after
{Heap after GC invocations=17 (full 0):
 garbage-first heap   total 184320K, used 91136K [0x00000000c0000000, 0x0000000100000000)
  region size 1024K, 8 young (8192K), 8 survivors (8192K)
 Metaspace       used 47054K, committed 47488K, reserved 1114112K
  class space    used 5725K, committed 5952K, reserved 1048576K
}
Event: 4.907 GC heap before
{Heap before GC invocations=17 (full 0):
 garbage-first heap   total 184320K, used 134144K [0x00000000c0000000, 0x0000000100000000)
  region size 1024K, 51 young (52224K), 8 survivors (8192K)
 Metaspace       used 47071K, committed 47488K, reserved 1114112K
  class space    used 5728K, committed 5952K, reserved 1048576K
}
Event: 4.919 GC heap after
{Heap after GC invocations=18 (full 0):
 garbage-first heap   total 350208K, used 95012K [0x00000000c0000000, 0x0000000100000000)
  region size 1024K, 3 young (3072K), 3 survivors (3072K)
 Metaspace       used 47071K, committed 47488K, reserved 1114112K
  class space    used 5728K, committed 5952K, reserved 1048576K
}
Event: 5.005 GC heap before
{Heap before GC invocations=18 (full 0):
 garbage-first heap   total 350208K, used 229156K [0x00000000c0000000, 0x0000000100000000)
  region size 1024K, 135 young (138240K), 3 survivors (3072K)
 Metaspace       used 47602K, committed 48128K, reserved 1114112K
  class space    used 5772K, committed 6016K, reserved 1048576K
}
Event: 5.012 GC heap after
{Heap after GC invocations=19 (full 0):
 garbage-first heap   total 350208K, used 99840K [0x00000000c0000000, 0x0000000100000000)
  region size 1024K, 8 young (8192K), 8 survivors (8192K)
 Metaspace       used 47602K, committed 48128K, reserved 1114112K
  class space    used 5772K, committed 6016K, reserved 1048576K
}
Event: 5.087 GC heap before
{Heap before GC invocations=19 (full 0):
 garbage-first heap   total 350208K, used 257536K [0x00000000c0000000, 0x0000000100000000)
  region size 1024K, 163 young (166912K), 8 survivors (8192K)
 Metaspace       used 47763K, committed 48256K, reserved 1114112K
  class space    used 5783K, committed 6016K, reserved 1048576K
}
Event: 5.095 GC heap after
{Heap after GC invocations=20 (full 0):
 garbage-first heap   total 350208K, used 106413K [0x00000000c0000000, 0x0000000100000000)
  region size 1024K, 14 young (14336K), 14 survivors (14336K)
 Metaspace       used 47763K, committed 48256K, reserved 1114112K
  class space    used 5783K, committed 6016K, reserved 1048576K
}
Event: 5.162 GC heap before
{Heap before GC invocations=20 (full 0):
 garbage-first heap   total 350208K, used 267181K [0x00000000c0000000, 0x0000000100000000)
  region size 1024K, 172 young (176128K), 14 survivors (14336K)
 Metaspace       used 47950K, committed 48384K, reserved 1114112K
  class space    used 5814K, committed 6016K, reserved 1048576K
}
Event: 5.173 GC heap after
{Heap after GC invocations=21 (full 0):
 garbage-first heap   total 350208K, used 113017K [0x00000000c0000000, 0x0000000100000000)
  region size 1024K, 14 young (14336K), 14 survivors (14336K)
 Metaspace       used 47950K, committed 48384K, reserved 1114112K
  class space    used 5814K, committed 6016K, reserved 1048576K
}
Event: 5.257 GC heap before
{Heap before GC invocations=21 (full 0):
 garbage-first heap   total 350208K, used 272761K [0x00000000c0000000, 0x0000000100000000)
  region size 1024K, 171 young (175104K), 14 survivors (14336K)
 Metaspace       used 48399K, committed 48832K, reserved 1114112K
  class space    used 5864K, committed 6080K, reserved 1048576K
}

