# JRE version: OpenJDK Runtime Environment Temurin-17.0.7+7 (17.0.7+7) (build 17.0.7+7)
# Java VM: OpenJDK 64-Bit Server VM Temurin-17.0.7+7 (17.0.7+7, mixed mode, emulated-client, tiered, compressed oops, compressed class ptrs, g1 gc, windows-amd64)
GC Precious Log:
 CPUs: 8 total, 8 available
 Memory: 8103M
 Large Page Support: Disabled
 NUMA Support: Disabled
 Compressed Oops: Enabled (32-bit)
 Heap Region Size: 1M
 Heap Min Capacity: 8M
 Heap Initial Capacity: 128M
 Heap Max Capacity: 1G
 Pre-touch: Disabled
 Parallel Workers: 8
 Concurrent Workers: 2
 Concurrent Refinement Workers: 8
 Periodic GC: Disabled
Heap:
 garbage-first heap   total 182272K, used 90588K [0x00000000c0000000, 0x0000000100000000)
  region size 1024K, 3 young (3072K), 3 survivors (3072K)
 Metaspace       used 45004K, committed 45440K, reserved 1114112K
  class space    used 5512K, committed 5696K, reserved 1048576K
GC Heap History (20 events):
Event: 2.181 GC heap after
{Heap after GC invocations=7 (full 0):
 garbage-first heap   total 55296K, used 18046K [0x00000000c0000000, 0x0000000100000000)
  region size 1024K, 2 young (2048K), 2 survivors (2048K)
 Metaspace       used 29619K, committed 29952K, reserved 1114112K
  class space    used 3492K, committed 3648K, reserved 1048576K
}
Event: 2.486 GC heap before
{Heap before GC invocations=7 (full 0):
 garbage-first heap   total 55296K, used 37502K [0x00000000c0000000, 0x0000000100000000)
  region size 1024K, 21 young (21504K), 2 survivors (2048K)
 Metaspace       used 33127K, committed 33472K, reserved 1114112K
  class space    used 3994K, committed 4160K, reserved 1048576K
}
Event: 2.491 GC heap after
{Heap after GC invocations=8 (full 0):
 garbage-first heap   total 110592K, used 19727K [0x00000000c0000000, 0x0000000100000000)
  region size 1024K, 2 young (2048K), 2 survivors (2048K)
 Metaspace       used 33127K, committed 33472K, reserved 1114112K
  class space    used 3994K, committed 4160K, reserved 1048576K
}
Event: 2.711 GC heap before
{Heap before GC invocations=8 (full 0):
 garbage-first heap   total 110592K, used 38159K [0x00000000c0000000, 0x0000000100000000)
  region size 1024K, 21 young (21504K), 2 survivors (2048K)
 Metaspace       used 35640K, committed 35968K, reserved 1114112K
  class space    used 4315K, committed 4480K, reserved 1048576K
}
Event: 2.716 GC heap after
{Heap after GC invocations=9 (full 0):
 garbage-first heap   total 110592K, used 21142K [0x00000000c0000000, 0x0000000100000000)
  region size 1024K, 4 young (4096K), 4 survivors (4096K)
 Metaspace       used 35640K, committed 35968K, reserved 1114112K
  class space    used 4315K, committed 4480K, reserved 1048576K
}
Event: 3.191 GC heap before
{Heap before GC invocations=10 (full 0):
 garbage-first heap   total 78848K, used 63126K [0x00000000c0000000, 0x0000000100000000)
  region size 1024K, 46 young (47104K), 4 survivors (4096K)
 Metaspace       used 40601K, committed 41024K, reserved 1114112K
  class space    used 5100K, committed 5312K, reserved 1048576K
}
Event: 3.198 GC heap after
{Heap after GC invocations=11 (full 0):
 garbage-first heap   total 78848K, used 26997K [0x00000000c0000000, 0x0000000100000000)
  region size 1024K, 6 young (6144K), 6 survivors (6144K)
 Metaspace       used 40601K, committed 41024K, reserved 1114112K
  class space    used 5100K, committed 5312K, reserved 1048576K
}
Event: 3.200 GC heap before
{Heap before GC invocations=11 (full 0):
 garbage-first heap   total 78848K, used 28021K [0x00000000c0000000, 0x0000000100000000)
  region size 1024K, 7 young (7168K), 6 survivors (6144K)
 Metaspace       used 40601K, committed 41024K, reserved 1114112K
  class space    used 5100K, committed 5312K, reserved 1048576K
}
Event: 3.204 GC heap after
{Heap after GC invocations=12 (full 0):
 garbage-first heap   total 78848K, used 28090K [0x00000000c0000000, 0x0000000100000000)
  region size 1024K, 1 young (1024K), 1 survivors (1024K)
 Metaspace       used 40601K, committed 41024K, reserved 1114112K
  class space    used 5100K, committed 5312K, reserved 1048576K
}
Event: 3.292 GC heap before
{Heap before GC invocations=12 (full 0):
 garbage-first heap   total 78848K, used 56762K [0x00000000c0000000, 0x0000000100000000)
  region size 1024K, 30 young (30720K), 1 survivors (1024K)
 Metaspace       used 40857K, committed 41216K, reserved 1114112K
  class space    used 5147K, committed 5312K, reserved 1048576K
}
Event: 3.296 GC heap after
{Heap after GC invocations=13 (full 0):
 garbage-first heap   total 78848K, used 34043K [0x00000000c0000000, 0x0000000100000000)
  region size 1024K, 4 young (4096K), 4 survivors (4096K)
 Metaspace       used 40857K, committed 41216K, reserved 1114112K
  class space    used 5147K, committed 5312K, reserved 1048576K
}
Event: 3.344 GC heap before
{Heap before GC invocations=13 (full 0):
 garbage-first heap   total 78848K, used 57595K [0x00000000c0000000, 0x0000000100000000)
  region size 1024K, 28 young (28672K), 4 survivors (4096K)
 Metaspace       used 41192K, committed 41600K, reserved 1114112K
  class space    used 5174K, committed 5312K, reserved 1048576K
}
Event: 3.349 GC heap after
{Heap after GC invocations=14 (full 0):
 garbage-first heap   total 182272K, used 39057K [0x00000000c0000000, 0x0000000100000000)
  region size 1024K, 4 young (4096K), 4 survivors (4096K)
 Metaspace       used 41192K, committed 41600K, reserved 1114112K
  class space    used 5174K, committed 5312K, reserved 1048576K
}
Event: 3.520 GC heap before
{Heap before GC invocations=14 (full 0):
 garbage-first heap   total 182272K, used 125073K [0x00000000c0000000, 0x0000000100000000)
  region size 1024K, 88 young (90112K), 4 survivors (4096K)
 Metaspace       used 43196K, committed 43584K, reserved 1114112K
  class space    used 5322K, committed 5504K, reserved 1048576K
}
Event: 3.535 GC heap after
{Heap after GC invocations=15 (full 0):
 garbage-first heap   total 182272K, used 56949K [0x00000000c0000000, 0x0000000100000000)
  region size 1024K, 11 young (11264K), 11 survivors (11264K)
 Metaspace       used 43196K, committed 43584K, reserved 1114112K
  class space    used 5322K, committed 5504K, reserved 1048576K
}
Event: 3.752 GC heap before
{Heap before GC invocations=15 (full 0):
 garbage-first heap   total 182272K, used 124533K [0x00000000c0000000, 0x0000000100000000)
  region size 1024K, 76 young (77824K), 11 survivors (11264K)
 Metaspace       used 44728K, committed 45120K, reserved 1114112K
  class space    used 5474K, committed 5632K, reserved 1048576K
}
Event: 3.778 GC heap after
{Heap after GC invocations=16 (full 0):
 garbage-first heap   total 182272K, used 78475K [0x00000000c0000000, 0x0000000100000000)
  region size 1024K, 10 young (10240K), 10 survivors (10240K)
 Metaspace       used 44728K, committed 45120K, reserved 1114112K
  class space    used 5474K, committed 5632K, reserved 1048576K
}
Event: 3.850 GC heap before
{Heap before GC invocations=16 (full 0):
 garbage-first heap   total 182272K, used 127627K [0x00000000c0000000, 0x0000000100000000)
  region size 1024K, 59 young (60416K), 10 survivors (10240K)
 Metaspace       used 44953K, committed 45440K, reserved 1114112K
  class space    used 5503K, committed 5696K, reserved 1048576K
}
Event: 3.877 GC heap after
{Heap after GC invocations=17 (full 0):
 garbage-first heap   total 182272K, used 87819K [0x00000000c0000000, 0x0000000100000000)
  region size 1024K, 7 young (7168K), 7 survivors (7168K)
 Metaspace       used 44953K, committed 45440K, reserved 1114112K
  class space    used 5503K, committed 5696K, reserved 1048576K
}
Event: 3.938 GC heap before
{Heap before GC invocations=17 (full 0):
 garbage-first heap   total 182272K, used 133899K [0x00000000c0000000, 0x0000000100000000)
  region size 1024K, 53 young (54272K), 7 survivors (7168K)
 Metaspace       used 45004K, committed 45440K, reserved 1114112K
  class space    used 5512K, committed 5696K, reserved 1048576K
}

