# JRE version: OpenJDK Runtime Environment Temurin-17.0.7+7 (17.0.7+7) (build 17.0.7+7)
# Java VM: OpenJDK 64-Bit Server VM Temurin-17.0.7+7 (17.0.7+7, mixed mode, emulated-client, tiered, compressed oops, compressed class ptrs, g1 gc, windows-amd64)
GC Precious Log:
 CPUs: 8 total, 8 available
 Memory: 8103M
 Large Page Support: Disabled
 NUMA Support: Disabled
 Compressed Oops: Enabled (32-bit)
 Heap Region Size: 1M
 Heap Min Capacity: 8M
 Heap Initial Capacity: 128M
 Heap Max Capacity: 1G
 Pre-touch: Disabled
 Parallel Workers: 8
 Concurrent Workers: 2
 Concurrent Refinement Workers: 8
 Periodic GC: Disabled
Heap:
 garbage-first heap   total 373760K, used 124304K [0x00000000c0000000, 0x0000000100000000)
  region size 1024K, 16 young (16384K), 16 survivors (16384K)
 Metaspace       used 47849K, committed 48320K, reserved 1114112K
  class space    used 5837K, committed 6016K, reserved 1048576K
GC Heap History (20 events):
Event: 3.814 GC heap after
{Heap after GC invocations=16 (full 0):
 garbage-first heap   total 140288K, used 56597K [0x00000000c0000000, 0x0000000100000000)
  region size 1024K, 8 young (8192K), 8 survivors (8192K)
 Metaspace       used 42464K, committed 42880K, reserved 1114112K
  class space    used 5324K, committed 5504K, reserved 1048576K
}
Event: 3.818 GC heap before
{Heap before GC invocations=16 (full 0):
 garbage-first heap   total 140288K, used 57621K [0x00000000c0000000, 0x0000000100000000)
  region size 1024K, 9 young (9216K), 8 survivors (8192K)
 Metaspace       used 42468K, committed 42944K, reserved 1114112K
  class space    used 5325K, committed 5568K, reserved 1048576K
}
Event: 3.824 GC heap after
{Heap after GC invocations=17 (full 0):
 garbage-first heap   total 140288K, used 57568K [0x00000000c0000000, 0x0000000100000000)
  region size 1024K, 1 young (1024K), 1 survivors (1024K)
 Metaspace       used 42468K, committed 42944K, reserved 1114112K
  class space    used 5325K, committed 5568K, reserved 1048576K
}
Event: 3.971 GC heap before
{Heap before GC invocations=17 (full 0):
 garbage-first heap   total 140288K, used 97504K [0x00000000c0000000, 0x0000000100000000)
  region size 1024K, 41 young (41984K), 1 survivors (1024K)
 Metaspace       used 44238K, committed 44672K, reserved 1114112K
  class space    used 5456K, committed 5632K, reserved 1048576K
}
Event: 3.977 GC heap after
{Heap after GC invocations=18 (full 0):
 garbage-first heap   total 140288K, used 64106K [0x00000000c0000000, 0x0000000100000000)
  region size 1024K, 6 young (6144K), 6 survivors (6144K)
 Metaspace       used 44238K, committed 44672K, reserved 1114112K
  class space    used 5456K, committed 5632K, reserved 1048576K
}
Event: 4.094 GC heap before
{Heap before GC invocations=18 (full 0):
 garbage-first heap   total 140288K, used 104042K [0x00000000c0000000, 0x0000000100000000)
  region size 1024K, 43 young (44032K), 6 survivors (6144K)
 Metaspace       used 45433K, committed 45952K, reserved 1114112K
  class space    used 5623K, committed 5824K, reserved 1048576K
}
Event: 4.109 GC heap after
{Heap after GC invocations=19 (full 0):
 garbage-first heap   total 140288K, used 83237K [0x00000000c0000000, 0x0000000100000000)
  region size 1024K, 6 young (6144K), 6 survivors (6144K)
 Metaspace       used 45433K, committed 45952K, reserved 1114112K
  class space    used 5623K, committed 5824K, reserved 1048576K
}
Event: 4.150 GC heap before
{Heap before GC invocations=19 (full 0):
 garbage-first heap   total 140288K, used 103717K [0x00000000c0000000, 0x0000000100000000)
  region size 1024K, 27 young (27648K), 6 survivors (6144K)
 Metaspace       used 46515K, committed 47040K, reserved 1114112K
  class space    used 5714K, committed 5952K, reserved 1048576K
}
Event: 4.169 GC heap after
{Heap after GC invocations=20 (full 0):
 garbage-first heap   total 373760K, used 91113K [0x00000000c0000000, 0x0000000100000000)
  region size 1024K, 4 young (4096K), 4 survivors (4096K)
 Metaspace       used 46515K, committed 47040K, reserved 1114112K
  class space    used 5714K, committed 5952K, reserved 1048576K
}
Event: 4.273 GC heap before
{Heap before GC invocations=20 (full 0):
 garbage-first heap   total 373760K, used 227305K [0x00000000c0000000, 0x0000000100000000)
  region size 1024K, 139 young (142336K), 4 survivors (4096K)
 Metaspace       used 46649K, committed 47168K, reserved 1114112K
  class space    used 5734K, committed 5952K, reserved 1048576K
}
Event: 4.280 GC heap after
{Heap after GC invocations=21 (full 0):
 garbage-first heap   total 373760K, used 96324K [0x00000000c0000000, 0x0000000100000000)
  region size 1024K, 11 young (11264K), 11 survivors (11264K)
 Metaspace       used 46649K, committed 47168K, reserved 1114112K
  class space    used 5734K, committed 5952K, reserved 1048576K
}
Event: 4.361 GC heap before
{Heap before GC invocations=22 (full 0):
 garbage-first heap   total 373760K, used 268356K [0x00000000c0000000, 0x0000000100000000)
  region size 1024K, 180 young (184320K), 11 survivors (11264K)
 Metaspace       used 46730K, committed 47168K, reserved 1114112K
  class space    used 5742K, committed 5952K, reserved 1048576K
}
Event: 4.370 GC heap after
{Heap after GC invocations=23 (full 0):
 garbage-first heap   total 373760K, used 102771K [0x00000000c0000000, 0x0000000100000000)
  region size 1024K, 17 young (17408K), 17 survivors (17408K)
 Metaspace       used 46730K, committed 47168K, reserved 1114112K
  class space    used 5742K, committed 5952K, reserved 1048576K
}
Event: 4.373 GC heap before
{Heap before GC invocations=23 (full 0):
 garbage-first heap   total 373760K, used 103795K [0x00000000c0000000, 0x0000000100000000)
  region size 1024K, 19 young (19456K), 17 survivors (17408K)
 Metaspace       used 46734K, committed 47168K, reserved 1114112K
  class space    used 5744K, committed 5952K, reserved 1048576K
}
Event: 4.381 GC heap after
{Heap after GC invocations=24 (full 0):
 garbage-first heap   total 373760K, used 103506K [0x00000000c0000000, 0x0000000100000000)
  region size 1024K, 3 young (3072K), 3 survivors (3072K)
 Metaspace       used 46734K, committed 47168K, reserved 1114112K
  class space    used 5744K, committed 5952K, reserved 1048576K
}
Event: 4.442 GC heap before
{Heap before GC invocations=24 (full 0):
 garbage-first heap   total 373760K, used 281682K [0x00000000c0000000, 0x0000000100000000)
  region size 1024K, 178 young (182272K), 3 survivors (3072K)
 Metaspace       used 47212K, committed 47616K, reserved 1114112K
  class space    used 5768K, committed 5952K, reserved 1048576K
}
Event: 4.447 GC heap after
{Heap after GC invocations=25 (full 0):
 garbage-first heap   total 373760K, used 109405K [0x00000000c0000000, 0x0000000100000000)
  region size 1024K, 9 young (9216K), 9 survivors (9216K)
 Metaspace       used 47212K, committed 47616K, reserved 1114112K
  class space    used 5768K, committed 5952K, reserved 1048576K
}
Event: 4.502 GC heap before
{Heap before GC invocations=25 (full 0):
 garbage-first heap   total 373760K, used 288605K [0x00000000c0000000, 0x0000000100000000)
  region size 1024K, 185 young (189440K), 9 survivors (9216K)
 Metaspace       used 47546K, committed 48000K, reserved 1114112K
  class space    used 5819K, committed 6016K, reserved 1048576K
}
Event: 4.509 GC heap after
{Heap after GC invocations=26 (full 0):
 garbage-first heap   total 373760K, used 116616K [0x00000000c0000000, 0x0000000100000000)
  region size 1024K, 16 young (16384K), 16 survivors (16384K)
 Metaspace       used 47546K, committed 48000K, reserved 1114112K
  class space    used 5819K, committed 6016K, reserved 1048576K
}
Event: 4.570 GC heap before
{Heap before GC invocations=26 (full 0):
 garbage-first heap   total 373760K, used 295816K [0x00000000c0000000, 0x0000000100000000)
  region size 1024K, 192 young (196608K), 16 survivors (16384K)
 Metaspace       used 47849K, committed 48320K, reserved 1114112K
  class space    used 5837K, committed 6016K, reserved 1048576K
}

