# JRE version: OpenJDK Runtime Environment Temurin-17.0.7+7 (17.0.7+7) (build 17.0.7+7)
# Java VM: OpenJDK 64-Bit Server VM Temurin-17.0.7+7 (17.0.7+7, mixed mode, emulated-client, tiered, compressed oops, compressed class ptrs, g1 gc, windows-amd64)
GC Precious Log:
 CPUs: 8 total, 8 available
 Memory: 8103M
 Large Page Support: Disabled
 NUMA Support: Disabled
 Compressed Oops: Enabled (32-bit)
 Heap Region Size: 1M
 Heap Min Capacity: 8M
 Heap Initial Capacity: 128M
 Heap Max Capacity: 1G
 Pre-touch: Disabled
 Parallel Workers: 8
 Concurrent Workers: 2
 Concurrent Refinement Workers: 8
 Periodic GC: Disabled
Heap:
 garbage-first heap   total 209920K, used 92027K [0x00000000c0000000, 0x0000000100000000)
  region size 1024K, 6 young (6144K), 6 survivors (6144K)
 Metaspace       used 45795K, committed 46272K, reserved 1114112K
  class space    used 5635K, committed 5824K, reserved 1048576K
GC Heap History (20 events):
Event: 24.281 GC heap after
{Heap after GC invocations=9 (full 0):
 garbage-first heap   total 61440K, used 21738K [0x00000000c0000000, 0x0000000100000000)
  region size 1024K, 1 young (1024K), 1 survivors (1024K)
 Metaspace       used 35867K, committed 36160K, reserved 1114112K
  class space    used 4349K, committed 4480K, reserved 1048576K
}
Event: 24.892 GC heap before
{Heap before GC invocations=10 (full 0):
 garbage-first heap   total 61440K, used 43242K [0x00000000c0000000, 0x0000000100000000)
  region size 1024K, 23 young (23552K), 1 survivors (1024K)
 Metaspace       used 39595K, committed 40000K, reserved 1114112K
  class space    used 4938K, committed 5120K, reserved 1048576K
}
Event: 24.899 GC heap after
{Heap after GC invocations=11 (full 0):
 garbage-first heap   total 109568K, used 23578K [0x00000000c0000000, 0x0000000100000000)
  region size 1024K, 3 young (3072K), 3 survivors (3072K)
 Metaspace       used 39595K, committed 40000K, reserved 1114112K
  class space    used 4938K, committed 5120K, reserved 1048576K
}
Event: 25.252 GC heap before
{Heap before GC invocations=11 (full 0):
 garbage-first heap   total 109568K, used 78874K [0x00000000c0000000, 0x0000000100000000)
  region size 1024K, 57 young (58368K), 3 survivors (3072K)
 Metaspace       used 40333K, committed 40768K, reserved 1114112K
  class space    used 5061K, committed 5248K, reserved 1048576K
}
Event: 25.267 GC heap after
{Heap after GC invocations=12 (full 0):
 garbage-first heap   total 109568K, used 33981K [0x00000000c0000000, 0x0000000100000000)
  region size 1024K, 8 young (8192K), 8 survivors (8192K)
 Metaspace       used 40333K, committed 40768K, reserved 1114112K
  class space    used 5061K, committed 5248K, reserved 1048576K
}
Event: 25.435 GC heap before
{Heap before GC invocations=12 (full 0):
 garbage-first heap   total 109568K, used 73917K [0x00000000c0000000, 0x0000000100000000)
  region size 1024K, 47 young (48128K), 8 survivors (8192K)
 Metaspace       used 40757K, committed 41216K, reserved 1114112K
  class space    used 5145K, committed 5376K, reserved 1048576K
}
Event: 25.450 GC heap after
{Heap after GC invocations=13 (full 0):
 garbage-first heap   total 109568K, used 40397K [0x00000000c0000000, 0x0000000100000000)
  region size 1024K, 6 young (6144K), 6 survivors (6144K)
 Metaspace       used 40757K, committed 41216K, reserved 1114112K
  class space    used 5145K, committed 5376K, reserved 1048576K
}
Event: 25.538 GC heap before
{Heap before GC invocations=13 (full 0):
 garbage-first heap   total 109568K, used 77261K [0x00000000c0000000, 0x0000000100000000)
  region size 1024K, 43 young (44032K), 6 survivors (6144K)
 Metaspace       used 40991K, committed 41408K, reserved 1114112K
  class space    used 5167K, committed 5376K, reserved 1048576K
}
Event: 25.549 GC heap after
{Heap after GC invocations=14 (full 0):
 garbage-first heap   total 109568K, used 51050K [0x00000000c0000000, 0x0000000100000000)
  region size 1024K, 6 young (6144K), 6 survivors (6144K)
 Metaspace       used 40991K, committed 41408K, reserved 1114112K
  class space    used 5167K, committed 5376K, reserved 1048576K
}
Event: 25.615 GC heap before
{Heap before GC invocations=14 (full 0):
 garbage-first heap   total 109568K, used 79722K [0x00000000c0000000, 0x0000000100000000)
  region size 1024K, 35 young (35840K), 6 survivors (6144K)
 Metaspace       used 41293K, committed 41728K, reserved 1114112K
  class space    used 5177K, committed 5376K, reserved 1048576K
}
Event: 25.625 GC heap after
{Heap after GC invocations=15 (full 0):
 garbage-first heap   total 109568K, used 57803K [0x00000000c0000000, 0x0000000100000000)
  region size 1024K, 5 young (5120K), 5 survivors (5120K)
 Metaspace       used 41293K, committed 41728K, reserved 1114112K
  class space    used 5177K, committed 5376K, reserved 1048576K
}
Event: 25.846 GC heap before
{Heap before GC invocations=15 (full 0):
 garbage-first heap   total 109568K, used 81355K [0x00000000c0000000, 0x0000000100000000)
  region size 1024K, 30 young (30720K), 5 survivors (5120K)
 Metaspace       used 42955K, committed 43392K, reserved 1114112K
  class space    used 5296K, committed 5504K, reserved 1048576K
}
Event: 25.854 GC heap after
{Heap after GC invocations=16 (full 0):
 garbage-first heap   total 209920K, used 62363K [0x00000000c0000000, 0x0000000100000000)
  region size 1024K, 4 young (4096K), 4 survivors (4096K)
 Metaspace       used 42955K, committed 43392K, reserved 1114112K
  class space    used 5296K, committed 5504K, reserved 1048576K
}
Event: 26.035 GC heap before
{Heap before GC invocations=16 (full 0):
 garbage-first heap   total 209920K, used 136091K [0x00000000c0000000, 0x0000000100000000)
  region size 1024K, 75 young (76800K), 4 survivors (4096K)
 Metaspace       used 44929K, committed 45376K, reserved 1114112K
  class space    used 5531K, committed 5760K, reserved 1048576K
}
Event: 26.077 GC heap after
{Heap after GC invocations=17 (full 0):
 garbage-first heap   total 209920K, used 81920K [0x00000000c0000000, 0x0000000100000000)
  region size 1024K, 10 young (10240K), 10 survivors (10240K)
 Metaspace       used 44929K, committed 45376K, reserved 1114112K
  class space    used 5531K, committed 5760K, reserved 1048576K
}
Event: 26.126 GC heap before
{Heap before GC invocations=17 (full 0):
 garbage-first heap   total 209920K, used 142336K [0x00000000c0000000, 0x0000000100000000)
  region size 1024K, 70 young (71680K), 10 survivors (10240K)
 Metaspace       used 45222K, committed 45632K, reserved 1114112K
  class space    used 5560K, committed 5760K, reserved 1048576K
}
Event: 26.133 GC heap after
{Heap after GC invocations=18 (full 0):
 garbage-first heap   total 209920K, used 86444K [0x00000000c0000000, 0x0000000100000000)
  region size 1024K, 4 young (4096K), 4 survivors (4096K)
 Metaspace       used 45222K, committed 45632K, reserved 1114112K
  class space    used 5560K, committed 5760K, reserved 1048576K
}
Event: 26.171 GC heap before
{Heap before GC invocations=18 (full 0):
 garbage-first heap   total 209920K, used 147884K [0x00000000c0000000, 0x0000000100000000)
  region size 1024K, 65 young (66560K), 4 survivors (4096K)
 Metaspace       used 45400K, committed 45888K, reserved 1114112K
  class space    used 5585K, committed 5824K, reserved 1048576K
}
Event: 26.175 GC heap after
{Heap after GC invocations=19 (full 0):
 garbage-first heap   total 209920K, used 89034K [0x00000000c0000000, 0x0000000100000000)
  region size 1024K, 6 young (6144K), 6 survivors (6144K)
 Metaspace       used 45400K, committed 45888K, reserved 1114112K
  class space    used 5585K, committed 5824K, reserved 1048576K
}
Event: 26.213 GC heap before
{Heap before GC invocations=19 (full 0):
 garbage-first heap   total 209920K, used 154570K [0x00000000c0000000, 0x0000000100000000)
  region size 1024K, 71 young (72704K), 6 survivors (6144K)
 Metaspace       used 45795K, committed 46272K, reserved 1114112K
  class space    used 5635K, committed 5824K, reserved 1048576K
}

