# JRE version: OpenJDK Runtime Environment Temurin-17.0.7+7 (17.0.7+7) (build 17.0.7+7)
# Java VM: OpenJDK 64-Bit Server VM Temurin-17.0.7+7 (17.0.7+7, mixed mode, emulated-client, tiered, compressed oops, compressed class ptrs, g1 gc, windows-amd64)
GC Precious Log:
 CPUs: 8 total, 8 available
 Memory: 8103M
 Large Page Support: Disabled
 NUMA Support: Disabled
 Compressed Oops: Enabled (32-bit)
 Heap Region Size: 1M
 Heap Min Capacity: 8M
 Heap Initial Capacity: 128M
 Heap Max Capacity: 1G
 Pre-touch: Disabled
 Parallel Workers: 8
 Concurrent Workers: 2
 Concurrent Refinement Workers: 8
 Periodic GC: Disabled
Heap:
 garbage-first heap   total 190464K, used 88516K [0x00000000c0000000, 0x0000000100000000)
  region size 1024K, 5 young (5120K), 5 survivors (5120K)
 Metaspace       used 44816K, committed 45312K, reserved 1114112K
  class space    used 5493K, committed 5696K, reserved 1048576K
GC Heap History (20 events):
Event: 2.505 GC heap after
{Heap after GC invocations=8 (full 0):
 garbage-first heap   total 58368K, used 20524K [0x00000000c0000000, 0x0000000100000000)
  region size 1024K, 3 young (3072K), 3 survivors (3072K)
 Metaspace       used 33394K, committed 33664K, reserved 1114112K
  class space    used 4031K, committed 4160K, reserved 1048576K
}
Event: 2.695 GC heap before
{Heap before GC invocations=8 (full 0):
 garbage-first heap   total 58368K, used 33836K [0x00000000c0000000, 0x0000000100000000)
  region size 1024K, 17 young (17408K), 3 survivors (3072K)
 Metaspace       used 35868K, committed 36160K, reserved 1114112K
  class space    used 4350K, committed 4480K, reserved 1048576K
}
Event: 2.700 GC heap after
{Heap after GC invocations=9 (full 0):
 garbage-first heap   total 116736K, used 21563K [0x00000000c0000000, 0x0000000100000000)
  region size 1024K, 2 young (2048K), 2 survivors (2048K)
 Metaspace       used 35868K, committed 36160K, reserved 1114112K
  class space    used 4350K, committed 4480K, reserved 1048576K
}
Event: 3.142 GC heap before
{Heap before GC invocations=10 (full 0):
 garbage-first heap   total 78848K, used 66619K [0x00000000c0000000, 0x0000000100000000)
  region size 1024K, 46 young (47104K), 2 survivors (2048K)
 Metaspace       used 40587K, committed 40960K, reserved 1114112K
  class space    used 5101K, committed 5248K, reserved 1048576K
}
Event: 3.148 GC heap after
{Heap after GC invocations=11 (full 0):
 garbage-first heap   total 78848K, used 27243K [0x00000000c0000000, 0x0000000100000000)
  region size 1024K, 6 young (6144K), 6 survivors (6144K)
 Metaspace       used 40587K, committed 40960K, reserved 1114112K
  class space    used 5101K, committed 5248K, reserved 1048576K
}
Event: 3.151 GC heap before
{Heap before GC invocations=11 (full 0):
 garbage-first heap   total 78848K, used 28267K [0x00000000c0000000, 0x0000000100000000)
  region size 1024K, 7 young (7168K), 6 survivors (6144K)
 Metaspace       used 40587K, committed 40960K, reserved 1114112K
  class space    used 5101K, committed 5248K, reserved 1048576K
}
Event: 3.155 GC heap after
{Heap after GC invocations=12 (full 0):
 garbage-first heap   total 78848K, used 27766K [0x00000000c0000000, 0x0000000100000000)
  region size 1024K, 1 young (1024K), 1 survivors (1024K)
 Metaspace       used 40587K, committed 40960K, reserved 1114112K
  class space    used 5101K, committed 5248K, reserved 1048576K
}
Event: 3.221 GC heap before
{Heap before GC invocations=12 (full 0):
 garbage-first heap   total 78848K, used 56438K [0x00000000c0000000, 0x0000000100000000)
  region size 1024K, 30 young (30720K), 1 survivors (1024K)
 Metaspace       used 40736K, committed 41152K, reserved 1114112K
  class space    used 5130K, committed 5312K, reserved 1048576K
}
Event: 3.225 GC heap after
{Heap after GC invocations=13 (full 0):
 garbage-first heap   total 78848K, used 34142K [0x00000000c0000000, 0x0000000100000000)
  region size 1024K, 4 young (4096K), 4 survivors (4096K)
 Metaspace       used 40736K, committed 41152K, reserved 1114112K
  class space    used 5130K, committed 5312K, reserved 1048576K
}
Event: 3.287 GC heap before
{Heap before GC invocations=13 (full 0):
 garbage-first heap   total 78848K, used 56670K [0x00000000c0000000, 0x0000000100000000)
  region size 1024K, 27 young (27648K), 4 survivors (4096K)
 Metaspace       used 41209K, committed 41664K, reserved 1114112K
  class space    used 5196K, committed 5440K, reserved 1048576K
}
Event: 3.292 GC heap after
{Heap after GC invocations=14 (full 0):
 garbage-first heap   total 78848K, used 38308K [0x00000000c0000000, 0x0000000100000000)
  region size 1024K, 4 young (4096K), 4 survivors (4096K)
 Metaspace       used 41209K, committed 41664K, reserved 1114112K
  class space    used 5196K, committed 5440K, reserved 1048576K
}
Event: 3.333 GC heap before
{Heap before GC invocations=14 (full 0):
 garbage-first heap   total 78848K, used 57764K [0x00000000c0000000, 0x0000000100000000)
  region size 1024K, 24 young (24576K), 4 survivors (4096K)
 Metaspace       used 41630K, committed 42048K, reserved 1114112K
  class space    used 5223K, committed 5440K, reserved 1048576K
}
Event: 3.338 GC heap after
{Heap after GC invocations=15 (full 0):
 garbage-first heap   total 190464K, used 41941K [0x00000000c0000000, 0x0000000100000000)
  region size 1024K, 3 young (3072K), 3 survivors (3072K)
 Metaspace       used 41630K, committed 42048K, reserved 1114112K
  class space    used 5223K, committed 5440K, reserved 1048576K
}
Event: 3.566 GC heap before
{Heap before GC invocations=15 (full 0):
 garbage-first heap   total 190464K, used 136149K [0x00000000c0000000, 0x0000000100000000)
  region size 1024K, 96 young (98304K), 3 survivors (3072K)
 Metaspace       used 43989K, committed 44352K, reserved 1114112K
  class space    used 5408K, committed 5568K, reserved 1048576K
}
Event: 3.584 GC heap after
{Heap after GC invocations=16 (full 0):
 garbage-first heap   total 190464K, used 61510K [0x00000000c0000000, 0x0000000100000000)
  region size 1024K, 12 young (12288K), 12 survivors (12288K)
 Metaspace       used 43989K, committed 44352K, reserved 1114112K
  class space    used 5408K, committed 5568K, reserved 1048576K
}
Event: 3.740 GC heap before
{Heap before GC invocations=16 (full 0):
 garbage-first heap   total 190464K, used 123974K [0x00000000c0000000, 0x0000000100000000)
  region size 1024K, 72 young (73728K), 12 survivors (12288K)
 Metaspace       used 44691K, committed 45184K, reserved 1114112K
  class space    used 5476K, committed 5696K, reserved 1048576K
}
Event: 3.776 GC heap after
{Heap after GC invocations=17 (full 0):
 garbage-first heap   total 190464K, used 82408K [0x00000000c0000000, 0x0000000100000000)
  region size 1024K, 9 young (9216K), 9 survivors (9216K)
 Metaspace       used 44691K, committed 45184K, reserved 1114112K
  class space    used 5476K, committed 5696K, reserved 1048576K
}
Event: 3.798 GC heap before
{Heap before GC invocations=17 (full 0):
 garbage-first heap   total 190464K, used 132584K [0x00000000c0000000, 0x0000000100000000)
  region size 1024K, 59 young (60416K), 9 survivors (9216K)
 Metaspace       used 44801K, committed 45312K, reserved 1114112K
  class space    used 5489K, committed 5696K, reserved 1048576K
}
Event: 3.804 GC heap after
{Heap after GC invocations=18 (full 0):
 garbage-first heap   total 190464K, used 86905K [0x00000000c0000000, 0x0000000100000000)
  region size 1024K, 3 young (3072K), 3 survivors (3072K)
 Metaspace       used 44801K, committed 45312K, reserved 1114112K
  class space    used 5489K, committed 5696K, reserved 1048576K
}
Event: 3.823 GC heap before
{Heap before GC invocations=18 (full 0):
 garbage-first heap   total 190464K, used 139129K [0x00000000c0000000, 0x0000000100000000)
  region size 1024K, 55 young (56320K), 3 survivors (3072K)
 Metaspace       used 44816K, committed 45312K, reserved 1114112K
  class space    used 5493K, committed 5696K, reserved 1048576K
}

