# JRE version: OpenJDK Runtime Environment Temurin-17.0.7+7 (17.0.7+7) (build 17.0.7+7)
# Java VM: OpenJDK 64-Bit Server VM Temurin-17.0.7+7 (17.0.7+7, mixed mode, emulated-client, tiered, compressed oops, compressed class ptrs, g1 gc, windows-amd64)
GC Precious Log:
 CPUs: 8 total, 8 available
 Memory: 8103M
 Large Page Support: Disabled
 NUMA Support: Disabled
 Compressed Oops: Enabled (32-bit)
 Heap Region Size: 1M
 Heap Min Capacity: 8M
 Heap Initial Capacity: 128M
 Heap Max Capacity: 1G
 Pre-touch: Disabled
 Parallel Workers: 8
 Concurrent Workers: 2
 Concurrent Refinement Workers: 8
 Periodic GC: Disabled
Heap:
 garbage-first heap   total 304128K, used 111549K [0x00000000c0000000, 0x0000000100000000)
  region size 1024K, 6 young (6144K), 6 survivors (6144K)
 Metaspace       used 49530K, committed 49984K, reserved 1114112K
  class space    used 5996K, committed 6208K, reserved 1048576K
GC Heap History (20 events):
Event: 3.975 GC heap after
{Heap after GC invocations=12 (full 0):
 garbage-first heap   total 75776K, used 26013K [0x00000000c0000000, 0x0000000100000000)
  region size 1024K, 1 young (1024K), 1 survivors (1024K)
 Metaspace       used 40591K, committed 40960K, reserved 1114112K
  class space    used 5105K, committed 5248K, reserved 1048576K
}
Event: 4.086 GC heap before
{Heap before GC invocations=12 (full 0):
 garbage-first heap   total 75776K, used 54685K [0x00000000c0000000, 0x0000000100000000)
  region size 1024K, 29 young (29696K), 1 survivors (1024K)
 Metaspace       used 40850K, committed 41216K, reserved 1114112K
  class space    used 5152K, committed 5312K, reserved 1048576K
}
Event: 4.093 GC heap after
{Heap after GC invocations=13 (full 0):
 garbage-first heap   total 172032K, used 31538K [0x00000000c0000000, 0x0000000100000000)
  region size 1024K, 4 young (4096K), 4 survivors (4096K)
 Metaspace       used 40850K, committed 41216K, reserved 1114112K
  class space    used 5152K, committed 5312K, reserved 1048576K
}
Event: 4.335 GC heap before
{Heap before GC invocations=13 (full 0):
 garbage-first heap   total 172032K, used 115506K [0x00000000c0000000, 0x0000000100000000)
  region size 1024K, 87 young (89088K), 4 survivors (4096K)
 Metaspace       used 42679K, committed 43136K, reserved 1114112K
  class space    used 5335K, committed 5568K, reserved 1048576K
}
Event: 4.346 GC heap after
{Heap after GC invocations=14 (full 0):
 garbage-first heap   total 172032K, used 45001K [0x00000000c0000000, 0x0000000100000000)
  region size 1024K, 11 young (11264K), 11 survivors (11264K)
 Metaspace       used 42679K, committed 43136K, reserved 1114112K
  class space    used 5335K, committed 5568K, reserved 1048576K
}
Event: 4.625 GC heap before
{Heap before GC invocations=14 (full 0):
 garbage-first heap   total 172032K, used 113609K [0x00000000c0000000, 0x0000000100000000)
  region size 1024K, 79 young (80896K), 11 survivors (11264K)
 Metaspace       used 44572K, committed 44992K, reserved 1114112K
  class space    used 5508K, committed 5696K, reserved 1048576K
}
Event: 4.648 GC heap after
{Heap after GC invocations=15 (full 0):
 garbage-first heap   total 172032K, used 60808K [0x00000000c0000000, 0x0000000100000000)
  region size 1024K, 10 young (10240K), 10 survivors (10240K)
 Metaspace       used 44572K, committed 44992K, reserved 1114112K
  class space    used 5508K, committed 5696K, reserved 1048576K
}
Event: 4.938 GC heap before
{Heap before GC invocations=15 (full 0):
 garbage-first heap   total 172032K, used 122248K [0x00000000c0000000, 0x0000000100000000)
  region size 1024K, 68 young (69632K), 10 survivors (10240K)
 Metaspace       used 47941K, committed 48384K, reserved 1114112K
  class space    used 5821K, committed 6016K, reserved 1048576K
}
Event: 4.985 GC heap after
{Heap after GC invocations=16 (full 0):
 garbage-first heap   total 172032K, used 88718K [0x00000000c0000000, 0x0000000100000000)
  region size 1024K, 9 young (9216K), 9 survivors (9216K)
 Metaspace       used 47941K, committed 48384K, reserved 1114112K
  class space    used 5821K, committed 6016K, reserved 1048576K
}
Event: 5.016 GC heap before
{Heap before GC invocations=16 (full 0):
 garbage-first heap   total 172032K, used 127630K [0x00000000c0000000, 0x0000000100000000)
  region size 1024K, 48 young (49152K), 9 survivors (9216K)
 Metaspace       used 48087K, committed 48448K, reserved 1114112K
  class space    used 5836K, committed 6016K, reserved 1048576K
}
Event: 5.026 GC heap after
{Heap after GC invocations=17 (full 0):
 garbage-first heap   total 291840K, used 93184K [0x00000000c0000000, 0x0000000100000000)
  region size 1024K, 2 young (2048K), 2 survivors (2048K)
 Metaspace       used 48087K, committed 48448K, reserved 1114112K
  class space    used 5836K, committed 6016K, reserved 1048576K
}
Event: 5.111 GC heap before
{Heap before GC invocations=17 (full 0):
 garbage-first heap   total 291840K, used 206848K [0x00000000c0000000, 0x0000000100000000)
  region size 1024K, 114 young (116736K), 2 survivors (2048K)
 Metaspace       used 48171K, committed 48576K, reserved 1114112K
  class space    used 5851K, committed 6016K, reserved 1048576K
}
Event: 5.114 GC heap after
{Heap after GC invocations=18 (full 0):
 garbage-first heap   total 291840K, used 97693K [0x00000000c0000000, 0x0000000100000000)
  region size 1024K, 7 young (7168K), 7 survivors (7168K)
 Metaspace       used 48171K, committed 48576K, reserved 1114112K
  class space    used 5851K, committed 6016K, reserved 1048576K
}
Event: 5.176 GC heap before
{Heap before GC invocations=18 (full 0):
 garbage-first heap   total 304128K, used 217501K [0x00000000c0000000, 0x0000000100000000)
  region size 1024K, 126 young (129024K), 7 survivors (7168K)
 Metaspace       used 48455K, committed 48960K, reserved 1114112K
  class space    used 5880K, committed 6144K, reserved 1048576K
}
Event: 5.181 GC heap after
{Heap after GC invocations=19 (full 0):
 garbage-first heap   total 304128K, used 101376K [0x00000000c0000000, 0x0000000100000000)
  region size 1024K, 11 young (11264K), 11 survivors (11264K)
 Metaspace       used 48455K, committed 48960K, reserved 1114112K
  class space    used 5880K, committed 6144K, reserved 1048576K
}
Event: 5.241 GC heap before
{Heap before GC invocations=20 (full 0):
 garbage-first heap   total 304128K, used 233472K [0x00000000c0000000, 0x0000000100000000)
  region size 1024K, 141 young (144384K), 11 survivors (11264K)
 Metaspace       used 49129K, committed 49536K, reserved 1114112K
  class space    used 5943K, committed 6144K, reserved 1048576K
}
Event: 5.248 GC heap after
{Heap after GC invocations=21 (full 0):
 garbage-first heap   total 304128K, used 107183K [0x00000000c0000000, 0x0000000100000000)
  region size 1024K, 11 young (11264K), 11 survivors (11264K)
 Metaspace       used 49129K, committed 49536K, reserved 1114112K
  class space    used 5943K, committed 6144K, reserved 1048576K
}
Event: 5.250 GC heap before
{Heap before GC invocations=21 (full 0):
 garbage-first heap   total 304128K, used 109231K [0x00000000c0000000, 0x0000000100000000)
  region size 1024K, 14 young (14336K), 11 survivors (11264K)
 Metaspace       used 49184K, committed 49600K, reserved 1114112K
  class space    used 5950K, committed 6144K, reserved 1048576K
}
Event: 5.255 GC heap after
{Heap after GC invocations=22 (full 0):
 garbage-first heap   total 304128K, used 107183K [0x00000000c0000000, 0x0000000100000000)
  region size 1024K, 2 young (2048K), 2 survivors (2048K)
 Metaspace       used 49184K, committed 49600K, reserved 1114112K
  class space    used 5950K, committed 6144K, reserved 1048576K
}
Event: 5.297 GC heap before
{Heap before GC invocations=22 (full 0):
 garbage-first heap   total 304128K, used 239279K [0x00000000c0000000, 0x0000000100000000)
  region size 1024K, 132 young (135168K), 2 survivors (2048K)
 Metaspace       used 49530K, committed 49984K, reserved 1114112K
  class space    used 5996K, committed 6208K, reserved 1048576K
}

