# JRE version: OpenJDK Runtime Environment Temurin-17.0.7+7 (17.0.7+7) (build 17.0.7+7)
# Java VM: OpenJDK 64-Bit Server VM Temurin-17.0.7+7 (17.0.7+7, mixed mode, emulated-client, tiered, compressed oops, compressed class ptrs, g1 gc, windows-amd64)
GC Precious Log:
 CPUs: 8 total, 8 available
 Memory: 8103M
 Large Page Support: Disabled
 NUMA Support: Disabled
 Compressed Oops: Enabled (32-bit)
 Heap Region Size: 1M
 Heap Min Capacity: 8M
 Heap Initial Capacity: 128M
 Heap Max Capacity: 1G
 Pre-touch: Disabled
 Parallel Workers: 8
 Concurrent Workers: 2
 Concurrent Refinement Workers: 8
 Periodic GC: Disabled
Heap:
 garbage-first heap   total 239616K, used 96641K [0x00000000c0000000, 0x0000000100000000)
  region size 1024K, 10 young (10240K), 10 survivors (10240K)
 Metaspace       used 45601K, committed 46016K, reserved 1114112K
  class space    used 5633K, committed 5824K, reserved 1048576K
GC Heap History (20 events):
Event: 2.772 GC heap after
{Heap after GC invocations=12 (full 0):
 garbage-first heap   total 73728K, used 35607K [0x00000000c0000000, 0x0000000100000000)
  region size 1024K, 4 young (4096K), 4 survivors (4096K)
 Metaspace       used 40690K, committed 41088K, reserved 1114112K
  class space    used 5125K, committed 5312K, reserved 1048576K
}
Event: 2.848 GC heap before
{Heap before GC invocations=12 (full 0):
 garbage-first heap   total 73728K, used 53015K [0x00000000c0000000, 0x0000000100000000)
  region size 1024K, 22 young (22528K), 4 survivors (4096K)
 Metaspace       used 41013K, committed 41472K, reserved 1114112K
  class space    used 5191K, committed 5440K, reserved 1048576K
}
Event: 2.854 GC heap after
{Heap after GC invocations=13 (full 0):
 garbage-first heap   total 105472K, used 39339K [0x00000000c0000000, 0x0000000100000000)
  region size 1024K, 3 young (3072K), 3 survivors (3072K)
 Metaspace       used 41013K, committed 41472K, reserved 1114112K
  class space    used 5191K, committed 5440K, reserved 1048576K
}
Event: 2.957 GC heap before
{Heap before GC invocations=13 (full 0):
 garbage-first heap   total 105472K, used 76203K [0x00000000c0000000, 0x0000000100000000)
  region size 1024K, 40 young (40960K), 3 survivors (3072K)
 Metaspace       used 41703K, committed 42112K, reserved 1114112K
  class space    used 5237K, committed 5440K, reserved 1048576K
}
Event: 2.966 GC heap after
{Heap after GC invocations=14 (full 0):
 garbage-first heap   total 105472K, used 45700K [0x00000000c0000000, 0x0000000100000000)
  region size 1024K, 5 young (5120K), 5 survivors (5120K)
 Metaspace       used 41703K, committed 42112K, reserved 1114112K
  class space    used 5237K, committed 5440K, reserved 1048576K
}
Event: 3.029 GC heap before
{Heap before GC invocations=14 (full 0):
 garbage-first heap   total 105472K, used 76420K [0x00000000c0000000, 0x0000000100000000)
  region size 1024K, 36 young (36864K), 5 survivors (5120K)
 Metaspace       used 42019K, committed 42496K, reserved 1114112K
  class space    used 5274K, committed 5504K, reserved 1048576K
}
Event: 3.043 GC heap after
{Heap after GC invocations=15 (full 0):
 garbage-first heap   total 105472K, used 55917K [0x00000000c0000000, 0x0000000100000000)
  region size 1024K, 5 young (5120K), 5 survivors (5120K)
 Metaspace       used 42019K, committed 42496K, reserved 1114112K
  class space    used 5274K, committed 5504K, reserved 1048576K
}
Event: 3.093 GC heap before
{Heap before GC invocations=15 (full 0):
 garbage-first heap   total 105472K, used 76397K [0x00000000c0000000, 0x0000000100000000)
  region size 1024K, 26 young (26624K), 5 survivors (5120K)
 Metaspace       used 42392K, committed 42816K, reserved 1114112K
  class space    used 5310K, committed 5504K, reserved 1048576K
}
Event: 3.102 GC heap after
{Heap after GC invocations=16 (full 0):
 garbage-first heap   total 105472K, used 60154K [0x00000000c0000000, 0x0000000100000000)
  region size 1024K, 4 young (4096K), 4 survivors (4096K)
 Metaspace       used 42392K, committed 42816K, reserved 1114112K
  class space    used 5310K, committed 5504K, reserved 1048576K
}
Event: 3.241 GC heap before
{Heap before GC invocations=17 (full 0):
 garbage-first heap   total 119808K, used 78586K [0x00000000c0000000, 0x0000000100000000)
  region size 1024K, 23 young (23552K), 4 survivors (4096K)
 Metaspace       used 43406K, committed 43904K, reserved 1114112K
  class space    used 5356K, committed 5568K, reserved 1048576K
}
Event: 3.248 GC heap after
{Heap after GC invocations=18 (full 0):
 garbage-first heap   total 119808K, used 62891K [0x00000000c0000000, 0x0000000100000000)
  region size 1024K, 3 young (3072K), 3 survivors (3072K)
 Metaspace       used 43406K, committed 43904K, reserved 1114112K
  class space    used 5356K, committed 5568K, reserved 1048576K
}
Event: 3.259 GC heap before
{Heap before GC invocations=18 (full 0):
 garbage-first heap   total 119808K, used 63915K [0x00000000c0000000, 0x0000000100000000)
  region size 1024K, 5 young (5120K), 3 survivors (3072K)
 Metaspace       used 43562K, committed 43968K, reserved 1114112K
  class space    used 5372K, committed 5568K, reserved 1048576K
}
Event: 3.264 GC heap after
{Heap after GC invocations=19 (full 0):
 garbage-first heap   total 239616K, used 64035K [0x00000000c0000000, 0x0000000100000000)
  region size 1024K, 1 young (1024K), 1 survivors (1024K)
 Metaspace       used 43562K, committed 43968K, reserved 1114112K
  class space    used 5372K, committed 5568K, reserved 1048576K
}
Event: 3.422 GC heap before
{Heap before GC invocations=19 (full 0):
 garbage-first heap   total 239616K, used 172579K [0x00000000c0000000, 0x0000000100000000)
  region size 1024K, 106 young (108544K), 1 survivors (1024K)
 Metaspace       used 45505K, committed 45952K, reserved 1114112K
  class space    used 5620K, committed 5824K, reserved 1048576K
}
Event: 3.448 GC heap after
{Heap after GC invocations=20 (full 0):
 garbage-first heap   total 239616K, used 86599K [0x00000000c0000000, 0x0000000100000000)
  region size 1024K, 14 young (14336K), 14 survivors (14336K)
 Metaspace       used 45505K, committed 45952K, reserved 1114112K
  class space    used 5620K, committed 5824K, reserved 1048576K
}
Event: 3.469 GC heap before
{Heap before GC invocations=20 (full 0):
 garbage-first heap   total 239616K, used 162375K [0x00000000c0000000, 0x0000000100000000)
  region size 1024K, 89 young (91136K), 14 survivors (14336K)
 Metaspace       used 45518K, committed 45952K, reserved 1114112K
  class space    used 5626K, committed 5824K, reserved 1048576K
}
Event: 3.476 GC heap after
{Heap after GC invocations=21 (full 0):
 garbage-first heap   total 239616K, used 91170K [0x00000000c0000000, 0x0000000100000000)
  region size 1024K, 5 young (5120K), 5 survivors (5120K)
 Metaspace       used 45518K, committed 45952K, reserved 1114112K
  class space    used 5626K, committed 5824K, reserved 1048576K
}
Event: 3.496 GC heap before
{Heap before GC invocations=21 (full 0):
 garbage-first heap   total 239616K, used 168994K [0x00000000c0000000, 0x0000000100000000)
  region size 1024K, 82 young (83968K), 5 survivors (5120K)
 Metaspace       used 45601K, committed 46016K, reserved 1114112K
  class space    used 5633K, committed 5824K, reserved 1048576K
}
Event: 3.499 GC heap after
{Heap after GC invocations=22 (full 0):
 garbage-first heap   total 239616K, used 92844K [0x00000000c0000000, 0x0000000100000000)
  region size 1024K, 7 young (7168K), 7 survivors (7168K)
 Metaspace       used 45601K, committed 46016K, reserved 1114112K
  class space    used 5633K, committed 5824K, reserved 1048576K
}
Event: 3.518 GC heap before
{Heap before GC invocations=22 (full 0):
 garbage-first heap   total 239616K, used 177836K [0x00000000c0000000, 0x0000000100000000)
  region size 1024K, 91 young (93184K), 7 survivors (7168K)
 Metaspace       used 45601K, committed 46016K, reserved 1114112K
  class space    used 5633K, committed 5824K, reserved 1048576K
}

