# JRE version: OpenJDK Runtime Environment Temurin-17.0.7+7 (17.0.7+7) (build 17.0.7+7)
# Java VM: OpenJDK 64-Bit Server VM Temurin-17.0.7+7 (17.0.7+7, mixed mode, emulated-client, tiered, compressed oops, compressed class ptrs, g1 gc, windows-amd64)
GC Precious Log:
 CPUs: 8 total, 8 available
 Memory: 8103M
 Large Page Support: Disabled
 NUMA Support: Disabled
 Compressed Oops: Enabled (32-bit)
 Heap Region Size: 1M
 Heap Min Capacity: 8M
 Heap Initial Capacity: 128M
 Heap Max Capacity: 1G
 Pre-touch: Disabled
 Parallel Workers: 8
 Concurrent Workers: 2
 Concurrent Refinement Workers: 8
 Periodic GC: Disabled
Heap:
 garbage-first heap   total 445440K, used 137938K [0x00000000c0000000, 0x0000000100000000)
  region size 1024K, 20 young (20480K), 20 survivors (20480K)
 Metaspace       used 49909K, committed 50432K, reserved 1114112K
  class space    used 6061K, committed 6336K, reserved 1048576K
GC Heap History (20 events):
Event: 3.582 GC heap after
{Heap after GC invocations=15 (full 0):
 garbage-first heap   total 139264K, used 55116K [0x00000000c0000000, 0x0000000100000000)
  region size 1024K, 8 young (8192K), 8 survivors (8192K)
 Metaspace       used 42484K, committed 42944K, reserved 1114112K
  class space    used 5325K, committed 5568K, reserved 1048576K
}
Event: 3.769 GC heap before
{Heap before GC invocations=15 (full 0):
 garbage-first heap   total 139264K, used 99148K [0x00000000c0000000, 0x0000000100000000)
  region size 1024K, 51 young (52224K), 8 survivors (8192K)
 Metaspace       used 45532K, committed 46016K, reserved 1114112K
  class space    used 5628K, committed 5888K, reserved 1048576K
}
Event: 3.784 GC heap after
{Heap after GC invocations=16 (full 0):
 garbage-first heap   total 139264K, used 64790K [0x00000000c0000000, 0x0000000100000000)
  region size 1024K, 7 young (7168K), 7 survivors (7168K)
 Metaspace       used 45532K, committed 46016K, reserved 1114112K
  class space    used 5628K, committed 5888K, reserved 1048576K
}
Event: 3.874 GC heap before
{Heap before GC invocations=16 (full 0):
 garbage-first heap   total 139264K, used 103702K [0x00000000c0000000, 0x0000000100000000)
  region size 1024K, 44 young (45056K), 7 survivors (7168K)
 Metaspace       used 46785K, committed 47232K, reserved 1114112K
  class space    used 5785K, committed 6016K, reserved 1048576K
}
Event: 3.888 GC heap after
{Heap after GC invocations=17 (full 0):
 garbage-first heap   total 235520K, used 83180K [0x00000000c0000000, 0x0000000100000000)
  region size 1024K, 6 young (6144K), 6 survivors (6144K)
 Metaspace       used 46785K, committed 47232K, reserved 1114112K
  class space    used 5785K, committed 6016K, reserved 1048576K
}
Event: 3.947 GC heap before
{Heap before GC invocations=17 (full 0):
 garbage-first heap   total 235520K, used 155884K [0x00000000c0000000, 0x0000000100000000)
  region size 1024K, 78 young (79872K), 6 survivors (6144K)
 Metaspace       used 47407K, committed 47872K, reserved 1114112K
  class space    used 5857K, committed 6080K, reserved 1048576K
}
Event: 3.966 GC heap after
{Heap after GC invocations=18 (full 0):
 garbage-first heap   total 235520K, used 93184K [0x00000000c0000000, 0x0000000100000000)
  region size 1024K, 9 young (9216K), 9 survivors (9216K)
 Metaspace       used 47407K, committed 47872K, reserved 1114112K
  class space    used 5857K, committed 6080K, reserved 1048576K
}
Event: 4.007 GC heap before
{Heap before GC invocations=18 (full 0):
 garbage-first heap   total 235520K, used 161792K [0x00000000c0000000, 0x0000000100000000)
  region size 1024K, 77 young (78848K), 9 survivors (9216K)
 Metaspace       used 47584K, committed 48064K, reserved 1114112K
  class space    used 5875K, committed 6080K, reserved 1048576K
}
Event: 4.021 GC heap after
{Heap after GC invocations=19 (full 0):
 garbage-first heap   total 235520K, used 96952K [0x00000000c0000000, 0x0000000100000000)
  region size 1024K, 4 young (4096K), 4 survivors (4096K)
 Metaspace       used 47584K, committed 48064K, reserved 1114112K
  class space    used 5875K, committed 6080K, reserved 1048576K
}
Event: 4.045 GC heap before
{Heap before GC invocations=19 (full 0):
 garbage-first heap   total 235520K, used 166584K [0x00000000c0000000, 0x0000000100000000)
  region size 1024K, 73 young (74752K), 4 survivors (4096K)
 Metaspace       used 47974K, committed 48448K, reserved 1114112K
  class space    used 5897K, committed 6144K, reserved 1048576K
}
Event: 4.048 GC heap after
{Heap after GC invocations=20 (full 0):
 garbage-first heap   total 235520K, used 99052K [0x00000000c0000000, 0x0000000100000000)
  region size 1024K, 6 young (6144K), 6 survivors (6144K)
 Metaspace       used 47974K, committed 48448K, reserved 1114112K
  class space    used 5897K, committed 6144K, reserved 1048576K
}
Event: 4.073 GC heap before
{Heap before GC invocations=20 (full 0):
 garbage-first heap   total 235520K, used 171756K [0x00000000c0000000, 0x0000000100000000)
  region size 1024K, 78 young (79872K), 6 survivors (6144K)
 Metaspace       used 48175K, committed 48640K, reserved 1114112K
  class space    used 5916K, committed 6144K, reserved 1048576K
}
Event: 4.081 GC heap after
{Heap after GC invocations=21 (full 0):
 garbage-first heap   total 445440K, used 103003K [0x00000000c0000000, 0x0000000100000000)
  region size 1024K, 7 young (7168K), 7 survivors (7168K)
 Metaspace       used 48175K, committed 48640K, reserved 1114112K
  class space    used 5916K, committed 6144K, reserved 1048576K
}
Event: 4.156 GC heap before
{Heap before GC invocations=21 (full 0):
 garbage-first heap   total 445440K, used 281179K [0x00000000c0000000, 0x0000000100000000)
  region size 1024K, 182 young (186368K), 7 survivors (7168K)
 Metaspace       used 48440K, committed 48896K, reserved 1114112K
  class space    used 5947K, committed 6144K, reserved 1048576K
}
Event: 4.163 GC heap after
{Heap after GC invocations=22 (full 0):
 garbage-first heap   total 445440K, used 109557K [0x00000000c0000000, 0x0000000100000000)
  region size 1024K, 13 young (13312K), 13 survivors (13312K)
 Metaspace       used 48440K, committed 48896K, reserved 1114112K
  class space    used 5947K, committed 6144K, reserved 1048576K
}
Event: 4.240 GC heap before
{Heap before GC invocations=22 (full 0):
 garbage-first heap   total 445440K, used 343029K [0x00000000c0000000, 0x0000000100000000)
  region size 1024K, 242 young (247808K), 13 survivors (13312K)
 Metaspace       used 49048K, committed 49536K, reserved 1114112K
  class space    used 5976K, committed 6208K, reserved 1048576K
}
Event: 4.250 GC heap after
{Heap after GC invocations=23 (full 0):
 garbage-first heap   total 445440K, used 118773K [0x00000000c0000000, 0x0000000100000000)
  region size 1024K, 22 young (22528K), 22 survivors (22528K)
 Metaspace       used 49048K, committed 49536K, reserved 1114112K
  class space    used 5976K, committed 6208K, reserved 1048576K
}
Event: 4.326 GC heap before
{Heap before GC invocations=23 (full 0):
 garbage-first heap   total 445440K, used 353269K [0x00000000c0000000, 0x0000000100000000)
  region size 1024K, 252 young (258048K), 22 survivors (22528K)
 Metaspace       used 49349K, committed 49792K, reserved 1114112K
  class space    used 5991K, committed 6208K, reserved 1048576K
}
Event: 4.337 GC heap after
{Heap after GC invocations=24 (full 0):
 garbage-first heap   total 445440K, used 129101K [0x00000000c0000000, 0x0000000100000000)
  region size 1024K, 27 young (27648K), 27 survivors (27648K)
 Metaspace       used 49349K, committed 49792K, reserved 1114112K
  class space    used 5991K, committed 6208K, reserved 1048576K
}
Event: 4.426 GC heap before
{Heap before GC invocations=24 (full 0):
 garbage-first heap   total 445440K, used 358477K [0x00000000c0000000, 0x0000000100000000)
  region size 1024K, 252 young (258048K), 27 survivors (27648K)
 Metaspace       used 49909K, committed 50432K, reserved 1114112K
  class space    used 6061K, committed 6336K, reserved 1048576K
}

