# JRE version: OpenJDK Runtime Environment Temurin-17.0.7+7 (17.0.7+7) (build 17.0.7+7)
# Java VM: OpenJDK 64-Bit Server VM Temurin-17.0.7+7 (17.0.7+7, mixed mode, emulated-client, tiered, compressed oops, compressed class ptrs, g1 gc, windows-amd64)
GC Precious Log:
 CPUs: 8 total, 8 available
 Memory: 8103M
 Large Page Support: Disabled
 NUMA Support: Disabled
 Compressed Oops: Enabled (32-bit)
 Heap Region Size: 1M
 Heap Min Capacity: 8M
 Heap Initial Capacity: 128M
 Heap Max Capacity: 1G
 Pre-touch: Disabled
 Parallel Workers: 8
 Concurrent Workers: 2
 Concurrent Refinement Workers: 8
 Periodic GC: Disabled
Heap:
 garbage-first heap   total 153600K, used 88632K [0x00000000c0000000, 0x0000000100000000)
  region size 1024K, 1 young (1024K), 1 survivors (1024K)
 Metaspace       used 48254K, committed 48768K, reserved 1114112K
  class space    used 5926K, committed 6144K, reserved 1048576K
GC Heap History (20 events):
Event: 7.517 GC heap after
{Heap after GC invocations=12 (full 0):
 garbage-first heap   total 70656K, used 34006K [0x00000000c0000000, 0x0000000100000000)
  region size 1024K, 3 young (3072K), 3 survivors (3072K)
 Metaspace       used 40554K, committed 40960K, reserved 1114112K
  class space    used 5099K, committed 5248K, reserved 1048576K
}
Event: 7.625 GC heap before
{Heap before GC invocations=12 (full 0):
 garbage-first heap   total 70656K, used 51414K [0x00000000c0000000, 0x0000000100000000)
  region size 1024K, 21 young (21504K), 3 survivors (3072K)
 Metaspace       used 40819K, committed 41280K, reserved 1114112K
  class space    used 5149K, committed 5376K, reserved 1048576K
}
Event: 7.631 GC heap after
{Heap after GC invocations=13 (full 0):
 garbage-first heap   total 70656K, used 37888K [0x00000000c0000000, 0x0000000100000000)
  region size 1024K, 3 young (3072K), 3 survivors (3072K)
 Metaspace       used 40819K, committed 41280K, reserved 1114112K
  class space    used 5149K, committed 5376K, reserved 1048576K
}
Event: 7.707 GC heap before
{Heap before GC invocations=13 (full 0):
 garbage-first heap   total 70656K, used 52223K [0x00000000c0000000, 0x0000000100000000)
  region size 1024K, 18 young (18432K), 3 survivors (3072K)
 Metaspace       used 41390K, committed 41856K, reserved 1114112K
  class space    used 5224K, committed 5440K, reserved 1048576K
}
Event: 7.712 GC heap after
{Heap after GC invocations=14 (full 0):
 garbage-first heap   total 70656K, used 40642K [0x00000000c0000000, 0x0000000100000000)
  region size 1024K, 3 young (3072K), 3 survivors (3072K)
 Metaspace       used 41390K, committed 41856K, reserved 1114112K
  class space    used 5224K, committed 5440K, reserved 1048576K
}
Event: 7.805 GC heap before
{Heap before GC invocations=15 (full 0):
 garbage-first heap   total 81920K, used 53954K [0x00000000c0000000, 0x0000000100000000)
  region size 1024K, 17 young (17408K), 3 survivors (3072K)
 Metaspace       used 41670K, committed 42112K, reserved 1114112K
  class space    used 5244K, committed 5440K, reserved 1048576K
}
Event: 7.809 GC heap after
{Heap after GC invocations=16 (full 0):
 garbage-first heap   total 81920K, used 42712K [0x00000000c0000000, 0x0000000100000000)
  region size 1024K, 3 young (3072K), 3 survivors (3072K)
 Metaspace       used 41670K, committed 42112K, reserved 1114112K
  class space    used 5244K, committed 5440K, reserved 1048576K
}
Event: 7.891 GC heap before
{Heap before GC invocations=16 (full 0):
 garbage-first heap   total 81920K, used 61144K [0x00000000c0000000, 0x0000000100000000)
  region size 1024K, 22 young (22528K), 3 survivors (3072K)
 Metaspace       used 42046K, committed 42496K, reserved 1114112K
  class space    used 5280K, committed 5504K, reserved 1048576K
}
Event: 7.896 GC heap after
{Heap after GC invocations=17 (full 0):
 garbage-first heap   total 138240K, used 45698K [0x00000000c0000000, 0x0000000100000000)
  region size 1024K, 3 young (3072K), 3 survivors (3072K)
 Metaspace       used 42046K, committed 42496K, reserved 1114112K
  class space    used 5280K, committed 5504K, reserved 1048576K
}
Event: 8.151 GC heap before
{Heap before GC invocations=18 (full 0):
 garbage-first heap   total 138240K, used 99970K [0x00000000c0000000, 0x0000000100000000)
  region size 1024K, 57 young (58368K), 3 survivors (3072K)
 Metaspace       used 43402K, committed 43840K, reserved 1114112K
  class space    used 5380K, committed 5568K, reserved 1048576K
}
Event: 8.170 GC heap after
{Heap after GC invocations=19 (full 0):
 garbage-first heap   total 138240K, used 59939K [0x00000000c0000000, 0x0000000100000000)
  region size 1024K, 8 young (8192K), 8 survivors (8192K)
 Metaspace       used 43402K, committed 43840K, reserved 1114112K
  class space    used 5380K, committed 5568K, reserved 1048576K
}
Event: 8.179 GC heap before
{Heap before GC invocations=19 (full 0):
 garbage-first heap   total 138240K, used 60963K [0x00000000c0000000, 0x0000000100000000)
  region size 1024K, 9 young (9216K), 8 survivors (8192K)
 Metaspace       used 43511K, committed 43968K, reserved 1114112K
  class space    used 5390K, committed 5568K, reserved 1048576K
}
Event: 8.186 GC heap after
{Heap after GC invocations=20 (full 0):
 garbage-first heap   total 138240K, used 61354K [0x00000000c0000000, 0x0000000100000000)
  region size 1024K, 2 young (2048K), 2 survivors (2048K)
 Metaspace       used 43511K, committed 43968K, reserved 1114112K
  class space    used 5390K, committed 5568K, reserved 1048576K
}
Event: 8.447 GC heap before
{Heap before GC invocations=20 (full 0):
 garbage-first heap   total 138240K, used 96170K [0x00000000c0000000, 0x0000000100000000)
  region size 1024K, 36 young (36864K), 2 survivors (2048K)
 Metaspace       used 46021K, committed 46464K, reserved 1114112K
  class space    used 5691K, committed 5888K, reserved 1048576K
}
Event: 8.454 GC heap after
{Heap after GC invocations=21 (full 0):
 garbage-first heap   total 138240K, used 67463K [0x00000000c0000000, 0x0000000100000000)
  region size 1024K, 5 young (5120K), 5 survivors (5120K)
 Metaspace       used 46021K, committed 46464K, reserved 1114112K
  class space    used 5691K, committed 5888K, reserved 1048576K
}
Event: 8.491 GC heap before
{Heap before GC invocations=21 (full 0):
 garbage-first heap   total 138240K, used 72583K [0x00000000c0000000, 0x0000000100000000)
  region size 1024K, 12 young (12288K), 5 survivors (5120K)
 Metaspace       used 46225K, committed 46720K, reserved 1114112K
  class space    used 5732K, committed 5952K, reserved 1048576K
}
Event: 8.498 GC heap after
{Heap after GC invocations=22 (full 0):
 garbage-first heap   total 138240K, used 71450K [0x00000000c0000000, 0x0000000100000000)
  region size 1024K, 5 young (5120K), 5 survivors (5120K)
 Metaspace       used 46225K, committed 46720K, reserved 1114112K
  class space    used 5732K, committed 5952K, reserved 1048576K
}
Event: 8.770 GC heap before
{Heap before GC invocations=23 (full 0):
 garbage-first heap   total 153600K, used 101146K [0x00000000c0000000, 0x0000000100000000)
  region size 1024K, 34 young (34816K), 5 survivors (5120K)
 Metaspace       used 48233K, committed 48704K, reserved 1114112K
  class space    used 5924K, committed 6144K, reserved 1048576K
}
Event: 8.812 GC heap after
{Heap after GC invocations=24 (full 0):
 garbage-first heap   total 153600K, used 88376K [0x00000000c0000000, 0x0000000100000000)
  region size 1024K, 5 young (5120K), 5 survivors (5120K)
 Metaspace       used 48233K, committed 48704K, reserved 1114112K
  class space    used 5924K, committed 6144K, reserved 1048576K
}
Event: 8.840 GC heap before
{Heap before GC invocations=24 (full 0):
 garbage-first heap   total 153600K, used 89400K [0x00000000c0000000, 0x0000000100000000)
  region size 1024K, 7 young (7168K), 5 survivors (5120K)
 Metaspace       used 48254K, committed 48768K, reserved 1114112K
  class space    used 5926K, committed 6144K, reserved 1048576K
}

