# JRE version: OpenJDK Runtime Environment Temurin-17.0.7+7 (17.0.7+7) (build 17.0.7+7)
# Java VM: OpenJDK 64-Bit Server VM Temurin-17.0.7+7 (17.0.7+7, mixed mode, emulated-client, tiered, compressed oops, compressed class ptrs, g1 gc, windows-amd64)
GC Precious Log:
 CPUs: 8 total, 8 available
 Memory: 8103M
 Large Page Support: Disabled
 NUMA Support: Disabled
 Compressed Oops: Enabled (32-bit)
 Heap Region Size: 1M
 Heap Min Capacity: 8M
 Heap Initial Capacity: 128M
 Heap Max Capacity: 1G
 Pre-touch: Disabled
 Parallel Workers: 8
 Concurrent Workers: 2
 Concurrent Refinement Workers: 8
 Periodic GC: Disabled
Heap:
 garbage-first heap   total 150528K, used 51222K [0x00000000c0000000, 0x0000000100000000)
  region size 1024K, 1 young (1024K), 0 survivors (0K)
 Metaspace       used 68740K, committed 69248K, reserved 1114112K
  class space    used 9009K, committed 9216K, reserved 1048576K
GC Heap History (20 events):
Event: 28977.888 GC heap before
{Heap before GC invocations=1195 (full 1084):
 garbage-first heap   total 150528K, used 51222K [0x00000000c0000000, 0x0000000100000000)
  region size 1024K, 1 young (1024K), 0 survivors (0K)
 Metaspace       used 68740K, committed 69248K, reserved 1114112K
  class space    used 9009K, committed 9216K, reserved 1048576K
}
Event: 28977.930 GC heap after
{Heap after GC invocations=1196 (full 1085):
 garbage-first heap   total 150528K, used 51222K [0x00000000c0000000, 0x0000000100000000)
  region size 1024K, 0 young (0K), 0 survivors (0K)
 Metaspace       used 68740K, committed 69248K, reserved 1114112K
  class space    used 9009K, committed 9216K, reserved 1048576K
}
Event: 28988.038 GC heap before
{Heap before GC invocations=1196 (full 1085):
 garbage-first heap   total 150528K, used 51222K [0x00000000c0000000, 0x0000000100000000)
  region size 1024K, 1 young (1024K), 0 survivors (0K)
 Metaspace       used 68740K, committed 69248K, reserved 1114112K
  class space    used 9009K, committed 9216K, reserved 1048576K
}
Event: 28988.080 GC heap after
{Heap after GC invocations=1197 (full 1086):
 garbage-first heap   total 150528K, used 51222K [0x00000000c0000000, 0x0000000100000000)
  region size 1024K, 0 young (0K), 0 survivors (0K)
 Metaspace       used 68740K, committed 69248K, reserved 1114112K
  class space    used 9009K, committed 9216K, reserved 1048576K
}
Event: 28998.188 GC heap before
{Heap before GC invocations=1197 (full 1086):
 garbage-first heap   total 150528K, used 51222K [0x00000000c0000000, 0x0000000100000000)
  region size 1024K, 1 young (1024K), 0 survivors (0K)
 Metaspace       used 68740K, committed 69248K, reserved 1114112K
  class space    used 9009K, committed 9216K, reserved 1048576K
}
Event: 28998.232 GC heap after
{Heap after GC invocations=1198 (full 1087):
 garbage-first heap   total 150528K, used 51222K [0x00000000c0000000, 0x0000000100000000)
  region size 1024K, 0 young (0K), 0 survivors (0K)
 Metaspace       used 68740K, committed 69248K, reserved 1114112K
  class space    used 9009K, committed 9216K, reserved 1048576K
}
Event: 29008.422 GC heap before
{Heap before GC invocations=1198 (full 1087):
 garbage-first heap   total 150528K, used 51222K [0x00000000c0000000, 0x0000000100000000)
  region size 1024K, 1 young (1024K), 0 survivors (0K)
 Metaspace       used 68740K, committed 69248K, reserved 1114112K
  class space    used 9009K, committed 9216K, reserved 1048576K
}
Event: 29008.463 GC heap after
{Heap after GC invocations=1199 (full 1088):
 garbage-first heap   total 150528K, used 51222K [0x00000000c0000000, 0x0000000100000000)
  region size 1024K, 0 young (0K), 0 survivors (0K)
 Metaspace       used 68740K, committed 69248K, reserved 1114112K
  class space    used 9009K, committed 9216K, reserved 1048576K
}
Event: 29018.710 GC heap before
{Heap before GC invocations=1199 (full 1088):
 garbage-first heap   total 150528K, used 51222K [0x00000000c0000000, 0x0000000100000000)
  region size 1024K, 1 young (1024K), 0 survivors (0K)
 Metaspace       used 68740K, committed 69248K, reserved 1114112K
  class space    used 9009K, committed 9216K, reserved 1048576K
}
Event: 29018.762 GC heap after
{Heap after GC invocations=1200 (full 1089):
 garbage-first heap   total 150528K, used 51222K [0x00000000c0000000, 0x0000000100000000)
  region size 1024K, 0 young (0K), 0 survivors (0K)
 Metaspace       used 68740K, committed 69248K, reserved 1114112K
  class space    used 9009K, committed 9216K, reserved 1048576K
}
Event: 29028.967 GC heap before
{Heap before GC invocations=1200 (full 1089):
 garbage-first heap   total 150528K, used 51222K [0x00000000c0000000, 0x0000000100000000)
  region size 1024K, 1 young (1024K), 0 survivors (0K)
 Metaspace       used 68740K, committed 69248K, reserved 1114112K
  class space    used 9009K, committed 9216K, reserved 1048576K
}
Event: 29029.038 GC heap after
{Heap after GC invocations=1201 (full 1090):
 garbage-first heap   total 150528K, used 51222K [0x00000000c0000000, 0x0000000100000000)
  region size 1024K, 0 young (0K), 0 survivors (0K)
 Metaspace       used 68740K, committed 69248K, reserved 1114112K
  class space    used 9009K, committed 9216K, reserved 1048576K
}
Event: 29039.250 GC heap before
{Heap before GC invocations=1201 (full 1090):
 garbage-first heap   total 150528K, used 51222K [0x00000000c0000000, 0x0000000100000000)
  region size 1024K, 1 young (1024K), 0 survivors (0K)
 Metaspace       used 68740K, committed 69248K, reserved 1114112K
  class space    used 9009K, committed 9216K, reserved 1048576K
}
Event: 29039.298 GC heap after
{Heap after GC invocations=1202 (full 1091):
 garbage-first heap   total 150528K, used 51222K [0x00000000c0000000, 0x0000000100000000)
  region size 1024K, 0 young (0K), 0 survivors (0K)
 Metaspace       used 68740K, committed 69248K, reserved 1114112K
  class space    used 9009K, committed 9216K, reserved 1048576K
}
Event: 29049.495 GC heap before
{Heap before GC invocations=1202 (full 1091):
 garbage-first heap   total 150528K, used 51222K [0x00000000c0000000, 0x0000000100000000)
  region size 1024K, 1 young (1024K), 0 survivors (0K)
 Metaspace       used 68740K, committed 69248K, reserved 1114112K
  class space    used 9009K, committed 9216K, reserved 1048576K
}
Event: 29049.541 GC heap after
{Heap after GC invocations=1203 (full 1092):
 garbage-first heap   total 150528K, used 51222K [0x00000000c0000000, 0x0000000100000000)
  region size 1024K, 0 young (0K), 0 survivors (0K)
 Metaspace       used 68740K, committed 69248K, reserved 1114112K
  class space    used 9009K, committed 9216K, reserved 1048576K
}
Event: 29059.779 GC heap before
{Heap before GC invocations=1203 (full 1092):
 garbage-first heap   total 150528K, used 51222K [0x00000000c0000000, 0x0000000100000000)
  region size 1024K, 1 young (1024K), 0 survivors (0K)
 Metaspace       used 68740K, committed 69248K, reserved 1114112K
  class space    used 9009K, committed 9216K, reserved 1048576K
}
Event: 29059.847 GC heap after
{Heap after GC invocations=1204 (full 1093):
 garbage-first heap   total 150528K, used 51222K [0x00000000c0000000, 0x0000000100000000)
  region size 1024K, 0 young (0K), 0 survivors (0K)
 Metaspace       used 68740K, committed 69248K, reserved 1114112K
  class space    used 9009K, committed 9216K, reserved 1048576K
}
Event: 29070.055 GC heap before
{Heap before GC invocations=1204 (full 1093):
 garbage-first heap   total 150528K, used 51222K [0x00000000c0000000, 0x0000000100000000)
  region size 1024K, 1 young (1024K), 0 survivors (0K)
 Metaspace       used 68740K, committed 69248K, reserved 1114112K
  class space    used 9009K, committed 9216K, reserved 1048576K
}
Event: 29070.112 GC heap after
{Heap after GC invocations=1205 (full 1094):
 garbage-first heap   total 150528K, used 51222K [0x00000000c0000000, 0x0000000100000000)
  region size 1024K, 0 young (0K), 0 survivors (0K)
 Metaspace       used 68740K, committed 69248K, reserved 1114112K
  class space    used 9009K, committed 9216K, reserved 1048576K
}

