# JRE version: OpenJDK Runtime Environment Temurin-17.0.7+7 (17.0.7+7) (build 17.0.7+7)
# Java VM: OpenJDK 64-Bit Server VM Temurin-17.0.7+7 (17.0.7+7, mixed mode, emulated-client, tiered, compressed oops, compressed class ptrs, g1 gc, windows-amd64)
GC Precious Log:
 CPUs: 8 total, 8 available
 Memory: 8103M
 Large Page Support: Disabled
 NUMA Support: Disabled
 Compressed Oops: Enabled (32-bit)
 Heap Region Size: 1M
 Heap Min Capacity: 8M
 Heap Initial Capacity: 128M
 Heap Max Capacity: 1G
 Pre-touch: Disabled
 Parallel Workers: 8
 Concurrent Workers: 2
 Concurrent Refinement Workers: 8
 Periodic GC: Disabled
Heap:
 garbage-first heap   total 241664K, used 102669K [0x00000000c0000000, 0x0000000100000000)
  region size 1024K, 8 young (8192K), 8 survivors (8192K)
 Metaspace       used 45559K, committed 46016K, reserved 1114112K
  class space    used 5544K, committed 5760K, reserved 1048576K
GC Heap History (20 events):
Event: 2.553 GC heap after
{Heap after GC invocations=12 (full 0):
 garbage-first heap   total 75776K, used 31238K [0x00000000c0000000, 0x0000000100000000)
  region size 1024K, 5 young (5120K), 5 survivors (5120K)
 Metaspace       used 40464K, committed 40832K, reserved 1114112K
  class space    used 5088K, committed 5248K, reserved 1048576K
}
Event: 2.604 GC heap before
{Heap before GC invocations=12 (full 0):
 garbage-first heap   total 75776K, used 53766K [0x00000000c0000000, 0x0000000100000000)
  region size 1024K, 28 young (28672K), 5 survivors (5120K)
 Metaspace       used 40921K, committed 41344K, reserved 1114112K
  class space    used 5167K, committed 5312K, reserved 1048576K
}
Event: 2.610 GC heap after
{Heap after GC invocations=13 (full 0):
 garbage-first heap   total 75776K, used 36000K [0x00000000c0000000, 0x0000000100000000)
  region size 1024K, 4 young (4096K), 4 survivors (4096K)
 Metaspace       used 40921K, committed 41344K, reserved 1114112K
  class space    used 5167K, committed 5312K, reserved 1048576K
}
Event: 2.660 GC heap before
{Heap before GC invocations=13 (full 0):
 garbage-first heap   total 75776K, used 55456K [0x00000000c0000000, 0x0000000100000000)
  region size 1024K, 24 young (24576K), 4 survivors (4096K)
 Metaspace       used 41537K, committed 41984K, reserved 1114112K
  class space    used 5236K, committed 5440K, reserved 1048576K
}
Event: 2.664 GC heap after
{Heap after GC invocations=14 (full 0):
 garbage-first heap   total 120832K, used 39731K [0x00000000c0000000, 0x0000000100000000)
  region size 1024K, 3 young (3072K), 3 survivors (3072K)
 Metaspace       used 41537K, committed 41984K, reserved 1114112K
  class space    used 5236K, committed 5440K, reserved 1048576K
}
Event: 2.741 GC heap before
{Heap before GC invocations=14 (full 0):
 garbage-first heap   total 120832K, used 85811K [0x00000000c0000000, 0x0000000100000000)
  region size 1024K, 49 young (50176K), 3 survivors (3072K)
 Metaspace       used 42505K, committed 42880K, reserved 1114112K
  class space    used 5323K, committed 5504K, reserved 1048576K
}
Event: 2.749 GC heap after
{Heap after GC invocations=15 (full 0):
 garbage-first heap   total 120832K, used 50401K [0x00000000c0000000, 0x0000000100000000)
  region size 1024K, 7 young (7168K), 7 survivors (7168K)
 Metaspace       used 42505K, committed 42880K, reserved 1114112K
  class space    used 5323K, committed 5504K, reserved 1048576K
}
Event: 2.797 GC heap before
{Heap before GC invocations=15 (full 0):
 garbage-first heap   total 120832K, used 87265K [0x00000000c0000000, 0x0000000100000000)
  region size 1024K, 44 young (45056K), 7 survivors (7168K)
 Metaspace       used 43331K, committed 43776K, reserved 1114112K
  class space    used 5361K, committed 5568K, reserved 1048576K
}
Event: 2.805 GC heap after
{Heap after GC invocations=16 (full 0):
 garbage-first heap   total 120832K, used 58508K [0x00000000c0000000, 0x0000000100000000)
  region size 1024K, 6 young (6144K), 6 survivors (6144K)
 Metaspace       used 43331K, committed 43776K, reserved 1114112K
  class space    used 5361K, committed 5568K, reserved 1048576K
}
Event: 2.908 GC heap before
{Heap before GC invocations=16 (full 0):
 garbage-first heap   total 120832K, used 90252K [0x00000000c0000000, 0x0000000100000000)
  region size 1024K, 37 young (37888K), 6 survivors (6144K)
 Metaspace       used 44243K, committed 44672K, reserved 1114112K
  class space    used 5465K, committed 5632K, reserved 1048576K
}
Event: 2.918 GC heap after
{Heap after GC invocations=17 (full 0):
 garbage-first heap   total 120832K, used 68167K [0x00000000c0000000, 0x0000000100000000)
  region size 1024K, 5 young (5120K), 5 survivors (5120K)
 Metaspace       used 44243K, committed 44672K, reserved 1114112K
  class space    used 5465K, committed 5632K, reserved 1048576K
}
Event: 2.937 GC heap before
{Heap before GC invocations=17 (full 0):
 garbage-first heap   total 120832K, used 76359K [0x00000000c0000000, 0x0000000100000000)
  region size 1024K, 14 young (14336K), 5 survivors (5120K)
 Metaspace       used 44360K, committed 44800K, reserved 1114112K
  class space    used 5473K, committed 5632K, reserved 1048576K
}
Event: 2.943 GC heap after
{Heap after GC invocations=18 (full 0):
 garbage-first heap   total 241664K, used 72488K [0x00000000c0000000, 0x0000000100000000)
  region size 1024K, 4 young (4096K), 4 survivors (4096K)
 Metaspace       used 44360K, committed 44800K, reserved 1114112K
  class space    used 5473K, committed 5632K, reserved 1048576K
}
Event: 3.025 GC heap before
{Heap before GC invocations=18 (full 0):
 garbage-first heap   total 241664K, used 151336K [0x00000000c0000000, 0x0000000100000000)
  region size 1024K, 78 young (79872K), 4 survivors (4096K)
 Metaspace       used 45353K, committed 45824K, reserved 1114112K
  class space    used 5522K, committed 5696K, reserved 1048576K
}
Event: 3.051 GC heap after
{Heap after GC invocations=19 (full 0):
 garbage-first heap   total 241664K, used 94198K [0x00000000c0000000, 0x0000000100000000)
  region size 1024K, 10 young (10240K), 10 survivors (10240K)
 Metaspace       used 45353K, committed 45824K, reserved 1114112K
  class space    used 5522K, committed 5696K, reserved 1048576K
}
Event: 3.075 GC heap before
{Heap before GC invocations=19 (full 0):
 garbage-first heap   total 241664K, used 154614K [0x00000000c0000000, 0x0000000100000000)
  region size 1024K, 70 young (71680K), 10 survivors (10240K)
 Metaspace       used 45420K, committed 45824K, reserved 1114112K
  class space    used 5527K, committed 5696K, reserved 1048576K
}
Event: 3.079 GC heap after
{Heap after GC invocations=20 (full 0):
 garbage-first heap   total 241664K, used 97635K [0x00000000c0000000, 0x0000000100000000)
  region size 1024K, 3 young (3072K), 3 survivors (3072K)
 Metaspace       used 45420K, committed 45824K, reserved 1114112K
  class space    used 5527K, committed 5696K, reserved 1048576K
}
Event: 3.098 GC heap before
{Heap before GC invocations=20 (full 0):
 garbage-first heap   total 241664K, used 161123K [0x00000000c0000000, 0x0000000100000000)
  region size 1024K, 66 young (67584K), 3 survivors (3072K)
 Metaspace       used 45467K, committed 45888K, reserved 1114112K
  class space    used 5538K, committed 5696K, reserved 1048576K
}
Event: 3.100 GC heap after
{Heap after GC invocations=21 (full 0):
 garbage-first heap   total 241664K, used 100039K [0x00000000c0000000, 0x0000000100000000)
  region size 1024K, 6 young (6144K), 6 survivors (6144K)
 Metaspace       used 45467K, committed 45888K, reserved 1114112K
  class space    used 5538K, committed 5696K, reserved 1048576K
}
Event: 3.118 GC heap before
{Heap before GC invocations=21 (full 0):
 garbage-first heap   total 241664K, used 168647K [0x00000000c0000000, 0x0000000100000000)
  region size 1024K, 74 young (75776K), 6 survivors (6144K)
 Metaspace       used 45559K, committed 46016K, reserved 1114112K
  class space    used 5544K, committed 5760K, reserved 1048576K
}

