# JRE version: OpenJDK Runtime Environment Temurin-17.0.7+7 (17.0.7+7) (build 17.0.7+7)
# Java VM: OpenJDK 64-Bit Server VM Temurin-17.0.7+7 (17.0.7+7, mixed mode, emulated-client, tiered, compressed oops, compressed class ptrs, g1 gc, windows-amd64)
GC Precious Log:
 CPUs: 8 total, 8 available
 Memory: 8103M
 Large Page Support: Disabled
 NUMA Support: Disabled
 Compressed Oops: Enabled (32-bit)
 Heap Region Size: 1M
 Heap Min Capacity: 8M
 Heap Initial Capacity: 128M
 Heap Max Capacity: 1G
 Pre-touch: Disabled
 Parallel Workers: 8
 Concurrent Workers: 2
 Concurrent Refinement Workers: 8
 Periodic GC: Disabled
Heap:
 garbage-first heap   total 216064K, used 93661K [0x00000000c0000000, 0x0000000100000000)
  region size 1024K, 6 young (6144K), 6 survivors (6144K)
 Metaspace       used 45884K, committed 46400K, reserved 1114112K
  class space    used 5648K, committed 5888K, reserved 1048576K
GC Heap History (20 events):
Event: 10.803 GC heap after
{Heap after GC invocations=16 (full 0):
 garbage-first heap   total 101376K, used 47164K [0x00000000c0000000, 0x0000000100000000)
  region size 1024K, 5 young (5120K), 5 survivors (5120K)
 Metaspace       used 41423K, committed 41792K, reserved 1114112K
  class space    used 5189K, committed 5376K, reserved 1048576K
}
Event: 10.813 GC heap before
{Heap before GC invocations=16 (full 0):
 garbage-first heap   total 101376K, used 48188K [0x00000000c0000000, 0x0000000100000000)
  region size 1024K, 6 young (6144K), 5 survivors (5120K)
 Metaspace       used 41443K, committed 41856K, reserved 1114112K
  class space    used 5192K, committed 5376K, reserved 1048576K
}
Event: 10.820 GC heap after
{Heap after GC invocations=17 (full 0):
 garbage-first heap   total 101376K, used 47831K [0x00000000c0000000, 0x0000000100000000)
  region size 1024K, 1 young (1024K), 1 survivors (1024K)
 Metaspace       used 41443K, committed 41856K, reserved 1114112K
  class space    used 5192K, committed 5376K, reserved 1048576K
}
Event: 10.910 GC heap before
{Heap before GC invocations=17 (full 0):
 garbage-first heap   total 101376K, used 75479K [0x00000000c0000000, 0x0000000100000000)
  region size 1024K, 28 young (28672K), 1 survivors (1024K)
 Metaspace       used 41735K, committed 42176K, reserved 1114112K
  class space    used 5227K, committed 5440K, reserved 1048576K
}
Event: 10.919 GC heap after
{Heap after GC invocations=18 (full 0):
 garbage-first heap   total 101376K, used 56548K [0x00000000c0000000, 0x0000000100000000)
  region size 1024K, 4 young (4096K), 4 survivors (4096K)
 Metaspace       used 41735K, committed 42176K, reserved 1114112K
  class space    used 5227K, committed 5440K, reserved 1048576K
}
Event: 11.341 GC heap before
{Heap before GC invocations=19 (full 0):
 garbage-first heap   total 106496K, used 74980K [0x00000000c0000000, 0x0000000100000000)
  region size 1024K, 23 young (23552K), 4 survivors (4096K)
 Metaspace       used 42555K, committed 42944K, reserved 1114112K
  class space    used 5326K, committed 5504K, reserved 1048576K
}
Event: 11.352 GC heap after
{Heap after GC invocations=20 (full 0):
 garbage-first heap   total 106496K, used 60895K [0x00000000c0000000, 0x0000000100000000)
  region size 1024K, 3 young (3072K), 3 survivors (3072K)
 Metaspace       used 42555K, committed 42944K, reserved 1114112K
  class space    used 5326K, committed 5504K, reserved 1048576K
}
Event: 11.549 GC heap before
{Heap before GC invocations=20 (full 0):
 garbage-first heap   total 106496K, used 61919K [0x00000000c0000000, 0x0000000100000000)
  region size 1024K, 5 young (5120K), 3 survivors (3072K)
 Metaspace       used 42774K, committed 43264K, reserved 1114112K
  class space    used 5345K, committed 5568K, reserved 1048576K
}
Event: 11.560 GC heap after
{Heap after GC invocations=21 (full 0):
 garbage-first heap   total 106496K, used 60862K [0x00000000c0000000, 0x0000000100000000)
  region size 1024K, 1 young (1024K), 1 survivors (1024K)
 Metaspace       used 42774K, committed 43264K, reserved 1114112K
  class space    used 5345K, committed 5568K, reserved 1048576K
}
Event: 11.948 GC heap before
{Heap before GC invocations=21 (full 0):
 garbage-first heap   total 106496K, used 80318K [0x00000000c0000000, 0x0000000100000000)
  region size 1024K, 21 young (21504K), 1 survivors (1024K)
 Metaspace       used 44460K, committed 44928K, reserved 1114112K
  class space    used 5476K, committed 5696K, reserved 1048576K
}
Event: 11.958 GC heap after
{Heap after GC invocations=22 (full 0):
 garbage-first heap   total 216064K, used 63250K [0x00000000c0000000, 0x0000000100000000)
  region size 1024K, 3 young (3072K), 3 survivors (3072K)
 Metaspace       used 44460K, committed 44928K, reserved 1114112K
  class space    used 5476K, committed 5696K, reserved 1048576K
}
Event: 12.595 GC heap before
{Heap before GC invocations=23 (full 0):
 garbage-first heap   total 216064K, used 156434K [0x00000000c0000000, 0x0000000100000000)
  region size 1024K, 93 young (95232K), 3 survivors (3072K)
 Metaspace       used 45683K, committed 46144K, reserved 1114112K
  class space    used 5629K, committed 5824K, reserved 1048576K
}
Event: 12.665 GC heap after
{Heap after GC invocations=24 (full 0):
 garbage-first heap   total 216064K, used 84829K [0x00000000c0000000, 0x0000000100000000)
  region size 1024K, 12 young (12288K), 12 survivors (12288K)
 Metaspace       used 45683K, committed 46144K, reserved 1114112K
  class space    used 5629K, committed 5824K, reserved 1048576K
}
Event: 12.675 GC heap before
{Heap before GC invocations=24 (full 0):
 garbage-first heap   total 216064K, used 85853K [0x00000000c0000000, 0x0000000100000000)
  region size 1024K, 13 young (13312K), 12 survivors (12288K)
 Metaspace       used 45756K, committed 46208K, reserved 1114112K
  class space    used 5632K, committed 5824K, reserved 1048576K
}
Event: 12.688 GC heap after
{Heap after GC invocations=25 (full 0):
 garbage-first heap   total 216064K, used 86128K [0x00000000c0000000, 0x0000000100000000)
  region size 1024K, 2 young (2048K), 2 survivors (2048K)
 Metaspace       used 45756K, committed 46208K, reserved 1114112K
  class space    used 5632K, committed 5824K, reserved 1048576K
}
Event: 12.742 GC heap before
{Heap before GC invocations=25 (full 0):
 garbage-first heap   total 216064K, used 148592K [0x00000000c0000000, 0x0000000100000000)
  region size 1024K, 64 young (65536K), 2 survivors (2048K)
 Metaspace       used 45756K, committed 46208K, reserved 1114112K
  class space    used 5632K, committed 5824K, reserved 1048576K
}
Event: 12.745 GC heap after
{Heap after GC invocations=26 (full 0):
 garbage-first heap   total 216064K, used 87828K [0x00000000c0000000, 0x0000000100000000)
  region size 1024K, 3 young (3072K), 3 survivors (3072K)
 Metaspace       used 45756K, committed 46208K, reserved 1114112K
  class space    used 5632K, committed 5824K, reserved 1048576K
}
Event: 12.831 GC heap before
{Heap before GC invocations=26 (full 0):
 garbage-first heap   total 216064K, used 154388K [0x00000000c0000000, 0x0000000100000000)
  region size 1024K, 69 young (70656K), 3 survivors (3072K)
 Metaspace       used 45843K, committed 46272K, reserved 1114112K
  class space    used 5641K, committed 5824K, reserved 1048576K
}
Event: 12.836 GC heap after
{Heap after GC invocations=27 (full 0):
 garbage-first heap   total 216064K, used 90501K [0x00000000c0000000, 0x0000000100000000)
  region size 1024K, 6 young (6144K), 6 survivors (6144K)
 Metaspace       used 45843K, committed 46272K, reserved 1114112K
  class space    used 5641K, committed 5824K, reserved 1048576K
}
Event: 12.987 GC heap before
{Heap before GC invocations=27 (full 0):
 garbage-first heap   total 216064K, used 161157K [0x00000000c0000000, 0x0000000100000000)
  region size 1024K, 76 young (77824K), 6 survivors (6144K)
 Metaspace       used 45884K, committed 46400K, reserved 1114112K
  class space    used 5648K, committed 5888K, reserved 1048576K
}

